<?xml version="1.0" encoding="UTF-8"?>
<coverage generated="1607810296225" clover="3.2.0">
  <project timestamp="1607810296226" name="All files">
    <metrics statements="59" coveredstatements="59" conditionals="32" coveredconditionals="32" methods="11" coveredmethods="11" elements="102" coveredelements="102" complexity="0" loc="59" ncloc="59" packages="1" files="1" classes="1"/>
    <file name="Utils.ts" path="C:\Users\joeku\OneDrive\_junk\ks\tfjs-node-grid-search\src\lib\Utils.ts">
      <metrics statements="59" coveredstatements="59" conditionals="32" coveredconditionals="32" methods="11" coveredmethods="11"/>
      <line num="19" count="1" type="stmt"/>
      <line num="20" count="2" type="cond" truecount="2" falsecount="0"/>
      <line num="21" count="1" type="stmt"/>
      <line num="24" count="1" type="stmt"/>
      <line num="33" count="1" type="stmt"/>
      <line num="34" count="2" type="cond" truecount="2" falsecount="0"/>
      <line num="35" count="1" type="stmt"/>
      <line num="43" count="2" type="stmt"/>
      <line num="45" count="1" type="stmt"/>
      <line num="54" count="1" type="stmt"/>
      <line num="55" count="2" type="cond" truecount="2" falsecount="0"/>
      <line num="56" count="1" type="stmt"/>
      <line num="59" count="1" type="stmt"/>
      <line num="60" count="1" type="stmt"/>
      <line num="62" count="1" type="stmt"/>
      <line num="63" count="2" type="cond" truecount="2" falsecount="0"/>
      <line num="64" count="1" type="stmt"/>
      <line num="67" count="1" type="stmt"/>
      <line num="69" count="1" type="stmt"/>
      <line num="72" count="1" type="stmt"/>
      <line num="80" count="1" type="stmt"/>
      <line num="81" count="3" type="cond" truecount="2" falsecount="0"/>
      <line num="82" count="1" type="stmt"/>
      <line num="85" count="2" type="cond" truecount="2" falsecount="0"/>
      <line num="86" count="1" type="stmt"/>
      <line num="89" count="1" type="stmt"/>
      <line num="97" count="1" type="stmt"/>
      <line num="98" count="6" type="cond" truecount="2" falsecount="0"/>
      <line num="99" count="1" type="stmt"/>
      <line num="102" count="5" type="cond" truecount="2" falsecount="0"/>
      <line num="103" count="2" type="stmt"/>
      <line num="106" count="3" type="stmt"/>
      <line num="114" count="1" type="stmt"/>
      <line num="115" count="3" type="cond" truecount="2" falsecount="0"/>
      <line num="116" count="1" type="stmt"/>
      <line num="119" count="2" type="cond" truecount="2" falsecount="0"/>
      <line num="120" count="1" type="stmt"/>
      <line num="123" count="1" type="stmt"/>
      <line num="133" count="1" type="stmt"/>
      <line num="134" count="3" type="cond" truecount="2" falsecount="0"/>
      <line num="135" count="1" type="stmt"/>
      <line num="138" count="2" type="stmt"/>
      <line num="140" count="2" type="cond" truecount="2" falsecount="0"/>
      <line num="141" count="1" type="stmt"/>
      <line num="144" count="1" type="stmt"/>
      <line num="155" count="1" type="stmt"/>
      <line num="156" count="3" type="cond" truecount="2" falsecount="0"/>
      <line num="157" count="1" type="stmt"/>
      <line num="160" count="2" type="cond" truecount="2" falsecount="0"/>
      <line num="161" count="1" type="stmt"/>
      <line num="164" count="1" type="stmt"/>
      <line num="174" count="1" type="stmt"/>
      <line num="182" count="5" type="stmt"/>
      <line num="184" count="5" type="cond" truecount="4" falsecount="0"/>
      <line num="185" count="3" type="stmt"/>
      <line num="188" count="2" type="stmt"/>
      <line num="197" count="1" type="stmt"/>
      <line num="198" count="2" type="stmt"/>
      <line num="201" count="1" type="stmt"/>
    </file>
  </project>
</coverage>
