{"C:\\Users\\joeku\\OneDrive\\_junk\\ks\\tfjs-node-grid-search\\src\\lib\\Utils.ts": {"path":"C:\\Users\\joeku\\OneDrive\\_junk\\ks\\tfjs-node-grid-search\\src\\lib\\Utils.ts","statementMap":{"0":{"start":{"line":19,"column":15},"end":{"line":25,"column":1}},"1":{"start":{"line":20,"column":1},"end":{"line":22,"column":2}},"2":{"start":{"line":21,"column":2},"end":{"line":21,"column":9}},"3":{"start":{"line":24,"column":1},"end":{"line":24,"column":37}},"4":{"start":{"line":33,"column":30},"end":{"line":46,"column":1}},"5":{"start":{"line":34,"column":1},"end":{"line":36,"column":2}},"6":{"start":{"line":35,"column":2},"end":{"line":35,"column":63}},"7":{"start":{"line":43,"column":13},"end":{"line":43,"column":80}},"8":{"start":{"line":43,"column":50},"end":{"line":43,"column":75}},"9":{"start":{"line":45,"column":1},"end":{"line":45,"column":27}},"10":{"start":{"line":54,"column":37},"end":{"line":73,"column":1}},"11":{"start":{"line":55,"column":1},"end":{"line":57,"column":2}},"12":{"start":{"line":56,"column":2},"end":{"line":56,"column":58}},"13":{"start":{"line":59,"column":22},"end":{"line":59,"column":23}},"14":{"start":{"line":60,"column":20},"end":{"line":60,"column":36}},"15":{"start":{"line":62,"column":1},"end":{"line":70,"column":2}},"16":{"start":{"line":62,"column":14},"end":{"line":62,"column":15}},"17":{"start":{"line":63,"column":2},"end":{"line":65,"column":3}},"18":{"start":{"line":64,"column":3},"end":{"line":64,"column":12}},"19":{"start":{"line":67,"column":2},"end":{"line":67,"column":21}},"20":{"start":{"line":69,"column":2},"end":{"line":69,"column":27}},"21":{"start":{"line":72,"column":1},"end":{"line":72,"column":23}},"22":{"start":{"line":80,"column":32},"end":{"line":90,"column":1}},"23":{"start":{"line":81,"column":1},"end":{"line":83,"column":2}},"24":{"start":{"line":82,"column":2},"end":{"line":82,"column":15}},"25":{"start":{"line":85,"column":1},"end":{"line":87,"column":2}},"26":{"start":{"line":86,"column":2},"end":{"line":86,"column":15}},"27":{"start":{"line":89,"column":1},"end":{"line":89,"column":13}},"28":{"start":{"line":97,"column":32},"end":{"line":107,"column":1}},"29":{"start":{"line":98,"column":1},"end":{"line":100,"column":2}},"30":{"start":{"line":99,"column":2},"end":{"line":99,"column":15}},"31":{"start":{"line":102,"column":1},"end":{"line":104,"column":2}},"32":{"start":{"line":103,"column":2},"end":{"line":103,"column":15}},"33":{"start":{"line":106,"column":1},"end":{"line":106,"column":13}},"34":{"start":{"line":114,"column":29},"end":{"line":124,"column":1}},"35":{"start":{"line":115,"column":1},"end":{"line":117,"column":2}},"36":{"start":{"line":116,"column":2},"end":{"line":116,"column":15}},"37":{"start":{"line":119,"column":1},"end":{"line":121,"column":2}},"38":{"start":{"line":120,"column":2},"end":{"line":120,"column":15}},"39":{"start":{"line":123,"column":1},"end":{"line":123,"column":13}},"40":{"start":{"line":133,"column":20},"end":{"line":145,"column":1}},"41":{"start":{"line":134,"column":1},"end":{"line":136,"column":2}},"42":{"start":{"line":135,"column":2},"end":{"line":135,"column":64}},"43":{"start":{"line":138,"column":1},"end":{"line":138,"column":23}},"44":{"start":{"line":140,"column":1},"end":{"line":142,"column":2}},"45":{"start":{"line":141,"column":2},"end":{"line":141,"column":9}},"46":{"start":{"line":144,"column":1},"end":{"line":144,"column":15}},"47":{"start":{"line":155,"column":27},"end":{"line":165,"column":1}},"48":{"start":{"line":156,"column":1},"end":{"line":158,"column":2}},"49":{"start":{"line":157,"column":2},"end":{"line":157,"column":52}},"50":{"start":{"line":160,"column":1},"end":{"line":162,"column":2}},"51":{"start":{"line":161,"column":2},"end":{"line":161,"column":60}},"52":{"start":{"line":164,"column":1},"end":{"line":164,"column":59}},"53":{"start":{"line":174,"column":27},"end":{"line":189,"column":1}},"54":{"start":{"line":182,"column":19},"end":{"line":182,"column":31}},"55":{"start":{"line":184,"column":1},"end":{"line":186,"column":2}},"56":{"start":{"line":185,"column":2},"end":{"line":185,"column":9}},"57":{"start":{"line":188,"column":1},"end":{"line":188,"column":105}},"58":{"start":{"line":197,"column":28},"end":{"line":208,"column":1}},"59":{"start":{"line":198,"column":1},"end":{"line":198,"column":25}},"60":{"start":{"line":201,"column":1},"end":{"line":207,"column":54}}},"fnMap":{"0":{"name":"(anonymous_0)","decl":{"start":{"line":19,"column":15},"end":{"line":19,"column":16}},"loc":{"start":{"line":19,"column":45},"end":{"line":25,"column":1}},"line":19},"1":{"name":"(anonymous_1)","decl":{"start":{"line":33,"column":30},"end":{"line":33,"column":31}},"loc":{"start":{"line":33,"column":64},"end":{"line":46,"column":1}},"line":33},"2":{"name":"(anonymous_2)","decl":{"start":{"line":43,"column":26},"end":{"line":43,"column":27}},"loc":{"start":{"line":43,"column":49},"end":{"line":43,"column":76}},"line":43},"3":{"name":"(anonymous_3)","decl":{"start":{"line":54,"column":37},"end":{"line":54,"column":38}},"loc":{"start":{"line":54,"column":72},"end":{"line":73,"column":1}},"line":54},"4":{"name":"(anonymous_4)","decl":{"start":{"line":80,"column":32},"end":{"line":80,"column":33}},"loc":{"start":{"line":80,"column":56},"end":{"line":90,"column":1}},"line":80},"5":{"name":"(anonymous_5)","decl":{"start":{"line":97,"column":32},"end":{"line":97,"column":33}},"loc":{"start":{"line":97,"column":56},"end":{"line":107,"column":1}},"line":97},"6":{"name":"(anonymous_6)","decl":{"start":{"line":114,"column":29},"end":{"line":114,"column":30}},"loc":{"start":{"line":114,"column":53},"end":{"line":124,"column":1}},"line":114},"7":{"name":"(anonymous_7)","decl":{"start":{"line":133,"column":20},"end":{"line":133,"column":21}},"loc":{"start":{"line":133,"column":86},"end":{"line":145,"column":1}},"line":133},"8":{"name":"(anonymous_8)","decl":{"start":{"line":155,"column":27},"end":{"line":155,"column":28}},"loc":{"start":{"line":155,"column":87},"end":{"line":165,"column":1}},"line":155},"9":{"name":"(anonymous_9)","decl":{"start":{"line":174,"column":27},"end":{"line":174,"column":28}},"loc":{"start":{"line":174,"column":67},"end":{"line":189,"column":1}},"line":174},"10":{"name":"(anonymous_10)","decl":{"start":{"line":197,"column":28},"end":{"line":197,"column":29}},"loc":{"start":{"line":197,"column":60},"end":{"line":208,"column":1}},"line":197}},"branchMap":{"0":{"loc":{"start":{"line":20,"column":1},"end":{"line":22,"column":2}},"type":"if","locations":[{"start":{"line":20,"column":1},"end":{"line":22,"column":2}},{"start":{"line":20,"column":1},"end":{"line":22,"column":2}}],"line":20},"1":{"loc":{"start":{"line":34,"column":1},"end":{"line":36,"column":2}},"type":"if","locations":[{"start":{"line":34,"column":1},"end":{"line":36,"column":2}},{"start":{"line":34,"column":1},"end":{"line":36,"column":2}}],"line":34},"2":{"loc":{"start":{"line":55,"column":1},"end":{"line":57,"column":2}},"type":"if","locations":[{"start":{"line":55,"column":1},"end":{"line":57,"column":2}},{"start":{"line":55,"column":1},"end":{"line":57,"column":2}}],"line":55},"3":{"loc":{"start":{"line":63,"column":2},"end":{"line":65,"column":3}},"type":"if","locations":[{"start":{"line":63,"column":2},"end":{"line":65,"column":3}},{"start":{"line":63,"column":2},"end":{"line":65,"column":3}}],"line":63},"4":{"loc":{"start":{"line":81,"column":1},"end":{"line":83,"column":2}},"type":"if","locations":[{"start":{"line":81,"column":1},"end":{"line":83,"column":2}},{"start":{"line":81,"column":1},"end":{"line":83,"column":2}}],"line":81},"5":{"loc":{"start":{"line":85,"column":1},"end":{"line":87,"column":2}},"type":"if","locations":[{"start":{"line":85,"column":1},"end":{"line":87,"column":2}},{"start":{"line":85,"column":1},"end":{"line":87,"column":2}}],"line":85},"6":{"loc":{"start":{"line":98,"column":1},"end":{"line":100,"column":2}},"type":"if","locations":[{"start":{"line":98,"column":1},"end":{"line":100,"column":2}},{"start":{"line":98,"column":1},"end":{"line":100,"column":2}}],"line":98},"7":{"loc":{"start":{"line":102,"column":1},"end":{"line":104,"column":2}},"type":"if","locations":[{"start":{"line":102,"column":1},"end":{"line":104,"column":2}},{"start":{"line":102,"column":1},"end":{"line":104,"column":2}}],"line":102},"8":{"loc":{"start":{"line":115,"column":1},"end":{"line":117,"column":2}},"type":"if","locations":[{"start":{"line":115,"column":1},"end":{"line":117,"column":2}},{"start":{"line":115,"column":1},"end":{"line":117,"column":2}}],"line":115},"9":{"loc":{"start":{"line":119,"column":1},"end":{"line":121,"column":2}},"type":"if","locations":[{"start":{"line":119,"column":1},"end":{"line":121,"column":2}},{"start":{"line":119,"column":1},"end":{"line":121,"column":2}}],"line":119},"10":{"loc":{"start":{"line":134,"column":1},"end":{"line":136,"column":2}},"type":"if","locations":[{"start":{"line":134,"column":1},"end":{"line":136,"column":2}},{"start":{"line":134,"column":1},"end":{"line":136,"column":2}}],"line":134},"11":{"loc":{"start":{"line":140,"column":1},"end":{"line":142,"column":2}},"type":"if","locations":[{"start":{"line":140,"column":1},"end":{"line":142,"column":2}},{"start":{"line":140,"column":1},"end":{"line":142,"column":2}}],"line":140},"12":{"loc":{"start":{"line":156,"column":1},"end":{"line":158,"column":2}},"type":"if","locations":[{"start":{"line":156,"column":1},"end":{"line":158,"column":2}},{"start":{"line":156,"column":1},"end":{"line":158,"column":2}}],"line":156},"13":{"loc":{"start":{"line":160,"column":1},"end":{"line":162,"column":2}},"type":"if","locations":[{"start":{"line":160,"column":1},"end":{"line":162,"column":2}},{"start":{"line":160,"column":1},"end":{"line":162,"column":2}}],"line":160},"14":{"loc":{"start":{"line":184,"column":1},"end":{"line":186,"column":2}},"type":"if","locations":[{"start":{"line":184,"column":1},"end":{"line":186,"column":2}},{"start":{"line":184,"column":1},"end":{"line":186,"column":2}}],"line":184},"15":{"loc":{"start":{"line":184,"column":5},"end":{"line":184,"column":68}},"type":"binary-expr","locations":[{"start":{"line":184,"column":5},"end":{"line":184,"column":34}},{"start":{"line":184,"column":38},"end":{"line":184,"column":68}}],"line":184}},"s":{"0":1,"1":2,"2":1,"3":1,"4":1,"5":2,"6":1,"7":1,"8":2,"9":1,"10":1,"11":2,"12":1,"13":1,"14":1,"15":1,"16":1,"17":2,"18":1,"19":1,"20":1,"21":1,"22":1,"23":3,"24":1,"25":2,"26":1,"27":1,"28":1,"29":6,"30":1,"31":5,"32":2,"33":3,"34":1,"35":3,"36":1,"37":2,"38":1,"39":1,"40":1,"41":3,"42":1,"43":2,"44":2,"45":1,"46":1,"47":1,"48":3,"49":1,"50":2,"51":1,"52":1,"53":1,"54":5,"55":5,"56":3,"57":2,"58":1,"59":2,"60":1},"f":{"0":2,"1":2,"2":2,"3":2,"4":3,"5":6,"6":3,"7":3,"8":3,"9":5,"10":2},"b":{"0":[1,1],"1":[1,1],"2":[1,1],"3":[1,1],"4":[1,2],"5":[1,1],"6":[1,5],"7":[2,3],"8":[1,2],"9":[1,1],"10":[1,2],"11":[1,1],"12":[1,2],"13":[1,1],"14":[3,2],"15":[5,4]},"_coverageSchema":"1a1c01bbd47fc00a2c39e90264f33305004495a9","hash":"eb382decc591d2f11dde87f5d278be2c61128d77"}
}
