{"C:\\Users\\joeku\\OneDrive\\_junk\\ks\\tfjs-node-grid-search\\src\\main.ts": {"path":"C:\\Users\\joeku\\OneDrive\\_junk\\ks\\tfjs-node-grid-search\\src\\main.ts","statementMap":{"0":{"start":{"line":10,"column":0},"end":{"line":10,"column":28}},"1":{"start":{"line":13,"column":0},"end":{"line":13,"column":9}},"2":{"start":{"line":13,"column":9},"end":{"line":13,"column":15}},"3":{"start":{"line":13,"column":15},"end":{"line":13,"column":29}},"4":{"start":{"line":13,"column":29},"end":{"line":13,"column":40}},"5":{"start":{"line":13,"column":40},"end":{"line":13,"column":70}},"6":{"start":{"line":14,"column":0},"end":{"line":14,"column":9}},"7":{"start":{"line":14,"column":9},"end":{"line":14,"column":44}},"8":{"start":{"line":15,"column":0},"end":{"line":15,"column":9}},"9":{"start":{"line":15,"column":9},"end":{"line":15,"column":60}},"10":{"start":{"line":16,"column":0},"end":{"line":16,"column":9}},"11":{"start":{"line":16,"column":9},"end":{"line":16,"column":44}},"12":{"start":{"line":17,"column":0},"end":{"line":17,"column":9}},"13":{"start":{"line":17,"column":9},"end":{"line":17,"column":56}},"14":{"start":{"line":18,"column":0},"end":{"line":18,"column":9}},"15":{"start":{"line":18,"column":9},"end":{"line":18,"column":49}},"16":{"start":{"line":19,"column":0},"end":{"line":19,"column":9}},"17":{"start":{"line":19,"column":9},"end":{"line":19,"column":56}},"18":{"start":{"line":20,"column":0},"end":{"line":20,"column":43}},"19":{"start":{"line":21,"column":0},"end":{"line":21,"column":9}},"20":{"start":{"line":21,"column":9},"end":{"line":21,"column":53}},"21":{"start":{"line":22,"column":0},"end":{"line":22,"column":9}},"22":{"start":{"line":22,"column":9},"end":{"line":22,"column":39}},"23":{"start":{"line":23,"column":0},"end":{"line":23,"column":9}},"24":{"start":{"line":23,"column":9},"end":{"line":23,"column":52}},"25":{"start":{"line":24,"column":0},"end":{"line":24,"column":9}},"26":{"start":{"line":24,"column":9},"end":{"line":24,"column":53}},"27":{"start":{"line":25,"column":0},"end":{"line":25,"column":9}},"28":{"start":{"line":25,"column":9},"end":{"line":25,"column":59}},"29":{"start":{"line":26,"column":0},"end":{"line":26,"column":9}},"30":{"start":{"line":26,"column":9},"end":{"line":26,"column":52}},"31":{"start":{"line":27,"column":0},"end":{"line":27,"column":9}},"32":{"start":{"line":27,"column":9},"end":{"line":27,"column":53}},"33":{"start":{"line":28,"column":0},"end":{"line":28,"column":9}},"34":{"start":{"line":28,"column":9},"end":{"line":28,"column":57}},"35":{"start":{"line":29,"column":0},"end":{"line":29,"column":9}},"36":{"start":{"line":29,"column":9},"end":{"line":29,"column":67}},"37":{"start":{"line":30,"column":0},"end":{"line":30,"column":9}},"38":{"start":{"line":30,"column":9},"end":{"line":30,"column":51}},"39":{"start":{"line":31,"column":0},"end":{"line":31,"column":9}},"40":{"start":{"line":31,"column":9},"end":{"line":31,"column":82}},"41":{"start":{"line":32,"column":0},"end":{"line":32,"column":9}},"42":{"start":{"line":32,"column":9},"end":{"line":32,"column":79}},"43":{"start":{"line":33,"column":0},"end":{"line":33,"column":9}},"44":{"start":{"line":33,"column":9},"end":{"line":33,"column":74}},"45":{"start":{"line":34,"column":0},"end":{"line":34,"column":9}},"46":{"start":{"line":34,"column":9},"end":{"line":34,"column":51}},"47":{"start":{"line":35,"column":0},"end":{"line":35,"column":42}}},"fnMap":{"0":{"name":"(anonymous_7)","decl":{"start":{"line":13,"column":9},"end":{"line":13,"column":13}},"loc":{"start":{"line":13,"column":9},"end":{"line":13,"column":15}}},"1":{"name":"(anonymous_8)","decl":{"start":{"line":13,"column":15},"end":{"line":13,"column":27}},"loc":{"start":{"line":13,"column":15},"end":{"line":13,"column":29}}},"2":{"name":"(anonymous_9)","decl":{"start":{"line":13,"column":29},"end":{"line":13,"column":38}},"loc":{"start":{"line":13,"column":29},"end":{"line":13,"column":40}}},"3":{"name":"(anonymous_10)","decl":{"start":{"line":13,"column":40},"end":{"line":13,"column":49}},"loc":{"start":{"line":13,"column":40},"end":{"line":13,"column":70}}},"4":{"name":"(anonymous_11)","decl":{"start":{"line":14,"column":9},"end":{"line":14,"column":16}},"loc":{"start":{"line":14,"column":9},"end":{"line":14,"column":44}}},"5":{"name":"(anonymous_12)","decl":{"start":{"line":15,"column":9},"end":{"line":15,"column":25}},"loc":{"start":{"line":15,"column":9},"end":{"line":15,"column":60}}},"6":{"name":"(anonymous_13)","decl":{"start":{"line":16,"column":9},"end":{"line":16,"column":16}},"loc":{"start":{"line":16,"column":9},"end":{"line":16,"column":44}}},"7":{"name":"(anonymous_14)","decl":{"start":{"line":17,"column":9},"end":{"line":17,"column":23}},"loc":{"start":{"line":17,"column":9},"end":{"line":17,"column":56}}},"8":{"name":"(anonymous_15)","decl":{"start":{"line":18,"column":9},"end":{"line":18,"column":19}},"loc":{"start":{"line":18,"column":9},"end":{"line":18,"column":49}}},"9":{"name":"(anonymous_16)","decl":{"start":{"line":19,"column":9},"end":{"line":19,"column":23}},"loc":{"start":{"line":19,"column":9},"end":{"line":19,"column":56}}},"10":{"name":"(anonymous_17)","decl":{"start":{"line":21,"column":9},"end":{"line":21,"column":21}},"loc":{"start":{"line":21,"column":9},"end":{"line":21,"column":53}}},"11":{"name":"(anonymous_18)","decl":{"start":{"line":22,"column":9},"end":{"line":22,"column":13}},"loc":{"start":{"line":22,"column":9},"end":{"line":22,"column":39}}},"12":{"name":"(anonymous_19)","decl":{"start":{"line":23,"column":9},"end":{"line":23,"column":20}},"loc":{"start":{"line":23,"column":9},"end":{"line":23,"column":52}}},"13":{"name":"(anonymous_20)","decl":{"start":{"line":24,"column":9},"end":{"line":24,"column":21}},"loc":{"start":{"line":24,"column":9},"end":{"line":24,"column":53}}},"14":{"name":"(anonymous_21)","decl":{"start":{"line":25,"column":9},"end":{"line":25,"column":24}},"loc":{"start":{"line":25,"column":9},"end":{"line":25,"column":59}}},"15":{"name":"(anonymous_22)","decl":{"start":{"line":26,"column":9},"end":{"line":26,"column":20}},"loc":{"start":{"line":26,"column":9},"end":{"line":26,"column":52}}},"16":{"name":"(anonymous_23)","decl":{"start":{"line":27,"column":9},"end":{"line":27,"column":21}},"loc":{"start":{"line":27,"column":9},"end":{"line":27,"column":53}}},"17":{"name":"(anonymous_24)","decl":{"start":{"line":28,"column":9},"end":{"line":28,"column":23}},"loc":{"start":{"line":28,"column":9},"end":{"line":28,"column":57}}},"18":{"name":"(anonymous_25)","decl":{"start":{"line":29,"column":9},"end":{"line":29,"column":29}},"loc":{"start":{"line":29,"column":9},"end":{"line":29,"column":67}}},"19":{"name":"(anonymous_26)","decl":{"start":{"line":30,"column":9},"end":{"line":30,"column":20}},"loc":{"start":{"line":30,"column":9},"end":{"line":30,"column":51}}},"20":{"name":"(anonymous_27)","decl":{"start":{"line":31,"column":9},"end":{"line":31,"column":31}},"loc":{"start":{"line":31,"column":9},"end":{"line":31,"column":82}}},"21":{"name":"(anonymous_28)","decl":{"start":{"line":32,"column":9},"end":{"line":32,"column":29}},"loc":{"start":{"line":32,"column":9},"end":{"line":32,"column":79}}},"22":{"name":"(anonymous_29)","decl":{"start":{"line":33,"column":9},"end":{"line":33,"column":26}},"loc":{"start":{"line":33,"column":9},"end":{"line":33,"column":74}}},"23":{"name":"(anonymous_30)","decl":{"start":{"line":34,"column":9},"end":{"line":34,"column":20}},"loc":{"start":{"line":34,"column":9},"end":{"line":34,"column":51}}}},"branchMap":{},"s":{"0":1,"1":1,"2":1,"3":1,"4":1,"5":1,"6":1,"7":1,"8":1,"9":1,"10":1,"11":5,"12":1,"13":1,"14":1,"15":1,"16":1,"17":1,"18":1,"19":1,"20":1,"21":1,"22":1,"23":1,"24":1,"25":1,"26":1,"27":1,"28":1,"29":1,"30":1,"31":1,"32":1,"33":1,"34":1,"35":1,"36":1,"37":1,"38":1,"39":1,"40":1,"41":1,"42":1,"43":1,"44":1,"45":1,"46":6,"47":1},"f":{"0":0,"1":0,"2":0,"3":0,"4":0,"5":0,"6":4,"7":0,"8":0,"9":0,"10":0,"11":0,"12":0,"13":0,"14":0,"15":0,"16":0,"17":0,"18":0,"19":0,"20":0,"21":0,"22":0,"23":5},"b":{},"_coverageSchema":"1a1c01bbd47fc00a2c39e90264f33305004495a9","hash":"fc3225f8871c0b2064dfb73536662f2c01d1c7f1"}
,"C:\\Users\\joeku\\OneDrive\\_junk\\ks\\tfjs-node-grid-search\\src\\lib\\Axis.ts": {"path":"C:\\Users\\joeku\\OneDrive\\_junk\\ks\\tfjs-node-grid-search\\src\\lib\\Axis.ts","statementMap":{"0":{"start":{"line":49,"column":21},"end":{"line":49,"column":38}},"1":{"start":{"line":50,"column":12},"end":{"line":50,"column":31}},"2":{"start":{"line":51,"column":12},"end":{"line":51,"column":29}},"3":{"start":{"line":52,"column":12},"end":{"line":52,"column":37}},"4":{"start":{"line":37,"column":9},"end":{"line":37,"column":26}},"5":{"start":{"line":38,"column":9},"end":{"line":38,"column":24}},"6":{"start":{"line":53,"column":2},"end":{"line":53,"column":65}},"7":{"start":{"line":55,"column":2},"end":{"line":55,"column":33}},"8":{"start":{"line":56,"column":2},"end":{"line":56,"column":35}},"9":{"start":{"line":58,"column":2},"end":{"line":58,"column":55}},"10":{"start":{"line":75,"column":26},"end":{"line":75,"column":46}},"11":{"start":{"line":77,"column":2},"end":{"line":79,"column":null}},"12":{"start":{"line":78,"column":3},"end":{"line":78,"column":92}},"13":{"start":{"line":81,"column":2},"end":{"line":83,"column":null}},"14":{"start":{"line":82,"column":3},"end":{"line":82,"column":90}},"15":{"start":{"line":85,"column":2},"end":{"line":87,"column":null}},"16":{"start":{"line":86,"column":3},"end":{"line":86,"column":92}},"17":{"start":{"line":89,"column":23},"end":{"line":89,"column":56}},"18":{"start":{"line":93,"column":2},"end":{"line":96,"column":null}},"19":{"start":{"line":94,"column":3},"end":{"line":95,"column":92}},"20":{"start":{"line":98,"column":2},"end":{"line":98,"column":36}},"21":{"start":{"line":101,"column":22},"end":{"line":101,"column":44}},"22":{"start":{"line":102,"column":26},"end":{"line":102,"column":48}},"23":{"start":{"line":108,"column":2},"end":{"line":108,"column":30}},"24":{"start":{"line":117,"column":28},"end":{"line":117,"column":51}},"25":{"start":{"line":119,"column":2},"end":{"line":119,"column":85}},"26":{"start":{"line":127,"column":2},"end":{"line":129,"column":49}},"27":{"start":{"line":136,"column":2},"end":{"line":136,"column":28}},"28":{"start":{"line":146,"column":24},"end":{"line":148,"column":45}},"29":{"start":{"line":150,"column":22},"end":{"line":157,"column":46}},"30":{"start":{"line":159,"column":2},"end":{"line":159,"column":21}},"31":{"start":{"line":175,"column":20},"end":{"line":175,"column":22}},"32":{"start":{"line":177,"column":2},"end":{"line":213,"column":null}},"33":{"start":{"line":181,"column":4},"end":{"line":183,"column":null}},"34":{"start":{"line":182,"column":5},"end":{"line":182,"column":17}},"35":{"start":{"line":185,"column":4},"end":{"line":185,"column":46}},"36":{"start":{"line":187,"column":3},"end":{"line":187,"column":9}},"37":{"start":{"line":191,"column":4},"end":{"line":193,"column":null}},"38":{"start":{"line":192,"column":5},"end":{"line":192,"column":17}},"39":{"start":{"line":195,"column":4},"end":{"line":195,"column":50}},"40":{"start":{"line":197,"column":3},"end":{"line":197,"column":9}},"41":{"start":{"line":202,"column":4},"end":{"line":204,"column":null}},"42":{"start":{"line":203,"column":5},"end":{"line":203,"column":17}},"43":{"start":{"line":206,"column":4},"end":{"line":206,"column":51}},"44":{"start":{"line":208,"column":3},"end":{"line":208,"column":9}},"45":{"start":{"line":211,"column":4},"end":{"line":211,"column":43}},"46":{"start":{"line":215,"column":2},"end":{"line":215,"column":69}},"47":{"start":{"line":217,"column":2},"end":{"line":217,"column":15}},"48":{"start":{"line":234,"column":20},"end":{"line":234,"column":22}},"49":{"start":{"line":236,"column":2},"end":{"line":264,"column":null}},"50":{"start":{"line":242,"column":4},"end":{"line":244,"column":null}},"51":{"start":{"line":243,"column":5},"end":{"line":243,"column":17}},"52":{"start":{"line":246,"column":4},"end":{"line":246,"column":46}},"53":{"start":{"line":248,"column":3},"end":{"line":248,"column":9}},"54":{"start":{"line":253,"column":4},"end":{"line":255,"column":null}},"55":{"start":{"line":254,"column":5},"end":{"line":254,"column":17}},"56":{"start":{"line":257,"column":4},"end":{"line":257,"column":44}},"57":{"start":{"line":259,"column":3},"end":{"line":259,"column":9}},"58":{"start":{"line":262,"column":4},"end":{"line":262,"column":43}},"59":{"start":{"line":266,"column":2},"end":{"line":266,"column":69}},"60":{"start":{"line":268,"column":2},"end":{"line":268,"column":15}},"61":{"start":{"line":278,"column":2},"end":{"line":289,"column":null}},"62":{"start":{"line":279,"column":32},"end":{"line":279,"column":60}},"63":{"start":{"line":280,"column":29},"end":{"line":280,"column":53}},"64":{"start":{"line":281,"column":29},"end":{"line":281,"column":53}},"65":{"start":{"line":282,"column":32},"end":{"line":282,"column":60}},"66":{"start":{"line":283,"column":30},"end":{"line":283,"column":55}},"67":{"start":{"line":284,"column":36},"end":{"line":284,"column":70}},"68":{"start":{"line":287,"column":4},"end":{"line":287,"column":76}},"69":{"start":{"line":321,"column":47},"end":{"line":331,"column":2}},"70":{"start":{"line":333,"column":0},"end":{"line":333,"column":28}},"71":{"start":{"line":341,"column":44},"end":{"line":351,"column":2}},"72":{"start":{"line":353,"column":0},"end":{"line":353,"column":25}},"73":{"start":{"line":361,"column":44},"end":{"line":393,"column":2}},"74":{"start":{"line":395,"column":0},"end":{"line":395,"column":25}},"75":{"start":{"line":398,"column":41},"end":{"line":398,"column":87}},"76":{"start":{"line":399,"column":40},"end":{"line":399,"column":83}},"77":{"start":{"line":400,"column":35},"end":{"line":400,"column":69}},"78":{"start":{"line":401,"column":36},"end":{"line":401,"column":73}},"79":{"start":{"line":402,"column":37},"end":{"line":402,"column":76}},"80":{"start":{"line":405,"column":0},"end":{"line":405,"column":20}},"81":{"start":{"line":17,"column":0},"end":{"line":17,"column":50}},"82":{"start":{"line":19,"column":0},"end":{"line":19,"column":33}},"83":{"start":{"line":407,"column":9},"end":{"line":407,"column":13}},"84":{"start":{"line":407,"column":15},"end":{"line":407,"column":27}},"85":{"start":{"line":407,"column":29},"end":{"line":407,"column":38}},"86":{"start":{"line":407,"column":40},"end":{"line":407,"column":49}}},"fnMap":{"0":{"name":"(anonymous_0)","decl":{"start":{"line":49,"column":1},"end":{"line":49,"column":21}},"loc":{"start":{"line":52,"column":37},"end":{"line":99,"column":2}}},"1":{"name":"(anonymous_1)","decl":{"start":{"line":101,"column":1},"end":{"line":101,"column":5}},"loc":{"start":{"line":101,"column":9},"end":{"line":101,"column":46}}},"2":{"name":"(anonymous_2)","decl":{"start":{"line":102,"column":1},"end":{"line":102,"column":5}},"loc":{"start":{"line":102,"column":13},"end":{"line":102,"column":50}}},"3":{"name":"(anonymous_3)","decl":{"start":{"line":107,"column":1},"end":{"line":107,"column":8}},"loc":{"start":{"line":107,"column":8},"end":{"line":109,"column":2}}},"4":{"name":"(anonymous_4)","decl":{"start":{"line":116,"column":1},"end":{"line":116,"column":18}},"loc":{"start":{"line":116,"column":18},"end":{"line":120,"column":2}}},"5":{"name":"(anonymous_5)","decl":{"start":{"line":126,"column":1},"end":{"line":126,"column":14}},"loc":{"start":{"line":126,"column":14},"end":{"line":130,"column":2}}},"6":{"name":"(anonymous_6)","decl":{"start":{"line":135,"column":1},"end":{"line":135,"column":6}},"loc":{"start":{"line":135,"column":6},"end":{"line":137,"column":2}}},"7":{"name":"(anonymous_7)","decl":{"start":{"line":145,"column":1},"end":{"line":145,"column":12}},"loc":{"start":{"line":145,"column":29},"end":{"line":160,"column":2}}},"8":{"name":"(anonymous_8)","decl":{"start":{"line":171,"column":1},"end":{"line":171,"column":7}},"loc":{"start":{"line":171,"column":91},"end":{"line":218,"column":2}}},"9":{"name":"(anonymous_9)","decl":{"start":{"line":230,"column":1},"end":{"line":230,"column":7}},"loc":{"start":{"line":230,"column":104},"end":{"line":269,"column":2}}},"10":{"name":"(anonymous_10)","decl":{"start":{"line":277,"column":1},"end":{"line":277,"column":7}},"loc":{"start":{"line":277,"column":35},"end":{"line":290,"column":2}}}},"branchMap":{"0":{"loc":{"start":{"line":53,"column":17},"end":{"line":53,"column":31}},"type":"binary-expr","locations":[{"start":{"line":53,"column":17},"end":{"line":53,"column":31}},{"start":{"line":53,"column":35},"end":{"line":53,"column":63}}]},"1":{"loc":{"start":{"line":77,"column":2},"end":{"line":79,"column":null}},"type":"if","locations":[{"start":{"line":77,"column":2},"end":{"line":79,"column":null}},{"start":{"line":77,"column":2},"end":{"line":79,"column":null}}]},"2":{"loc":{"start":{"line":81,"column":2},"end":{"line":83,"column":null}},"type":"if","locations":[{"start":{"line":81,"column":2},"end":{"line":83,"column":null}},{"start":{"line":81,"column":2},"end":{"line":83,"column":null}}]},"3":{"loc":{"start":{"line":85,"column":2},"end":{"line":87,"column":null}},"type":"if","locations":[{"start":{"line":85,"column":2},"end":{"line":87,"column":null}},{"start":{"line":85,"column":2},"end":{"line":87,"column":null}}]},"4":{"loc":{"start":{"line":93,"column":2},"end":{"line":96,"column":null}},"type":"if","locations":[{"start":{"line":93,"column":2},"end":{"line":96,"column":null}},{"start":{"line":93,"column":2},"end":{"line":96,"column":null}}]},"5":{"loc":{"start":{"line":119,"column":45},"end":{"line":119,"column":62}},"type":"cond-expr","locations":[{"start":{"line":119,"column":45},"end":{"line":119,"column":62}},{"start":{"line":119,"column":65},"end":{"line":119,"column":83}}]},"6":{"loc":{"start":{"line":128,"column":6},"end":{"line":128,"column":47}},"type":"cond-expr","locations":[{"start":{"line":128,"column":6},"end":{"line":128,"column":47}},{"start":{"line":129,"column":6},"end":{"line":129,"column":47}}]},"7":{"loc":{"start":{"line":147,"column":10},"end":{"line":147,"column":34}},"type":"cond-expr","locations":[{"start":{"line":147,"column":10},"end":{"line":147,"column":34}},{"start":{"line":148,"column":10},"end":{"line":148,"column":45}}]},"8":{"loc":{"start":{"line":153,"column":10},"end":{"line":153,"column":12}},"type":"cond-expr","locations":[{"start":{"line":153,"column":10},"end":{"line":153,"column":12}},{"start":{"line":154,"column":11},"end":{"line":157,"column":44}}]},"9":{"loc":{"start":{"line":178,"column":3},"end":{"line":178,"column":29}},"type":"switch","locations":[{"start":{"line":178,"column":3},"end":{"line":178,"column":29}},{"start":{"line":179,"column":3},"end":{"line":179,"column":25}},{"start":{"line":180,"column":3},"end":{"line":187,"column":9}},{"start":{"line":189,"column":3},"end":{"line":197,"column":9}},{"start":{"line":199,"column":3},"end":{"line":199,"column":29}},{"start":{"line":200,"column":3},"end":{"line":208,"column":9}},{"start":{"line":210,"column":3},"end":{"line":212,"column":null}}]},"10":{"loc":{"start":{"line":181,"column":4},"end":{"line":183,"column":null}},"type":"if","locations":[{"start":{"line":181,"column":4},"end":{"line":183,"column":null}},{"start":{"line":181,"column":4},"end":{"line":183,"column":null}}]},"11":{"loc":{"start":{"line":191,"column":4},"end":{"line":193,"column":null}},"type":"if","locations":[{"start":{"line":191,"column":4},"end":{"line":193,"column":null}},{"start":{"line":191,"column":4},"end":{"line":193,"column":null}}]},"12":{"loc":{"start":{"line":202,"column":4},"end":{"line":204,"column":null}},"type":"if","locations":[{"start":{"line":202,"column":4},"end":{"line":204,"column":null}},{"start":{"line":202,"column":4},"end":{"line":204,"column":null}}]},"13":{"loc":{"start":{"line":238,"column":3},"end":{"line":238,"column":29}},"type":"switch","locations":[{"start":{"line":238,"column":3},"end":{"line":238,"column":29}},{"start":{"line":239,"column":3},"end":{"line":239,"column":25}},{"start":{"line":240,"column":3},"end":{"line":240,"column":26}},{"start":{"line":241,"column":3},"end":{"line":248,"column":9}},{"start":{"line":251,"column":3},"end":{"line":251,"column":29}},{"start":{"line":252,"column":3},"end":{"line":259,"column":9}},{"start":{"line":261,"column":3},"end":{"line":263,"column":null}}]},"14":{"loc":{"start":{"line":242,"column":4},"end":{"line":244,"column":null}},"type":"if","locations":[{"start":{"line":242,"column":4},"end":{"line":244,"column":null}},{"start":{"line":242,"column":4},"end":{"line":244,"column":null}}]},"15":{"loc":{"start":{"line":253,"column":4},"end":{"line":255,"column":null}},"type":"if","locations":[{"start":{"line":253,"column":4},"end":{"line":255,"column":null}},{"start":{"line":253,"column":4},"end":{"line":255,"column":null}}]},"16":{"loc":{"start":{"line":279,"column":3},"end":{"line":279,"column":60}},"type":"switch","locations":[{"start":{"line":279,"column":3},"end":{"line":279,"column":60}},{"start":{"line":280,"column":3},"end":{"line":280,"column":53}},{"start":{"line":281,"column":3},"end":{"line":281,"column":53}},{"start":{"line":282,"column":3},"end":{"line":282,"column":60}},{"start":{"line":283,"column":3},"end":{"line":283,"column":55}},{"start":{"line":284,"column":3},"end":{"line":284,"column":70}},{"start":{"line":286,"column":3},"end":{"line":288,"column":null}}]}},"s":{"0":0,"1":0,"2":0,"3":0,"4":0,"5":0,"6":0,"7":0,"8":0,"9":0,"10":0,"11":0,"12":0,"13":0,"14":0,"15":0,"16":0,"17":0,"18":0,"19":0,"20":0,"21":0,"22":0,"23":0,"24":0,"25":0,"26":0,"27":0,"28":0,"29":0,"30":0,"31":0,"32":0,"33":0,"34":0,"35":0,"36":0,"37":0,"38":0,"39":0,"40":0,"41":0,"42":0,"43":0,"44":0,"45":0,"46":0,"47":0,"48":0,"49":0,"50":0,"51":0,"52":0,"53":0,"54":0,"55":0,"56":0,"57":0,"58":0,"59":0,"60":0,"61":0,"62":0,"63":0,"64":0,"65":1,"66":1,"67":1,"68":1,"69":3,"70":3,"71":3,"72":3,"73":3,"74":3,"75":3,"76":3,"77":2,"78":2,"79":2,"80":2,"81":1,"82":1,"83":1,"84":1,"85":1,"86":1},"f":{"0":0,"1":0,"2":0,"3":0,"4":0,"5":0,"6":0,"7":0,"8":0,"9":0,"10":0},"b":{"0":[0,0],"1":[0,0],"2":[0,0],"3":[0,0],"4":[0,0],"5":[0,0],"6":[0,0],"7":[0,0],"8":[0,0],"9":[0,0,0,0,0,0,0],"10":[0,0],"11":[0,0],"12":[0,0],"13":[0,0,0,0,0,0,0],"14":[0,0],"15":[0,0],"16":[0,0,0,0,0,0,0]},"_coverageSchema":"1a1c01bbd47fc00a2c39e90264f33305004495a9","hash":"3c44eb0038797b754867f9bf727d52a861ef6158"}
,"C:\\Users\\joeku\\OneDrive\\_junk\\ks\\tfjs-node-grid-search\\src\\lib\\AxisSet.ts": {"path":"C:\\Users\\joeku\\OneDrive\\_junk\\ks\\tfjs-node-grid-search\\src\\lib\\AxisSet.ts","statementMap":{"0":{"start":{"line":18,"column":21},"end":{"line":18,"column":39}},"1":{"start":{"line":21,"column":47},"end":{"line":21,"column":49}},"2":{"start":{"line":23,"column":2},"end":{"line":30,"column":5}},"3":{"start":{"line":25,"column":3},"end":{"line":27,"column":null}},"4":{"start":{"line":26,"column":4},"end":{"line":26,"column":62}},"5":{"start":{"line":29,"column":3},"end":{"line":29,"column":34}},"6":{"start":{"line":38,"column":2},"end":{"line":38,"column":28}},"7":{"start":{"line":40,"column":2},"end":{"line":40,"column":30}},"8":{"start":{"line":49,"column":2},"end":{"line":49,"column":28}},"9":{"start":{"line":51,"column":2},"end":{"line":51,"column":43}},"10":{"start":{"line":59,"column":43},"end":{"line":59,"column":45}},"11":{"start":{"line":61,"column":2},"end":{"line":65,"column":null}},"12":{"start":{"line":61,"column":15},"end":{"line":61,"column":16}},"13":{"start":{"line":62,"column":16},"end":{"line":62,"column":29}},"14":{"start":{"line":64,"column":3},"end":{"line":64,"column":52}},"15":{"start":{"line":67,"column":2},"end":{"line":67,"column":16}},"16":{"start":{"line":75,"column":2},"end":{"line":75,"column":27}},"17":{"start":{"line":83,"column":2},"end":{"line":83,"column":28}},"18":{"start":{"line":85,"column":2},"end":{"line":85,"column":28}},"19":{"start":{"line":93,"column":2},"end":{"line":93,"column":29}},"20":{"start":{"line":94,"column":2},"end":{"line":94,"column":44}},"21":{"start":{"line":102,"column":2},"end":{"line":102,"column":31}},"22":{"start":{"line":112,"column":2},"end":{"line":112,"column":28}},"23":{"start":{"line":114,"column":2},"end":{"line":114,"column":48}},"24":{"start":{"line":124,"column":0},"end":{"line":124,"column":23}},"25":{"start":{"line":126,"column":9},"end":{"line":126,"column":16}}},"fnMap":{"0":{"name":"(anonymous_0)","decl":{"start":{"line":18,"column":1},"end":{"line":18,"column":21}},"loc":{"start":{"line":18,"column":39},"end":{"line":31,"column":2}}},"1":{"name":"(anonymous_1)","decl":{"start":{"line":23,"column":21},"end":{"line":23,"column":22}},"loc":{"start":{"line":23,"column":30},"end":{"line":30,"column":3}}},"2":{"name":"(anonymous_2)","decl":{"start":{"line":37,"column":1},"end":{"line":37,"column":12}},"loc":{"start":{"line":37,"column":26},"end":{"line":41,"column":2}}},"3":{"name":"(anonymous_3)","decl":{"start":{"line":48,"column":1},"end":{"line":48,"column":18}},"loc":{"start":{"line":48,"column":32},"end":{"line":52,"column":2}}},"4":{"name":"(anonymous_4)","decl":{"start":{"line":58,"column":1},"end":{"line":58,"column":13}},"loc":{"start":{"line":58,"column":13},"end":{"line":68,"column":2}}},"5":{"name":"(anonymous_5)","decl":{"start":{"line":74,"column":1},"end":{"line":74,"column":13}},"loc":{"start":{"line":74,"column":13},"end":{"line":76,"column":2}}},"6":{"name":"(anonymous_6)","decl":{"start":{"line":82,"column":1},"end":{"line":82,"column":10}},"loc":{"start":{"line":82,"column":24},"end":{"line":86,"column":2}}},"7":{"name":"(anonymous_7)","decl":{"start":{"line":92,"column":1},"end":{"line":92,"column":14}},"loc":{"start":{"line":92,"column":28},"end":{"line":95,"column":2}}},"8":{"name":"(anonymous_8)","decl":{"start":{"line":101,"column":1},"end":{"line":101,"column":5}},"loc":{"start":{"line":101,"column":43},"end":{"line":103,"column":2}}},"9":{"name":"(anonymous_9)","decl":{"start":{"line":111,"column":1},"end":{"line":111,"column":16}},"loc":{"start":{"line":111,"column":48},"end":{"line":115,"column":2}}}},"branchMap":{"0":{"loc":{"start":{"line":25,"column":3},"end":{"line":27,"column":null}},"type":"if","locations":[{"start":{"line":25,"column":3},"end":{"line":27,"column":null}},{"start":{"line":25,"column":3},"end":{"line":27,"column":null}}]}},"s":{"0":0,"1":0,"2":0,"3":0,"4":0,"5":0,"6":0,"7":0,"8":0,"9":0,"10":0,"11":0,"12":0,"13":0,"14":0,"15":0,"16":0,"17":0,"18":0,"19":0,"20":0,"21":0,"22":0,"23":1,"24":2,"25":1},"f":{"0":0,"1":0,"2":0,"3":0,"4":0,"5":0,"6":0,"7":0,"8":0,"9":0},"b":{"0":[0,0]},"_coverageSchema":"1a1c01bbd47fc00a2c39e90264f33305004495a9","hash":"722ecffc38486c2499c296b39b552b73e2114f8a"}
,"C:\\Users\\joeku\\OneDrive\\_junk\\ks\\tfjs-node-grid-search\\src\\lib\\AxisSetTraverser.ts": {"path":"C:\\Users\\joeku\\OneDrive\\_junk\\ks\\tfjs-node-grid-search\\src\\lib\\AxisSetTraverser.ts","statementMap":{"0":{"start":{"line":26,"column":21},"end":{"line":26,"column":38}},"1":{"start":{"line":15,"column":9},"end":{"line":15,"column":24}},"2":{"start":{"line":16,"column":9},"end":{"line":16,"column":28}},"3":{"start":{"line":17,"column":9},"end":{"line":17,"column":69}},"4":{"start":{"line":18,"column":9},"end":{"line":18,"column":30}},"5":{"start":{"line":28,"column":2},"end":{"line":28,"column":49}},"6":{"start":{"line":30,"column":2},"end":{"line":30,"column":26}},"7":{"start":{"line":34,"column":2},"end":{"line":34,"column":41}},"8":{"start":{"line":36,"column":2},"end":{"line":36,"column":28}},"9":{"start":{"line":38,"column":25},"end":{"line":59,"column":3}},"10":{"start":{"line":39,"column":20},"end":{"line":39,"column":22}},"11":{"start":{"line":41,"column":3},"end":{"line":53,"column":null}},"12":{"start":{"line":41,"column":16},"end":{"line":41,"column":17}},"13":{"start":{"line":42,"column":4},"end":{"line":42,"column":28}},"14":{"start":{"line":44,"column":23},"end":{"line":44,"column":45}},"15":{"start":{"line":46,"column":4},"end":{"line":46,"column":54}},"16":{"start":{"line":50,"column":4},"end":{"line":50,"column":36}},"17":{"start":{"line":52,"column":4},"end":{"line":52,"column":19}},"18":{"start":{"line":55,"column":3},"end":{"line":55,"column":58}},"19":{"start":{"line":58,"column":3},"end":{"line":58,"column":27}},"20":{"start":{"line":61,"column":2},"end":{"line":61,"column":19}},"21":{"start":{"line":64,"column":33},"end":{"line":64,"column":62}},"22":{"start":{"line":65,"column":28},"end":{"line":65,"column":51}},"23":{"start":{"line":73,"column":2},"end":{"line":73,"column":35}},"24":{"start":{"line":75,"column":21},"end":{"line":75,"column":22}},"25":{"start":{"line":77,"column":2},"end":{"line":93,"column":null}},"26":{"start":{"line":77,"column":15},"end":{"line":77,"column":16}},"27":{"start":{"line":78,"column":3},"end":{"line":78,"column":32}},"28":{"start":{"line":80,"column":3},"end":{"line":90,"column":null}},"29":{"start":{"line":81,"column":4},"end":{"line":81,"column":31}},"30":{"start":{"line":87,"column":4},"end":{"line":87,"column":19}},"31":{"start":{"line":89,"column":4},"end":{"line":89,"column":13}},"32":{"start":{"line":92,"column":3},"end":{"line":92,"column":10}},"33":{"start":{"line":95,"column":2},"end":{"line":95,"column":51}},"34":{"start":{"line":99,"column":2},"end":{"line":99,"column":25}},"35":{"start":{"line":108,"column":2},"end":{"line":108,"column":38}},"36":{"start":{"line":116,"column":2},"end":{"line":118,"column":5}},"37":{"start":{"line":117,"column":3},"end":{"line":117,"column":27}},"38":{"start":{"line":128,"column":2},"end":{"line":130,"column":null}},"39":{"start":{"line":129,"column":3},"end":{"line":129,"column":85}},"40":{"start":{"line":132,"column":2},"end":{"line":132,"column":50}},"41":{"start":{"line":141,"column":19},"end":{"line":141,"column":21}},"42":{"start":{"line":143,"column":2},"end":{"line":147,"column":null}},"43":{"start":{"line":143,"column":15},"end":{"line":143,"column":16}},"44":{"start":{"line":144,"column":3},"end":{"line":146,"column":33}},"45":{"start":{"line":150,"column":2},"end":{"line":150,"column":56}},"46":{"start":{"line":152,"column":2},"end":{"line":152,"column":20}},"47":{"start":{"line":162,"column":0},"end":{"line":162,"column":32}},"48":{"start":{"line":164,"column":9},"end":{"line":164,"column":25}}},"fnMap":{"0":{"name":"(anonymous_0)","decl":{"start":{"line":26,"column":1},"end":{"line":26,"column":21}},"loc":{"start":{"line":26,"column":38},"end":{"line":62,"column":2}}},"1":{"name":"(anonymous_1)","decl":{"start":{"line":38,"column":25},"end":{"line":38,"column":28}},"loc":{"start":{"line":38,"column":30},"end":{"line":59,"column":3}}},"2":{"name":"(anonymous_2)","decl":{"start":{"line":64,"column":1},"end":{"line":64,"column":5}},"loc":{"start":{"line":64,"column":20},"end":{"line":64,"column":64}}},"3":{"name":"(anonymous_3)","decl":{"start":{"line":65,"column":1},"end":{"line":65,"column":5}},"loc":{"start":{"line":65,"column":14},"end":{"line":65,"column":53}}},"4":{"name":"(anonymous_4)","decl":{"start":{"line":72,"column":1},"end":{"line":72,"column":8}},"loc":{"start":{"line":72,"column":8},"end":{"line":100,"column":2}}},"5":{"name":"(anonymous_5)","decl":{"start":{"line":107,"column":1},"end":{"line":107,"column":22}},"loc":{"start":{"line":107,"column":22},"end":{"line":109,"column":2}}},"6":{"name":"(anonymous_6)","decl":{"start":{"line":115,"column":1},"end":{"line":115,"column":17}},"loc":{"start":{"line":115,"column":59},"end":{"line":119,"column":2}}},"7":{"name":"(anonymous_7)","decl":{"start":{"line":116,"column":21},"end":{"line":116,"column":22}},"loc":{"start":{"line":116,"column":30},"end":{"line":118,"column":3}}},"8":{"name":"(anonymous_8)","decl":{"start":{"line":127,"column":1},"end":{"line":127,"column":26}},"loc":{"start":{"line":127,"column":40},"end":{"line":133,"column":2}}},"9":{"name":"(anonymous_9)","decl":{"start":{"line":140,"column":1},"end":{"line":140,"column":12}},"loc":{"start":{"line":140,"column":29},"end":{"line":153,"column":2}}}},"branchMap":{"0":{"loc":{"start":{"line":80,"column":3},"end":{"line":90,"column":null}},"type":"if","locations":[{"start":{"line":80,"column":3},"end":{"line":90,"column":null}},{"start":{"line":80,"column":3},"end":{"line":90,"column":null}}]},"1":{"loc":{"start":{"line":128,"column":2},"end":{"line":130,"column":null}},"type":"if","locations":[{"start":{"line":128,"column":2},"end":{"line":130,"column":null}},{"start":{"line":128,"column":2},"end":{"line":130,"column":null}}]},"2":{"loc":{"start":{"line":144,"column":28},"end":{"line":144,"column":30}},"type":"cond-expr","locations":[{"start":{"line":144,"column":28},"end":{"line":144,"column":30}},{"start":{"line":144,"column":33},"end":{"line":144,"column":37}}]},"3":{"loc":{"start":{"line":146,"column":20},"end":{"line":146,"column":24}},"type":"cond-expr","locations":[{"start":{"line":146,"column":20},"end":{"line":146,"column":24}},{"start":{"line":146,"column":27},"end":{"line":146,"column":31}}]},"4":{"loc":{"start":{"line":150,"column":46},"end":{"line":150,"column":48}},"type":"cond-expr","locations":[{"start":{"line":150,"column":46},"end":{"line":150,"column":48}},{"start":{"line":150,"column":51},"end":{"line":150,"column":53}}]}},"s":{"0":0,"1":0,"2":0,"3":0,"4":0,"5":0,"6":0,"7":0,"8":0,"9":0,"10":0,"11":0,"12":0,"13":0,"14":0,"15":0,"16":0,"17":0,"18":0,"19":0,"20":0,"21":0,"22":0,"23":0,"24":0,"25":0,"26":0,"27":0,"28":0,"29":0,"30":0,"31":0,"32":0,"33":0,"34":0,"35":0,"36":0,"37":0,"38":0,"39":0,"40":0,"41":0,"42":0,"43":0,"44":0,"45":0,"46":1,"47":2,"48":1},"f":{"0":0,"1":0,"2":0,"3":0,"4":0,"5":0,"6":0,"7":0,"8":0,"9":0},"b":{"0":[0,0],"1":[0,0],"2":[0,0],"3":[0,0],"4":[0,0]},"_coverageSchema":"1a1c01bbd47fc00a2c39e90264f33305004495a9","hash":"dfc6fd1ef497a60854920aaf0d172c55e592060d"}
,"C:\\Users\\joeku\\OneDrive\\_junk\\ks\\tfjs-node-grid-search\\src\\lib\\DataSet.ts": {"path":"C:\\Users\\joeku\\OneDrive\\_junk\\ks\\tfjs-node-grid-search\\src\\lib\\DataSet.ts","statementMap":{"0":{"start":{"line":32,"column":21},"end":{"line":32,"column":43}},"1":{"start":{"line":32,"column":53},"end":{"line":32,"column":74}},"2":{"start":{"line":33,"column":2},"end":{"line":33,"column":42}},"3":{"start":{"line":35,"column":2},"end":{"line":40,"column":null}},"4":{"start":{"line":36,"column":3},"end":{"line":39,"column":16}},"5":{"start":{"line":43,"column":31},"end":{"line":43,"column":51}},"6":{"start":{"line":44,"column":30},"end":{"line":44,"column":51}},"7":{"start":{"line":48,"column":0},"end":{"line":48,"column":23}},"8":{"start":{"line":50,"column":9},"end":{"line":50,"column":16}}},"fnMap":{"0":{"name":"(anonymous_0)","decl":{"start":{"line":32,"column":1},"end":{"line":32,"column":21}},"loc":{"start":{"line":32,"column":74},"end":{"line":41,"column":2}}},"1":{"name":"(anonymous_1)","decl":{"start":{"line":43,"column":1},"end":{"line":43,"column":5}},"loc":{"start":{"line":43,"column":11},"end":{"line":43,"column":53}}},"2":{"name":"(anonymous_2)","decl":{"start":{"line":44,"column":1},"end":{"line":44,"column":5}},"loc":{"start":{"line":44,"column":12},"end":{"line":44,"column":53}}}},"branchMap":{"0":{"loc":{"start":{"line":35,"column":2},"end":{"line":40,"column":null}},"type":"if","locations":[{"start":{"line":35,"column":2},"end":{"line":40,"column":null}},{"start":{"line":35,"column":2},"end":{"line":40,"column":null}}]}},"s":{"0":12,"1":12,"2":8,"3":12,"4":4,"5":9,"6":8,"7":2,"8":1},"f":{"0":12,"1":12,"2":12},"b":{"0":[0,12]},"_coverageSchema":"1a1c01bbd47fc00a2c39e90264f33305004495a9","hash":"bfc2a1d77af6f24bda60d3d6957ab24b85c61247"}
,"C:\\Users\\joeku\\OneDrive\\_junk\\ks\\tfjs-node-grid-search\\src\\lib\\DataSetFetcher.ts": {"path":"C:\\Users\\joeku\\OneDrive\\_junk\\ks\\tfjs-node-grid-search\\src\\lib\\DataSetFetcher.ts","statementMap":{"0":{"start":{"line":29,"column":9},"end":{"line":29,"column":26}},"1":{"start":{"line":30,"column":9},"end":{"line":30,"column":27}},"2":{"start":{"line":42,"column":2},"end":{"line":51,"column":null}},"3":{"start":{"line":44,"column":3},"end":{"line":48,"column":69}},"4":{"start":{"line":50,"column":3},"end":{"line":50,"column":100}},"5":{"start":{"line":53,"column":2},"end":{"line":53,"column":44}},"6":{"start":{"line":55,"column":2},"end":{"line":55,"column":45}},"7":{"start":{"line":63,"column":2},"end":{"line":69,"column":null}},"8":{"start":{"line":64,"column":3},"end":{"line":64,"column":37}},"9":{"start":{"line":66,"column":3},"end":{"line":66,"column":89}},"10":{"start":{"line":68,"column":3},"end":{"line":68,"column":13}},"11":{"start":{"line":78,"column":2},"end":{"line":80,"column":40}},"12":{"start":{"line":82,"column":25},"end":{"line":82,"column":43}},"13":{"start":{"line":84,"column":2},"end":{"line":84,"column":62}},"14":{"start":{"line":86,"column":27},"end":{"line":86,"column":75}},"15":{"start":{"line":88,"column":2},"end":{"line":88,"column":63}},"16":{"start":{"line":90,"column":28},"end":{"line":90,"column":74}},"17":{"start":{"line":92,"column":19},"end":{"line":92,"column":67}},"18":{"start":{"line":94,"column":2},"end":{"line":94,"column":18}},"19":{"start":{"line":99,"column":0},"end":{"line":99,"column":30}},"20":{"start":{"line":7,"column":0},"end":{"line":7,"column":36}},"21":{"start":{"line":8,"column":0},"end":{"line":8,"column":35}},"22":{"start":{"line":9,"column":0},"end":{"line":9,"column":46}},"23":{"start":{"line":101,"column":9},"end":{"line":101,"column":23}}},"fnMap":{"0":{"name":"(anonymous_7)","decl":{"start":{"line":41,"column":1},"end":{"line":41,"column":13}},"loc":{"start":{"line":41,"column":47},"end":{"line":56,"column":2}}},"1":{"name":"(anonymous_8)","decl":{"start":{"line":62,"column":7},"end":{"line":62,"column":12}},"loc":{"start":{"line":62,"column":12},"end":{"line":70,"column":null}}},"2":{"name":"(anonymous_10)","decl":{"start":{"line":77,"column":15},"end":{"line":77,"column":28}},"loc":{"start":{"line":77,"column":28},"end":{"line":95,"column":null}}}},"branchMap":{"0":{"loc":{"start":{"line":42,"column":2},"end":{"line":51,"column":null}},"type":"if","locations":[{"start":{"line":42,"column":2},"end":{"line":51,"column":null}},{"start":{"line":42,"column":2},"end":{"line":51,"column":null}}]}},"s":{"0":0,"1":0,"2":0,"3":0,"4":0,"5":0,"6":0,"7":0,"8":0,"9":0,"10":0,"11":0,"12":0,"13":0,"14":0,"15":0,"16":0,"17":0,"18":0,"19":3,"20":1,"21":1,"22":1,"23":1},"f":{"0":0,"1":0,"2":0},"b":{"0":[0,0]},"_coverageSchema":"1a1c01bbd47fc00a2c39e90264f33305004495a9","hash":"eaa37e4a06eefaa4403b6bb09628fc39c9d5d47b"}
,"C:\\Users\\joeku\\OneDrive\\_junk\\ks\\tfjs-node-grid-search\\src\\lib\\EpochStats.ts": {"path":"C:\\Users\\joeku\\OneDrive\\_junk\\ks\\tfjs-node-grid-search\\src\\lib\\EpochStats.ts","statementMap":{"0":{"start":{"line":44,"column":21},"end":{"line":44,"column":40}},"1":{"start":{"line":25,"column":9},"end":{"line":25,"column":46}},"2":{"start":{"line":26,"column":9},"end":{"line":26,"column":42}},"3":{"start":{"line":27,"column":9},"end":{"line":27,"column":56}},"4":{"start":{"line":28,"column":9},"end":{"line":28,"column":52}},"5":{"start":{"line":29,"column":9},"end":{"line":29,"column":30}},"6":{"start":{"line":30,"column":9},"end":{"line":30,"column":26}},"7":{"start":{"line":31,"column":9},"end":{"line":31,"column":31}},"8":{"start":{"line":32,"column":9},"end":{"line":32,"column":40}},"9":{"start":{"line":33,"column":9},"end":{"line":33,"column":36}},"10":{"start":{"line":35,"column":9},"end":{"line":35,"column":46}},"11":{"start":{"line":36,"column":9},"end":{"line":36,"column":42}},"12":{"start":{"line":37,"column":9},"end":{"line":37,"column":56}},"13":{"start":{"line":38,"column":9},"end":{"line":38,"column":52}},"14":{"start":{"line":45,"column":2},"end":{"line":45,"column":39}},"15":{"start":{"line":46,"column":2},"end":{"line":46,"column":68}},"16":{"start":{"line":49,"column":33},"end":{"line":49,"column":62}},"17":{"start":{"line":50,"column":29},"end":{"line":50,"column":54}},"18":{"start":{"line":51,"column":43},"end":{"line":51,"column":82}},"19":{"start":{"line":52,"column":39},"end":{"line":52,"column":74}},"20":{"start":{"line":53,"column":30},"end":{"line":53,"column":56}},"21":{"start":{"line":54,"column":26},"end":{"line":54,"column":48}},"22":{"start":{"line":55,"column":40},"end":{"line":55,"column":76}},"23":{"start":{"line":56,"column":36},"end":{"line":56,"column":68}},"24":{"start":{"line":67,"column":2},"end":{"line":67,"column":29}},"25":{"start":{"line":68,"column":2},"end":{"line":68,"column":46}},"26":{"start":{"line":69,"column":2},"end":{"line":69,"column":43}},"27":{"start":{"line":71,"column":2},"end":{"line":71,"column":71}},"28":{"start":{"line":72,"column":2},"end":{"line":72,"column":68}},"29":{"start":{"line":73,"column":2},"end":{"line":73,"column":85}},"30":{"start":{"line":74,"column":2},"end":{"line":74,"column":82}},"31":{"start":{"line":76,"column":2},"end":{"line":76,"column":79}},"32":{"start":{"line":77,"column":2},"end":{"line":77,"column":72}},"33":{"start":{"line":78,"column":2},"end":{"line":78,"column":97}},"34":{"start":{"line":79,"column":2},"end":{"line":79,"column":90}},"35":{"start":{"line":81,"column":30},"end":{"line":81,"column":99}},"36":{"start":{"line":81,"column":75},"end":{"line":81,"column":97}},"37":{"start":{"line":82,"column":31},"end":{"line":82,"column":96}},"38":{"start":{"line":82,"column":72},"end":{"line":82,"column":94}},"39":{"start":{"line":83,"column":33},"end":{"line":83,"column":112}},"40":{"start":{"line":83,"column":88},"end":{"line":83,"column":110}},"41":{"start":{"line":84,"column":34},"end":{"line":84,"column":109}},"42":{"start":{"line":84,"column":85},"end":{"line":84,"column":107}},"43":{"start":{"line":86,"column":2},"end":{"line":86,"column":63}},"44":{"start":{"line":87,"column":2},"end":{"line":87,"column":61}},"45":{"start":{"line":88,"column":2},"end":{"line":88,"column":74}},"46":{"start":{"line":89,"column":2},"end":{"line":89,"column":72}},"47":{"start":{"line":91,"column":2},"end":{"line":91,"column":75}},"48":{"start":{"line":96,"column":2},"end":{"line":96,"column":155}},"49":{"start":{"line":100,"column":2},"end":{"line":107,"column":39}},"50":{"start":{"line":125,"column":3},"end":{"line":134,"column":130}},"51":{"start":{"line":136,"column":2},"end":{"line":136,"column":18}},"52":{"start":{"line":146,"column":2},"end":{"line":152,"column":37}},"53":{"start":{"line":157,"column":31},"end":{"line":157,"column":32}},"54":{"start":{"line":158,"column":30},"end":{"line":158,"column":31}},"55":{"start":{"line":161,"column":0},"end":{"line":161,"column":26}},"56":{"start":{"line":7,"column":0},"end":{"line":7,"column":53}},"57":{"start":{"line":10,"column":0},"end":{"line":10,"column":33}},"58":{"start":{"line":163,"column":9},"end":{"line":163,"column":19}}},"fnMap":{"0":{"name":"(anonymous_0)","decl":{"start":{"line":44,"column":1},"end":{"line":44,"column":21}},"loc":{"start":{"line":44,"column":40},"end":{"line":47,"column":2}}},"1":{"name":"(anonymous_1)","decl":{"start":{"line":49,"column":1},"end":{"line":49,"column":5}},"loc":{"start":{"line":49,"column":20},"end":{"line":49,"column":64}}},"2":{"name":"(anonymous_2)","decl":{"start":{"line":50,"column":1},"end":{"line":50,"column":5}},"loc":{"start":{"line":50,"column":16},"end":{"line":50,"column":56}}},"3":{"name":"(anonymous_3)","decl":{"start":{"line":51,"column":1},"end":{"line":51,"column":5}},"loc":{"start":{"line":51,"column":30},"end":{"line":51,"column":84}}},"4":{"name":"(anonymous_4)","decl":{"start":{"line":52,"column":1},"end":{"line":52,"column":5}},"loc":{"start":{"line":52,"column":26},"end":{"line":52,"column":76}}},"5":{"name":"(anonymous_5)","decl":{"start":{"line":53,"column":1},"end":{"line":53,"column":5}},"loc":{"start":{"line":53,"column":17},"end":{"line":53,"column":58}}},"6":{"name":"(anonymous_6)","decl":{"start":{"line":54,"column":1},"end":{"line":54,"column":5}},"loc":{"start":{"line":54,"column":13},"end":{"line":54,"column":50}}},"7":{"name":"(anonymous_7)","decl":{"start":{"line":55,"column":1},"end":{"line":55,"column":5}},"loc":{"start":{"line":55,"column":27},"end":{"line":55,"column":78}}},"8":{"name":"(anonymous_8)","decl":{"start":{"line":56,"column":1},"end":{"line":56,"column":5}},"loc":{"start":{"line":56,"column":23},"end":{"line":56,"column":70}}},"9":{"name":"(anonymous_9)","decl":{"start":{"line":66,"column":1},"end":{"line":66,"column":7}},"loc":{"start":{"line":66,"column":33},"end":{"line":92,"column":2}}},"10":{"name":"(anonymous_10)","decl":{"start":{"line":81,"column":56},"end":{"line":81,"column":57}},"loc":{"start":{"line":81,"column":73},"end":{"line":81,"column":98}}},"11":{"name":"(anonymous_11)","decl":{"start":{"line":82,"column":53},"end":{"line":82,"column":54}},"loc":{"start":{"line":82,"column":70},"end":{"line":82,"column":95}}},"12":{"name":"(anonymous_12)","decl":{"start":{"line":83,"column":69},"end":{"line":83,"column":70}},"loc":{"start":{"line":83,"column":86},"end":{"line":83,"column":111}}},"13":{"name":"(anonymous_13)","decl":{"start":{"line":84,"column":66},"end":{"line":84,"column":67}},"loc":{"start":{"line":84,"column":83},"end":{"line":84,"column":108}}},"14":{"name":"(anonymous_14)","decl":{"start":{"line":95,"column":1},"end":{"line":95,"column":17}},"loc":{"start":{"line":95,"column":17},"end":{"line":97,"column":2}}},"15":{"name":"(anonymous_15)","decl":{"start":{"line":99,"column":1},"end":{"line":99,"column":19}},"loc":{"start":{"line":99,"column":19},"end":{"line":108,"column":2}}},"16":{"name":"(anonymous_16)","decl":{"start":{"line":120,"column":1},"end":{"line":120,"column":12}},"loc":{"start":{"line":120,"column":12},"end":{"line":137,"column":2}}},"17":{"name":"(anonymous_17)","decl":{"start":{"line":144,"column":1},"end":{"line":144,"column":7}},"loc":{"start":{"line":144,"column":25},"end":{"line":153,"column":2}}}},"branchMap":{"0":{"loc":{"start":{"line":127,"column":42},"end":{"line":127,"column":44}},"type":"cond-expr","locations":[{"start":{"line":127,"column":42},"end":{"line":127,"column":44}},{"start":{"line":127,"column":47},"end":{"line":127,"column":50}}]},"1":{"loc":{"start":{"line":128,"column":36},"end":{"line":128,"column":38}},"type":"cond-expr","locations":[{"start":{"line":128,"column":36},"end":{"line":128,"column":38}},{"start":{"line":128,"column":41},"end":{"line":128,"column":44}}]},"2":{"loc":{"start":{"line":129,"column":45},"end":{"line":129,"column":47}},"type":"cond-expr","locations":[{"start":{"line":129,"column":45},"end":{"line":129,"column":47}},{"start":{"line":129,"column":50},"end":{"line":129,"column":53}}]},"3":{"loc":{"start":{"line":133,"column":40},"end":{"line":133,"column":42}},"type":"cond-expr","locations":[{"start":{"line":133,"column":40},"end":{"line":133,"column":42}},{"start":{"line":133,"column":45},"end":{"line":133,"column":48}}]},"4":{"loc":{"start":{"line":134,"column":49},"end":{"line":134,"column":51}},"type":"cond-expr","locations":[{"start":{"line":134,"column":49},"end":{"line":134,"column":51}},{"start":{"line":134,"column":54},"end":{"line":134,"column":57}}]}},"s":{"0":0,"1":0,"2":0,"3":0,"4":0,"5":0,"6":0,"7":0,"8":0,"9":0,"10":0,"11":0,"12":0,"13":0,"14":0,"15":0,"16":0,"17":0,"18":0,"19":0,"20":0,"21":0,"22":0,"23":0,"24":0,"25":0,"26":0,"27":0,"28":0,"29":0,"30":0,"31":0,"32":0,"33":0,"34":0,"35":0,"36":0,"37":0,"38":0,"39":0,"40":0,"41":0,"42":0,"43":0,"44":0,"45":0,"46":0,"47":0,"48":0,"49":0,"50":0,"51":0,"52":1,"53":3,"54":3,"55":2,"56":1,"57":1,"58":1},"f":{"0":0,"1":0,"2":0,"3":0,"4":0,"5":0,"6":0,"7":0,"8":0,"9":0,"10":0,"11":0,"12":0,"13":0,"14":0,"15":0,"16":0,"17":0},"b":{"0":[0,0],"1":[0,0],"2":[0,0],"3":[0,0],"4":[0,0]},"_coverageSchema":"1a1c01bbd47fc00a2c39e90264f33305004495a9","hash":"fc2610e658cbbdfa5fbacc503e1bda891184ad95"}
,"C:\\Users\\joeku\\OneDrive\\_junk\\ks\\tfjs-node-grid-search\\src\\lib\\FailureMessage.ts": {"path":"C:\\Users\\joeku\\OneDrive\\_junk\\ks\\tfjs-node-grid-search\\src\\lib\\FailureMessage.ts","statementMap":{"0":{"start":{"line":8,"column":9},"end":{"line":8,"column":20}},"1":{"start":{"line":17,"column":22},"end":{"line":17,"column":40}},"2":{"start":{"line":20,"column":2},"end":{"line":20,"column":30}},"3":{"start":{"line":22,"column":2},"end":{"line":22,"column":20}},"4":{"start":{"line":27,"column":0},"end":{"line":27,"column":30}},"5":{"start":{"line":29,"column":9},"end":{"line":29,"column":23}}},"fnMap":{"0":{"name":"(anonymous_0)","decl":{"start":{"line":13,"column":1},"end":{"line":13,"column":null}},"loc":{"start":{"line":13,"column":1},"end":{"line":15,"column":2}}},"1":{"name":"(anonymous_1)","decl":{"start":{"line":17,"column":1},"end":{"line":17,"column":5}},"loc":{"start":{"line":17,"column":9},"end":{"line":17,"column":42}}},"2":{"name":"(anonymous_2)","decl":{"start":{"line":19,"column":1},"end":{"line":19,"column":5}},"loc":{"start":{"line":19,"column":22},"end":{"line":23,"column":2}}}},"branchMap":{},"s":{"0":0,"1":0,"2":0,"3":0,"4":3,"5":1},"f":{"0":0,"1":0,"2":0},"b":{},"_coverageSchema":"1a1c01bbd47fc00a2c39e90264f33305004495a9","hash":"e3912c3997ec62ebb340e80f6123b7a986f65dcc"}
,"C:\\Users\\joeku\\OneDrive\\_junk\\ks\\tfjs-node-grid-search\\src\\lib\\FileIO.ts": {"path":"C:\\Users\\joeku\\OneDrive\\_junk\\ks\\tfjs-node-grid-search\\src\\lib\\FileIO.ts","statementMap":{"0":{"start":{"line":28,"column":31},"end":{"line":35,"column":1}},"1":{"start":{"line":30,"column":19},"end":{"line":30,"column":48}},"2":{"start":{"line":31,"column":18},"end":{"line":31,"column":55}},"3":{"start":{"line":32,"column":17},"end":{"line":32,"column":39}},"4":{"start":{"line":34,"column":1},"end":{"line":34,"column":38}},"5":{"start":{"line":44,"column":21},"end":{"line":54,"column":2}},"6":{"start":{"line":44,"column":81},"end":{"line":54,"column":2}},"7":{"start":{"line":45,"column":1},"end":{"line":45,"column":29}},"8":{"start":{"line":47,"column":1},"end":{"line":53,"column":null}},"9":{"start":{"line":48,"column":2},"end":{"line":48,"column":57}},"10":{"start":{"line":49,"column":2},"end":{"line":49,"column":9}},"11":{"start":{"line":52,"column":2},"end":{"line":52,"column":69}},"12":{"start":{"line":65,"column":25},"end":{"line":90,"column":2}},"13":{"start":{"line":67,"column":46},"end":{"line":90,"column":2}},"14":{"start":{"line":68,"column":1},"end":{"line":68,"column":33}},"15":{"start":{"line":70,"column":20},"end":{"line":70,"column":54}},"16":{"start":{"line":73,"column":1},"end":{"line":73,"column":19}},"17":{"start":{"line":75,"column":1},"end":{"line":77,"column":null}},"18":{"start":{"line":76,"column":2},"end":{"line":76,"column":52}},"19":{"start":{"line":79,"column":1},"end":{"line":89,"column":null}},"20":{"start":{"line":80,"column":2},"end":{"line":83,"column":14}},"21":{"start":{"line":85,"column":2},"end":{"line":85,"column":9}},"22":{"start":{"line":88,"column":2},"end":{"line":88,"column":69}},"23":{"start":{"line":9,"column":0},"end":{"line":9,"column":43}},"24":{"start":{"line":10,"column":0},"end":{"line":10,"column":33}},"25":{"start":{"line":17,"column":0},"end":{"line":17,"column":26}},"26":{"start":{"line":21,"column":0},"end":{"line":21,"column":33}},"27":{"start":{"line":93,"column":9},"end":{"line":93,"column":31}},"28":{"start":{"line":93,"column":33},"end":{"line":93,"column":45}},"29":{"start":{"line":93,"column":47},"end":{"line":93,"column":63}}},"fnMap":{"0":{"name":"(anonymous_7)","decl":{"start":{"line":28,"column":31},"end":{"line":28,"column":42}},"loc":{"start":{"line":28,"column":44},"end":{"line":35,"column":1}}},"1":{"name":"(anonymous_8)","decl":{"start":{"line":44,"column":21},"end":{"line":44,"column":28}},"loc":{"start":{"line":44,"column":81},"end":{"line":54,"column":2}}},"2":{"name":"(anonymous_9)","decl":{"start":{"line":44,"column":81},"end":{"line":44,"column":null}},"loc":{"start":{"line":44,"column":81},"end":{"line":54,"column":1}}},"3":{"name":"(anonymous_10)","decl":{"start":{"line":65,"column":25},"end":{"line":65,"column":32}},"loc":{"start":{"line":67,"column":46},"end":{"line":90,"column":2}}},"4":{"name":"(anonymous_11)","decl":{"start":{"line":67,"column":46},"end":{"line":67,"column":null}},"loc":{"start":{"line":67,"column":46},"end":{"line":90,"column":1}}}},"branchMap":{"0":{"loc":{"start":{"line":75,"column":1},"end":{"line":77,"column":null}},"type":"if","locations":[{"start":{"line":75,"column":1},"end":{"line":77,"column":null}},{"start":{"line":75,"column":1},"end":{"line":77,"column":null}}]}},"s":{"0":3,"1":0,"2":0,"3":0,"4":0,"5":3,"6":0,"7":0,"8":0,"9":0,"10":0,"11":1,"12":2,"13":0,"14":0,"15":0,"16":0,"17":0,"18":0,"19":0,"20":0,"21":0,"22":0,"23":1,"24":1,"25":1,"26":1,"27":1,"28":1,"29":1},"f":{"0":0,"1":0,"2":0,"3":0,"4":0},"b":{"0":[0,0]},"_coverageSchema":"1a1c01bbd47fc00a2c39e90264f33305004495a9","hash":"7f92277e2d4c549a3b8a85b84371c9d63b4f5129"}
,"C:\\Users\\joeku\\OneDrive\\_junk\\ks\\tfjs-node-grid-search\\src\\lib\\FileIOResult.ts": {"path":"C:\\Users\\joeku\\OneDrive\\_junk\\ks\\tfjs-node-grid-search\\src\\lib\\FileIOResult.ts","statementMap":{"0":{"start":{"line":8,"column":9},"end":{"line":8,"column":20}},"1":{"start":{"line":17,"column":22},"end":{"line":17,"column":40}},"2":{"start":{"line":20,"column":2},"end":{"line":20,"column":30}},"3":{"start":{"line":22,"column":2},"end":{"line":22,"column":20}},"4":{"start":{"line":27,"column":0},"end":{"line":27,"column":28}},"5":{"start":{"line":29,"column":9},"end":{"line":29,"column":21}}},"fnMap":{"0":{"name":"(anonymous_0)","decl":{"start":{"line":13,"column":1},"end":{"line":13,"column":null}},"loc":{"start":{"line":13,"column":1},"end":{"line":15,"column":2}}},"1":{"name":"(anonymous_1)","decl":{"start":{"line":17,"column":1},"end":{"line":17,"column":5}},"loc":{"start":{"line":17,"column":9},"end":{"line":17,"column":42}}},"2":{"name":"(anonymous_2)","decl":{"start":{"line":19,"column":1},"end":{"line":19,"column":5}},"loc":{"start":{"line":19,"column":22},"end":{"line":23,"column":2}}}},"branchMap":{},"s":{"0":0,"1":0,"2":0,"3":0,"4":3,"5":1},"f":{"0":0,"1":0,"2":0},"b":{},"_coverageSchema":"1a1c01bbd47fc00a2c39e90264f33305004495a9","hash":"8b2c2cdb59e30749e0dc8f756eef83bcdfb6474e"}
,"C:\\Users\\joeku\\OneDrive\\_junk\\ks\\tfjs-node-grid-search\\src\\lib\\Grid.ts": {"path":"C:\\Users\\joeku\\OneDrive\\_junk\\ks\\tfjs-node-grid-search\\src\\lib\\Grid.ts","statementMap":{"0":{"start":{"line":92,"column":12},"end":{"line":92,"column":39}},"1":{"start":{"line":93,"column":12},"end":{"line":93,"column":37}},"2":{"start":{"line":94,"column":12},"end":{"line":94,"column":67}},"3":{"start":{"line":95,"column":12},"end":{"line":95,"column":42}},"4":{"start":{"line":96,"column":12},"end":{"line":96,"column":62}},"5":{"start":{"line":97,"column":12},"end":{"line":97,"column":54}},"6":{"start":{"line":98,"column":12},"end":{"line":98,"column":54}},"7":{"start":{"line":49,"column":9},"end":{"line":49,"column":29}},"8":{"start":{"line":50,"column":9},"end":{"line":50,"column":29}},"9":{"start":{"line":51,"column":9},"end":{"line":51,"column":28}},"10":{"start":{"line":52,"column":9},"end":{"line":52,"column":33}},"11":{"start":{"line":100,"column":2},"end":{"line":100,"column":46}},"12":{"start":{"line":103,"column":2},"end":{"line":108,"column":null}},"13":{"start":{"line":104,"column":3},"end":{"line":104,"column":41}},"14":{"start":{"line":107,"column":3},"end":{"line":107,"column":45}},"15":{"start":{"line":110,"column":2},"end":{"line":110,"column":57}},"16":{"start":{"line":113,"column":2},"end":{"line":113,"column":32}},"17":{"start":{"line":122,"column":30},"end":{"line":122,"column":65}},"18":{"start":{"line":123,"column":31},"end":{"line":123,"column":67}},"19":{"start":{"line":125,"column":30},"end":{"line":125,"column":80}},"20":{"start":{"line":127,"column":19},"end":{"line":127,"column":43}},"21":{"start":{"line":129,"column":2},"end":{"line":168,"column":null}},"22":{"start":{"line":131,"column":3},"end":{"line":138,"column":17}},"23":{"start":{"line":142,"column":3},"end":{"line":149,"column":17}},"24":{"start":{"line":152,"column":3},"end":{"line":160,"column":null}},"25":{"start":{"line":152,"column":16},"end":{"line":152,"column":17}},"26":{"start":{"line":153,"column":4},"end":{"line":159,"column":18}},"27":{"start":{"line":162,"column":3},"end":{"line":167,"column":17}},"28":{"start":{"line":173,"column":24},"end":{"line":173,"column":78}},"29":{"start":{"line":176,"column":2},"end":{"line":180,"column":10}},"30":{"start":{"line":182,"column":2},"end":{"line":182,"column":18}},"31":{"start":{"line":189,"column":2},"end":{"line":189,"column":79}},"32":{"start":{"line":194,"column":28},"end":{"line":194,"column":82}},"33":{"start":{"line":196,"column":2},"end":{"line":196,"column":55}},"34":{"start":{"line":204,"column":25},"end":{"line":204,"column":43}},"35":{"start":{"line":206,"column":27},"end":{"line":206,"column":65}},"36":{"start":{"line":208,"column":28},"end":{"line":208,"column":78}},"37":{"start":{"line":210,"column":23},"end":{"line":210,"column":59}},"38":{"start":{"line":212,"column":13},"end":{"line":212,"column":14}},"39":{"start":{"line":214,"column":2},"end":{"line":214,"column":35}},"40":{"start":{"line":216,"column":2},"end":{"line":258,"column":null}},"41":{"start":{"line":216,"column":15},"end":{"line":216,"column":16}},"42":{"start":{"line":217,"column":26},"end":{"line":217,"column":72}},"43":{"start":{"line":219,"column":25},"end":{"line":219,"column":64}},"44":{"start":{"line":221,"column":24},"end":{"line":221,"column":70}},"45":{"start":{"line":223,"column":3},"end":{"line":255,"column":null}},"46":{"start":{"line":223,"column":16},"end":{"line":223,"column":17}},"47":{"start":{"line":224,"column":4},"end":{"line":224,"column":84}},"48":{"start":{"line":225,"column":4},"end":{"line":228,"column":59}},"49":{"start":{"line":230,"column":4},"end":{"line":230,"column":11}},"50":{"start":{"line":232,"column":4},"end":{"line":232,"column":42}},"51":{"start":{"line":235,"column":4},"end":{"line":235,"column":52}},"52":{"start":{"line":236,"column":4},"end":{"line":236,"column":52}},"53":{"start":{"line":238,"column":18},"end":{"line":238,"column":48}},"54":{"start":{"line":240,"column":4},"end":{"line":240,"column":47}},"55":{"start":{"line":242,"column":31},"end":{"line":242,"column":68}},"56":{"start":{"line":244,"column":29},"end":{"line":244,"column":84}},"57":{"start":{"line":246,"column":29},"end":{"line":252,"column":35}},"58":{"start":{"line":254,"column":4},"end":{"line":254,"column":56}},"59":{"start":{"line":257,"column":3},"end":{"line":257,"column":36}},"60":{"start":{"line":260,"column":24},"end":{"line":260,"column":34}},"61":{"start":{"line":262,"column":24},"end":{"line":262,"column":59}},"62":{"start":{"line":264,"column":2},"end":{"line":269,"column":11}},"63":{"start":{"line":271,"column":2},"end":{"line":271,"column":43}},"64":{"start":{"line":272,"column":2},"end":{"line":272,"column":48}},"65":{"start":{"line":274,"column":31},"end":{"line":274,"column":85}},"66":{"start":{"line":276,"column":2},"end":{"line":291,"column":null}},"67":{"start":{"line":277,"column":20},"end":{"line":277,"column":51}},"68":{"start":{"line":279,"column":3},"end":{"line":281,"column":38}},"69":{"start":{"line":285,"column":3},"end":{"line":290,"column":18}},"70":{"start":{"line":307,"column":2},"end":{"line":309,"column":5}},"71":{"start":{"line":308,"column":3},"end":{"line":308,"column":49}},"72":{"start":{"line":326,"column":2},"end":{"line":326,"column":30}},"73":{"start":{"line":327,"column":2},"end":{"line":327,"column":32}},"74":{"start":{"line":329,"column":2},"end":{"line":329,"column":28}},"75":{"start":{"line":335,"column":2},"end":{"line":337,"column":null}},"76":{"start":{"line":336,"column":3},"end":{"line":336,"column":86}},"77":{"start":{"line":340,"column":29},"end":{"line":345,"column":37}},"78":{"start":{"line":348,"column":41},"end":{"line":348,"column":92}},"79":{"start":{"line":352,"column":23},"end":{"line":352,"column":55}},"80":{"start":{"line":354,"column":24},"end":{"line":354,"column":54}},"81":{"start":{"line":356,"column":2},"end":{"line":356,"column":62}},"82":{"start":{"line":358,"column":2},"end":{"line":360,"column":null}},"83":{"start":{"line":359,"column":3},"end":{"line":359,"column":85}},"84":{"start":{"line":364,"column":30},"end":{"line":364,"column":33}},"85":{"start":{"line":365,"column":32},"end":{"line":365,"column":35}},"86":{"start":{"line":367,"column":21},"end":{"line":367,"column":22}},"87":{"start":{"line":369,"column":2},"end":{"line":381,"column":null}},"88":{"start":{"line":369,"column":15},"end":{"line":369,"column":16}},"89":{"start":{"line":371,"column":44},"end":{"line":371,"column":110}},"90":{"start":{"line":373,"column":3},"end":{"line":380,"column":null}},"91":{"start":{"line":374,"column":4},"end":{"line":374,"column":19}},"92":{"start":{"line":376,"column":4},"end":{"line":376,"column":46}},"93":{"start":{"line":379,"column":4},"end":{"line":379,"column":48}},"94":{"start":{"line":383,"column":27},"end":{"line":386,"column":32}},"95":{"start":{"line":388,"column":2},"end":{"line":388,"column":101}},"96":{"start":{"line":390,"column":2},"end":{"line":390,"column":26}},"97":{"start":{"line":403,"column":2},"end":{"line":403,"column":30}},"98":{"start":{"line":405,"column":2},"end":{"line":405,"column":null}},"99":{"start":{"line":407,"column":22},"end":{"line":407,"column":58}},"100":{"start":{"line":410,"column":33},"end":{"line":410,"column":118}},"101":{"start":{"line":412,"column":31},"end":{"line":412,"column":67}},"102":{"start":{"line":415,"column":39},"end":{"line":415,"column":100}},"103":{"start":{"line":417,"column":2},"end":{"line":419,"column":null}},"104":{"start":{"line":418,"column":3},"end":{"line":418,"column":90}},"105":{"start":{"line":421,"column":2},"end":{"line":423,"column":null}},"106":{"start":{"line":422,"column":3},"end":{"line":422,"column":91}},"107":{"start":{"line":425,"column":23},"end":{"line":425,"column":73}},"108":{"start":{"line":427,"column":2},"end":{"line":430,"column":45}},"109":{"start":{"line":432,"column":2},"end":{"line":490,"column":9}},"110":{"start":{"line":455,"column":9},"end":{"line":457,"column":null}},"111":{"start":{"line":456,"column":10},"end":{"line":456,"column":17}},"112":{"start":{"line":460,"column":26},"end":{"line":460,"column":36}},"113":{"start":{"line":462,"column":32},"end":{"line":462,"column":63}},"114":{"start":{"line":464,"column":9},"end":{"line":464,"column":41}},"115":{"start":{"line":466,"column":9},"end":{"line":466,"column":64}},"116":{"start":{"line":469,"column":9},"end":{"line":469,"column":66}},"117":{"start":{"line":472,"column":26},"end":{"line":472,"column":36}},"118":{"start":{"line":474,"column":32},"end":{"line":474,"column":63}},"119":{"start":{"line":476,"column":9},"end":{"line":476,"column":41}},"120":{"start":{"line":478,"column":9},"end":{"line":481,"column":null}},"121":{"start":{"line":479,"column":10},"end":{"line":479,"column":83}},"122":{"start":{"line":480,"column":10},"end":{"line":480,"column":17}},"123":{"start":{"line":483,"column":9},"end":{"line":485,"column":null}},"124":{"start":{"line":484,"column":10},"end":{"line":484,"column":54}},"125":{"start":{"line":487,"column":9},"end":{"line":487,"column":87}},"126":{"start":{"line":513,"column":0},"end":{"line":513,"column":20}},"127":{"start":{"line":13,"column":0},"end":{"line":13,"column":53}},"128":{"start":{"line":20,"column":0},"end":{"line":20,"column":34}},"129":{"start":{"line":22,"column":0},"end":{"line":22,"column":55}},"130":{"start":{"line":23,"column":0},"end":{"line":23,"column":44}},"131":{"start":{"line":24,"column":0},"end":{"line":24,"column":38}},"132":{"start":{"line":25,"column":0},"end":{"line":25,"column":46}},"133":{"start":{"line":26,"column":0},"end":{"line":26,"column":48}},"134":{"start":{"line":27,"column":0},"end":{"line":27,"column":53}},"135":{"start":{"line":28,"column":0},"end":{"line":28,"column":46}},"136":{"start":{"line":30,"column":0},"end":{"line":30,"column":51}},"137":{"start":{"line":33,"column":0},"end":{"line":33,"column":36}},"138":{"start":{"line":515,"column":9},"end":{"line":515,"column":13}}},"fnMap":{"0":{"name":"(anonymous_7)","decl":{"start":{"line":91,"column":1},"end":{"line":91,"column":13}},"loc":{"start":{"line":98,"column":54},"end":{"line":114,"column":2}}},"1":{"name":"(anonymous_8)","decl":{"start":{"line":121,"column":1},"end":{"line":121,"column":12}},"loc":{"start":{"line":121,"column":37},"end":{"line":183,"column":2}}},"2":{"name":"(anonymous_9)","decl":{"start":{"line":188,"column":1},"end":{"line":188,"column":16}},"loc":{"start":{"line":188,"column":16},"end":{"line":197,"column":2}}},"3":{"name":"(anonymous_10)","decl":{"start":{"line":203,"column":7},"end":{"line":203,"column":10}},"loc":{"start":{"line":203,"column":10},"end":{"line":292,"column":null}}},"4":{"name":"(anonymous_12)","decl":{"start":{"line":300,"column":1},"end":{"line":300,"column":23}},"loc":{"start":{"line":300,"column":23},"end":{"line":310,"column":2}}},"5":{"name":"(anonymous_13)","decl":{"start":{"line":307,"column":42},"end":{"line":307,"column":43}},"loc":{"start":{"line":307,"column":62},"end":{"line":309,"column":3}}},"6":{"name":"(anonymous_14)","decl":{"start":{"line":323,"column":1},"end":{"line":323,"column":10}},"loc":{"start":{"line":323,"column":84},"end":{"line":391,"column":2}}},"7":{"name":"(anonymous_15)","decl":{"start":{"line":400,"column":7},"end":{"line":400,"column":17}},"loc":{"start":{"line":400,"column":73},"end":{"line":491,"column":null}}},"8":{"name":"(anonymous_17)","decl":{"start":{"line":454,"column":20},"end":{"line":454,"column":21}},"loc":{"start":{"line":454,"column":36},"end":{"line":467,"column":9}}},"9":{"name":"(anonymous_18)","decl":{"start":{"line":468,"column":20},"end":{"line":468,"column":21}},"loc":{"start":{"line":468,"column":44},"end":{"line":488,"column":9}}}},"branchMap":{"0":{"loc":{"start":{"line":103,"column":2},"end":{"line":108,"column":null}},"type":"if","locations":[{"start":{"line":103,"column":2},"end":{"line":108,"column":null}},{"start":{"line":103,"column":2},"end":{"line":108,"column":null}}]},"1":{"loc":{"start":{"line":129,"column":2},"end":{"line":168,"column":null}},"type":"if","locations":[{"start":{"line":129,"column":2},"end":{"line":168,"column":null}},{"start":{"line":129,"column":2},"end":{"line":168,"column":null}}]},"2":{"loc":{"start":{"line":276,"column":2},"end":{"line":291,"column":null}},"type":"if","locations":[{"start":{"line":276,"column":2},"end":{"line":291,"column":null}},{"start":{"line":276,"column":2},"end":{"line":291,"column":null}}]},"3":{"loc":{"start":{"line":288,"column":9},"end":{"line":288,"column":13}},"type":"cond-expr","locations":[{"start":{"line":288,"column":9},"end":{"line":288,"column":13}},{"start":{"line":289,"column":9},"end":{"line":289,"column":35}}]},"4":{"loc":{"start":{"line":335,"column":2},"end":{"line":337,"column":null}},"type":"if","locations":[{"start":{"line":335,"column":2},"end":{"line":337,"column":null}},{"start":{"line":335,"column":2},"end":{"line":337,"column":null}}]},"5":{"loc":{"start":{"line":358,"column":2},"end":{"line":360,"column":null}},"type":"if","locations":[{"start":{"line":358,"column":2},"end":{"line":360,"column":null}},{"start":{"line":358,"column":2},"end":{"line":360,"column":null}}]},"6":{"loc":{"start":{"line":373,"column":3},"end":{"line":380,"column":null}},"type":"if","locations":[{"start":{"line":373,"column":3},"end":{"line":380,"column":null}},{"start":{"line":373,"column":3},"end":{"line":380,"column":null}}]},"7":{"loc":{"start":{"line":417,"column":2},"end":{"line":419,"column":null}},"type":"if","locations":[{"start":{"line":417,"column":2},"end":{"line":419,"column":null}},{"start":{"line":417,"column":2},"end":{"line":419,"column":null}}]},"8":{"loc":{"start":{"line":421,"column":2},"end":{"line":423,"column":null}},"type":"if","locations":[{"start":{"line":421,"column":2},"end":{"line":423,"column":null}},{"start":{"line":421,"column":2},"end":{"line":423,"column":null}}]},"9":{"loc":{"start":{"line":455,"column":9},"end":{"line":457,"column":null}},"type":"if","locations":[{"start":{"line":455,"column":9},"end":{"line":457,"column":null}},{"start":{"line":455,"column":9},"end":{"line":457,"column":null}}]},"10":{"loc":{"start":{"line":478,"column":9},"end":{"line":481,"column":null}},"type":"if","locations":[{"start":{"line":478,"column":9},"end":{"line":481,"column":null}},{"start":{"line":478,"column":9},"end":{"line":481,"column":null}}]},"11":{"loc":{"start":{"line":483,"column":9},"end":{"line":485,"column":null}},"type":"if","locations":[{"start":{"line":483,"column":9},"end":{"line":485,"column":null}},{"start":{"line":483,"column":9},"end":{"line":485,"column":null}}]}},"s":{"0":0,"1":0,"2":0,"3":0,"4":0,"5":0,"6":0,"7":0,"8":0,"9":0,"10":0,"11":0,"12":0,"13":0,"14":0,"15":0,"16":0,"17":0,"18":0,"19":0,"20":0,"21":0,"22":0,"23":0,"24":0,"25":0,"26":0,"27":0,"28":0,"29":0,"30":0,"31":0,"32":0,"33":0,"34":0,"35":0,"36":0,"37":0,"38":0,"39":0,"40":0,"41":0,"42":0,"43":0,"44":0,"45":0,"46":0,"47":0,"48":0,"49":0,"50":0,"51":0,"52":0,"53":0,"54":0,"55":0,"56":0,"57":0,"58":0,"59":0,"60":0,"61":0,"62":0,"63":0,"64":0,"65":0,"66":0,"67":0,"68":0,"69":0,"70":0,"71":0,"72":0,"73":0,"74":0,"75":0,"76":0,"77":0,"78":0,"79":0,"80":0,"81":0,"82":0,"83":0,"84":0,"85":0,"86":0,"87":0,"88":0,"89":0,"90":0,"91":0,"92":0,"93":0,"94":0,"95":0,"96":0,"97":0,"98":0,"99":0,"100":0,"101":0,"102":0,"103":0,"104":0,"105":0,"106":0,"107":0,"108":0,"109":0,"110":0,"111":0,"112":0,"113":0,"114":0,"115":0,"116":0,"117":0,"118":0,"119":1,"120":0,"121":0,"122":0,"123":0,"124":0,"125":0,"126":2,"127":1,"128":1,"129":1,"130":1,"131":1,"132":1,"133":1,"134":1,"135":1,"136":1,"137":1,"138":1},"f":{"0":0,"1":0,"2":0,"3":0,"4":0,"5":0,"6":0,"7":0,"8":0,"9":0},"b":{"0":[0,0],"1":[0,0],"2":[0,0],"3":[0,0],"4":[0,0],"5":[0,0],"6":[0,0],"7":[0,0],"8":[0,0],"9":[0,0],"10":[0,0],"11":[0,0]},"_coverageSchema":"1a1c01bbd47fc00a2c39e90264f33305004495a9","hash":"95d563f7efd7d7bd50d4df31010b3f68a69095a6"}
,"C:\\Users\\joeku\\OneDrive\\_junk\\ks\\tfjs-node-grid-search\\src\\lib\\GridOptions.ts": {"path":"C:\\Users\\joeku\\OneDrive\\_junk\\ks\\tfjs-node-grid-search\\src\\lib\\GridOptions.ts","statementMap":{"0":{"start":{"line":24,"column":9},"end":{"line":24,"column":54}},"1":{"start":{"line":38,"column":2},"end":{"line":40,"column":null}},"2":{"start":{"line":39,"column":3},"end":{"line":39,"column":69}},"3":{"start":{"line":43,"column":2},"end":{"line":68,"column":null}},"4":{"start":{"line":44,"column":3},"end":{"line":46,"column":null}},"5":{"start":{"line":45,"column":4},"end":{"line":45,"column":13}},"6":{"start":{"line":53,"column":22},"end":{"line":53,"column":56}},"7":{"start":{"line":56,"column":3},"end":{"line":56,"column":29}},"8":{"start":{"line":60,"column":3},"end":{"line":60,"column":54}},"9":{"start":{"line":62,"column":3},"end":{"line":64,"column":null}},"10":{"start":{"line":63,"column":4},"end":{"line":63,"column":19}},"11":{"start":{"line":67,"column":3},"end":{"line":67,"column":31}},"12":{"start":{"line":70,"column":56},"end":{"line":77,"column":18}},"13":{"start":{"line":79,"column":2},"end":{"line":84,"column":null}},"14":{"start":{"line":81,"column":3},"end":{"line":81,"column":33}},"15":{"start":{"line":86,"column":23},"end":{"line":86,"column":37}},"16":{"start":{"line":88,"column":2},"end":{"line":142,"column":null}},"17":{"start":{"line":89,"column":18},"end":{"line":89,"column":32}},"18":{"start":{"line":91,"column":3},"end":{"line":141,"column":null}},"19":{"start":{"line":95,"column":5},"end":{"line":97,"column":null}},"20":{"start":{"line":96,"column":6},"end":{"line":96,"column":70}},"21":{"start":{"line":99,"column":5},"end":{"line":101,"column":null}},"22":{"start":{"line":100,"column":6},"end":{"line":100,"column":80}},"23":{"start":{"line":103,"column":4},"end":{"line":103,"column":10}},"24":{"start":{"line":106,"column":5},"end":{"line":108,"column":null}},"25":{"start":{"line":107,"column":6},"end":{"line":107,"column":106}},"26":{"start":{"line":110,"column":27},"end":{"line":110,"column":59}},"27":{"start":{"line":112,"column":28},"end":{"line":112,"column":57}},"28":{"start":{"line":114,"column":5},"end":{"line":134,"column":null}},"29":{"start":{"line":115,"column":6},"end":{"line":115,"column":61}},"30":{"start":{"line":123,"column":6},"end":{"line":125,"column":null}},"31":{"start":{"line":124,"column":7},"end":{"line":124,"column":86}},"32":{"start":{"line":127,"column":24},"end":{"line":127,"column":44}},"33":{"start":{"line":129,"column":6},"end":{"line":131,"column":null}},"34":{"start":{"line":130,"column":7},"end":{"line":130,"column":95}},"35":{"start":{"line":133,"column":6},"end":{"line":133,"column":56}},"36":{"start":{"line":136,"column":4},"end":{"line":136,"column":10}},"37":{"start":{"line":139,"column":5},"end":{"line":139,"column":58}},"38":{"start":{"line":145,"column":2},"end":{"line":149,"column":null}},"39":{"start":{"line":146,"column":3},"end":{"line":148,"column":null}},"40":{"start":{"line":147,"column":4},"end":{"line":147,"column":40}},"41":{"start":{"line":152,"column":2},"end":{"line":152,"column":30}},"42":{"start":{"line":162,"column":2},"end":{"line":176,"column":null}},"43":{"start":{"line":170,"column":4},"end":{"line":170,"column":30}},"44":{"start":{"line":174,"column":4},"end":{"line":174,"column":50}},"45":{"start":{"line":182,"column":60},"end":{"line":187,"column":17}},"46":{"start":{"line":190,"column":0},"end":{"line":190,"column":27}},"47":{"start":{"line":7,"column":0},"end":{"line":7,"column":25}},"48":{"start":{"line":10,"column":0},"end":{"line":10,"column":33}},"49":{"start":{"line":192,"column":9},"end":{"line":192,"column":20}}},"fnMap":{"0":{"name":"(anonymous_0)","decl":{"start":{"line":37,"column":1},"end":{"line":37,"column":13}},"loc":{"start":{"line":37,"column":56},"end":{"line":153,"column":2}}},"1":{"name":"(anonymous_1)","decl":{"start":{"line":161,"column":1},"end":{"line":161,"column":10}},"loc":{"start":{"line":161,"column":22},"end":{"line":178,"column":2}}}},"branchMap":{"0":{"loc":{"start":{"line":38,"column":2},"end":{"line":40,"column":null}},"type":"if","locations":[{"start":{"line":38,"column":2},"end":{"line":40,"column":null}},{"start":{"line":38,"column":2},"end":{"line":40,"column":null}}]},"1":{"loc":{"start":{"line":39,"column":18},"end":{"line":39,"column":38}},"type":"binary-expr","locations":[{"start":{"line":39,"column":18},"end":{"line":39,"column":38}},{"start":{"line":39,"column":42},"end":{"line":39,"column":67}}]},"2":{"loc":{"start":{"line":44,"column":3},"end":{"line":46,"column":null}},"type":"if","locations":[{"start":{"line":44,"column":3},"end":{"line":46,"column":null}},{"start":{"line":44,"column":3},"end":{"line":46,"column":null}}]},"3":{"loc":{"start":{"line":79,"column":2},"end":{"line":84,"column":null}},"type":"if","locations":[{"start":{"line":79,"column":2},"end":{"line":84,"column":null}},{"start":{"line":79,"column":2},"end":{"line":84,"column":null}}]},"4":{"loc":{"start":{"line":79,"column":6},"end":{"line":79,"column":26}},"type":"binary-expr","locations":[{"start":{"line":79,"column":6},"end":{"line":79,"column":26}},{"start":{"line":79,"column":30},"end":{"line":79,"column":55}}]},"5":{"loc":{"start":{"line":92,"column":4},"end":{"line":92,"column":27}},"type":"switch","locations":[{"start":{"line":92,"column":4},"end":{"line":92,"column":27}},{"start":{"line":93,"column":4},"end":{"line":93,"column":23}},{"start":{"line":94,"column":4},"end":{"line":103,"column":10}},{"start":{"line":105,"column":4},"end":{"line":136,"column":10}},{"start":{"line":138,"column":4},"end":{"line":140,"column":null}}]},"6":{"loc":{"start":{"line":95,"column":5},"end":{"line":97,"column":null}},"type":"if","locations":[{"start":{"line":95,"column":5},"end":{"line":97,"column":null}},{"start":{"line":95,"column":5},"end":{"line":97,"column":null}}]},"7":{"loc":{"start":{"line":99,"column":5},"end":{"line":101,"column":null}},"type":"if","locations":[{"start":{"line":99,"column":5},"end":{"line":101,"column":null}},{"start":{"line":99,"column":5},"end":{"line":101,"column":null}}]},"8":{"loc":{"start":{"line":106,"column":5},"end":{"line":108,"column":null}},"type":"if","locations":[{"start":{"line":106,"column":5},"end":{"line":108,"column":null}},{"start":{"line":106,"column":5},"end":{"line":108,"column":null}}]},"9":{"loc":{"start":{"line":110,"column":27},"end":{"line":110,"column":40}},"type":"binary-expr","locations":[{"start":{"line":110,"column":27},"end":{"line":110,"column":40}},{"start":{"line":110,"column":44},"end":{"line":110,"column":59}}]},"10":{"loc":{"start":{"line":114,"column":5},"end":{"line":134,"column":null}},"type":"if","locations":[{"start":{"line":114,"column":5},"end":{"line":134,"column":null}},{"start":{"line":114,"column":5},"end":{"line":134,"column":null}}]},"11":{"loc":{"start":{"line":123,"column":6},"end":{"line":125,"column":null}},"type":"if","locations":[{"start":{"line":123,"column":6},"end":{"line":125,"column":null}},{"start":{"line":123,"column":6},"end":{"line":125,"column":null}}]},"12":{"loc":{"start":{"line":129,"column":6},"end":{"line":131,"column":null}},"type":"if","locations":[{"start":{"line":129,"column":6},"end":{"line":131,"column":null}},{"start":{"line":129,"column":6},"end":{"line":131,"column":null}}]},"13":{"loc":{"start":{"line":146,"column":3},"end":{"line":148,"column":null}},"type":"if","locations":[{"start":{"line":146,"column":3},"end":{"line":148,"column":null}},{"start":{"line":146,"column":3},"end":{"line":148,"column":null}}]},"14":{"loc":{"start":{"line":163,"column":3},"end":{"line":163,"column":26}},"type":"switch","locations":[{"start":{"line":163,"column":3},"end":{"line":163,"column":26}},{"start":{"line":164,"column":3},"end":{"line":164,"column":22}},{"start":{"line":165,"column":3},"end":{"line":165,"column":31}},{"start":{"line":166,"column":3},"end":{"line":171,"column":null}},{"start":{"line":173,"column":3},"end":{"line":175,"column":null}}]}},"s":{"0":0,"1":0,"2":0,"3":0,"4":0,"5":0,"6":0,"7":0,"8":0,"9":0,"10":0,"11":0,"12":0,"13":0,"14":0,"15":0,"16":0,"17":0,"18":0,"19":0,"20":0,"21":0,"22":0,"23":0,"24":0,"25":0,"26":0,"27":0,"28":0,"29":0,"30":0,"31":0,"32":0,"33":0,"34":0,"35":0,"36":0,"37":0,"38":0,"39":0,"40":0,"41":0,"42":0,"43":0,"44":0,"45":3,"46":3,"47":1,"48":1,"49":1},"f":{"0":0,"1":0},"b":{"0":[0,0],"1":[0,0],"2":[0,0],"3":[0,0],"4":[0,0],"5":[0,0,0,0,0],"6":[0,0],"7":[0,0],"8":[0,0],"9":[0,0],"10":[0,0],"11":[0,0],"12":[0,0],"13":[0,0],"14":[0,0,0,0,0]},"_coverageSchema":"1a1c01bbd47fc00a2c39e90264f33305004495a9","hash":"a93e83be2210d9df687ff9e90d59dde6e64da99d"}
[...]
column":1},"end":{"line":70,"column":null}},"17":{"start":{"line":62,"column":14},"end":{"line":62,"column":15}},"18":{"start":{"line":63,"column":2},"end":{"line":65,"column":null}},"19":{"start":{"line":64,"column":3},"end":{"line":64,"column":12}},"20":{"start":{"line":67,"column":2},"end":{"line":67,"column":21}},"21":{"start":{"line":69,"column":2},"end":{"line":69,"column":27}},"22":{"start":{"line":72,"column":1},"end":{"line":72,"column":23}},"23":{"start":{"line":213,"column":1},"end":{"line":213,"column":29}},"24":{"start":{"line":80,"column":32},"end":{"line":90,"column":1}},"25":{"start":{"line":81,"column":1},"end":{"line":83,"column":null}},"26":{"start":{"line":82,"column":2},"end":{"line":82,"column":15}},"27":{"start":{"line":85,"column":1},"end":{"line":87,"column":null}},"28":{"start":{"line":86,"column":2},"end":{"line":86,"column":15}},"29":{"start":{"line":89,"column":1},"end":{"line":89,"column":13}},"30":{"start":{"line":215,"column":1},"end":{"line":215,"column":24}},"31":{"start":{"line":97,"column":32},"end":{"line":107,"column":1}},"32":{"start":{"line":98,"column":1},"end":{"line":100,"column":null}},"33":{"start":{"line":99,"column":2},"end":{"line":99,"column":15}},"34":{"start":{"line":102,"column":1},"end":{"line":104,"column":null}},"35":{"start":{"line":103,"column":2},"end":{"line":103,"column":15}},"36":{"start":{"line":106,"column":1},"end":{"line":106,"column":13}},"37":{"start":{"line":214,"column":1},"end":{"line":214,"column":24}},"38":{"start":{"line":114,"column":29},"end":{"line":124,"column":1}},"39":{"start":{"line":115,"column":1},"end":{"line":117,"column":null}},"40":{"start":{"line":116,"column":2},"end":{"line":116,"column":15}},"41":{"start":{"line":119,"column":1},"end":{"line":121,"column":null}},"42":{"start":{"line":120,"column":2},"end":{"line":120,"column":15}},"43":{"start":{"line":123,"column":1},"end":{"line":123,"column":13}},"44":{"start":{"line":216,"column":1},"end":{"line":216,"column":21}},"45":{"start":{"line":133,"column":20},"end":{"line":145,"column":1}},"46":{"start":{"line":134,"column":1},"end":{"line":136,"column":null}},"47":{"start":{"line":135,"column":2},"end":{"line":135,"column":64}},"48":{"start":{"line":138,"column":1},"end":{"line":138,"column":23}},"49":{"start":{"line":140,"column":1},"end":{"line":142,"column":null}},"50":{"start":{"line":141,"column":2},"end":{"line":141,"column":9}},"51":{"start":{"line":144,"column":1},"end":{"line":144,"column":15}},"52":{"start":{"line":217,"column":1},"end":{"line":217,"column":12}},"53":{"start":{"line":155,"column":27},"end":{"line":165,"column":1}},"54":{"start":{"line":156,"column":1},"end":{"line":158,"column":null}},"55":{"start":{"line":157,"column":2},"end":{"line":157,"column":52}},"56":{"start":{"line":160,"column":1},"end":{"line":162,"column":null}},"57":{"start":{"line":161,"column":2},"end":{"line":161,"column":60}},"58":{"start":{"line":164,"column":1},"end":{"line":164,"column":59}},"59":{"start":{"line":218,"column":1},"end":{"line":218,"column":19}},"60":{"start":{"line":174,"column":27},"end":{"line":189,"column":1}},"61":{"start":{"line":182,"column":19},"end":{"line":182,"column":31}},"62":{"start":{"line":184,"column":1},"end":{"line":186,"column":null}},"63":{"start":{"line":185,"column":2},"end":{"line":185,"column":9}},"64":{"start":{"line":188,"column":1},"end":{"line":188,"column":105}},"65":{"start":{"line":219,"column":1},"end":{"line":219,"column":19}},"66":{"start":{"line":197,"column":28},"end":{"line":208,"column":1}},"67":{"start":{"line":198,"column":1},"end":{"line":198,"column":25}},"68":{"start":{"line":201,"column":1},"end":{"line":207,"column":54}},"69":{"start":{"line":220,"column":1},"end":{"line":220,"column":20}}},"fnMap":{"0":{"name":"(anonymous_0)","decl":{"start":{"line":19,"column":15},"end":{"line":19,"column":16}},"loc":{"start":{"line":19,"column":44},"end":{"line":25,"column":1}}},"1":{"name":"(anonymous_1)","decl":{"start":{"line":33,"column":30},"end":{"line":33,"column":31}},"loc":{"start":{"line":33,"column":63},"end":{"line":46,"column":1}}},"2":{"name":"(anonymous_2)","decl":{"start":{"line":43,"column":26},"end":{"line":43,"column":27}},"loc":{"start":{"line":43,"column":48},"end":{"line":43,"column":76}}},"3":{"name":"(anonymous_3)","decl":{"start":{"line":54,"column":37},"end":{"line":54,"column":38}},"loc":{"start":{"line":54,"column":71},"end":{"line":73,"column":1}}},"4":{"name":"(anonymous_4)","decl":{"start":{"line":80,"column":32},"end":{"line":80,"column":33}},"loc":{"start":{"line":80,"column":55},"end":{"line":90,"column":1}}},"5":{"name":"(anonymous_5)","decl":{"start":{"line":97,"column":32},"end":{"line":97,"column":33}},"loc":{"start":{"line":97,"column":55},"end":{"line":107,"column":1}}},"6":{"name":"(anonymous_6)","decl":{"start":{"line":114,"column":29},"end":{"line":114,"column":30}},"loc":{"start":{"line":114,"column":52},"end":{"line":124,"column":1}}},"7":{"name":"(anonymous_7)","decl":{"start":{"line":133,"column":20},"end":{"line":133,"column":21}},"loc":{"start":{"line":133,"column":85},"end":{"line":145,"column":1}}},"8":{"name":"(anonymous_8)","decl":{"start":{"line":155,"column":27},"end":{"line":155,"column":28}},"loc":{"start":{"line":155,"column":86},"end":{"line":165,"column":1}}},"9":{"name":"(anonymous_9)","decl":{"start":{"line":174,"column":27},"end":{"line":174,"column":28}},"loc":{"start":{"line":174,"column":66},"end":{"line":189,"column":1}}},"10":{"name":"(anonymous_10)","decl":{"start":{"line":197,"column":28},"end":{"line":197,"column":29}},"loc":{"start":{"line":197,"column":59},"end":{"line":208,"column":1}}}},"branchMap":{"0":{"loc":{"start":{"line":20,"column":1},"end":{"line":22,"column":null}},"type":"if","locations":[{"start":{"line":20,"column":1},"end":{"line":22,"column":null}},{"start":{"line":20,"column":1},"end":{"line":22,"column":null}}]},"1":{"loc":{"start":{"line":34,"column":1},"end":{"line":36,"column":null}},"type":"if","locations":[{"start":{"line":34,"column":1},"end":{"line":36,"column":null}},{"start":{"line":34,"column":1},"end":{"line":36,"column":null}}]},"2":{"loc":{"start":{"line":55,"column":1},"end":{"line":57,"column":null}},"type":"if","locations":[{"start":{"line":55,"column":1},"end":{"line":57,"column":null}},{"start":{"line":55,"column":1},"end":{"line":57,"column":null}}]},"3":{"loc":{"start":{"line":63,"column":2},"end":{"line":65,"column":null}},"type":"if","locations":[{"start":{"line":63,"column":2},"end":{"line":65,"column":null}},{"start":{"line":63,"column":2},"end":{"line":65,"column":null}}]},"4":{"loc":{"start":{"line":81,"column":1},"end":{"line":83,"column":null}},"type":"if","locations":[{"start":{"line":81,"column":1},"end":{"line":83,"column":null}},{"start":{"line":81,"column":1},"end":{"line":83,"column":null}}]},"5":{"loc":{"start":{"line":85,"column":1},"end":{"line":87,"column":null}},"type":"if","locations":[{"start":{"line":85,"column":1},"end":{"line":87,"column":null}},{"start":{"line":85,"column":1},"end":{"line":87,"column":null}}]},"6":{"loc":{"start":{"line":98,"column":1},"end":{"line":100,"column":null}},"type":"if","locations":[{"start":{"line":98,"column":1},"end":{"line":100,"column":null}},{"start":{"line":98,"column":1},"end":{"line":100,"column":null}}]},"7":{"loc":{"start":{"line":102,"column":1},"end":{"line":104,"column":null}},"type":"if","locations":[{"start":{"line":102,"column":1},"end":{"line":104,"column":null}},{"start":{"line":102,"column":1},"end":{"line":104,"column":null}}]},"8":{"loc":{"start":{"line":115,"column":1},"end":{"line":117,"column":null}},"type":"if","locations":[{"start":{"line":115,"column":1},"end":{"line":117,"column":null}},{"start":{"line":115,"column":1},"end":{"line":117,"column":null}}]},"9":{"loc":{"start":{"line":119,"column":1},"end":{"line":121,"column":null}},"type":"if","locations":[{"start":{"line":119,"column":1},"end":{"line":121,"column":null}},{"start":{"line":119,"column":1},"end":{"line":121,"column":null}}]},"10":{"loc":{"start":{"line":134,"column":1},"end":{"line":136,"column":null}},"type":"if","locations":[{"start":{"line":134,"column":1},"end":{"line":136,"column":null}},{"start":{"line":134,"column":1},"end":{"line":136,"column":null}}]},"11":{"loc":{"start":{"line":140,"column":1},"end":{"line":142,"column":null}},"type":"if","locations":[{"start":{"line":140,"column":1},"end":{"line":142,"column":null}},{"start":{"line":140,"column":1},"end":{"line":142,"column":null}}]},"12":{"loc":{"start":{"line":156,"column":1},"end":{"line":158,"column":null}},"type":"if","locations":[{"start":{"line":156,"column":1},"end":{"line":158,"column":null}},{"start":{"line":156,"column":1},"end":{"line":158,"column":null}}]},"13":{"loc":{"start":{"line":160,"column":1},"end":{"line":162,"column":null}},"type":"if","locations":[{"start":{"line":160,"column":1},"end":{"line":162,"column":null}},{"start":{"line":160,"column":1},"end":{"line":162,"column":null}}]},"14":{"loc":{"start":{"line":184,"column":1},"end":{"line":186,"column":null}},"type":"if","locations":[{"start":{"line":184,"column":1},"end":{"line":186,"column":null}},{"start":{"line":184,"column":1},"end":{"line":186,"column":null}}]},"15":{"loc":{"start":{"line":184,"column":5},"end":{"line":184,"column":34}},"type":"binary-expr","locations":[{"start":{"line":184,"column":5},"end":{"line":184,"column":34}},{"start":{"line":184,"column":38},"end":{"line":184,"column":68}}]}},"s":{"0":6,"1":6,"2":3,"3":3,"4":6,"5":6,"6":3,"7":3,"8":6,"9":3,"10":4,"11":6,"12":5,"13":3,"14":3,"15":3,"16":3,"17":4,"18":5,"19":3,"20":3,"21":3,"22":4,"23":5,"24":5,"25":8,"26":3,"27":5,"28":4,"29":8,"30":3,"31":9,"32":14,"33":5,"34":12,"35":7,"36":7,"37":4,"38":5,"39":7,"40":4,"41":7,"42":3,"43":4,"44":4,"45":5,"46":7,"47":4,"48":7,"49":5,"50":4,"51":3,"52":3,"53":6,"54":11,"55":7,"56":7,"57":4,"58":4,"59":4,"60":5,"61":10,"62":10,"63":6,"64":4,"65":2,"66":4,"67":4,"68":2,"69":2},"f":{"0":6,"1":6,"2":6,"3":6,"4":9,"5":18,"6":9,"7":9,"8":9,"9":15,"10":6},"b":{"0":[3,3],"1":[3,3],"2":[3,3],"3":[3,3],"4":[3,6],"5":[3,3],"6":[3,15],"7":[6,9],"8":[3,6],"9":[3,3],"10":[3,6],"11":[3,3],"12":[3,6],"13":[3,3],"14":[9,6],"15":[15,12]},"_coverageSchema":"1a1c01bbd47fc00a2c39e90264f33305004495a9","hash":"eb382decc591d2f11dde87f5d278be2c61128d77"}
,"C:\\Users\\joeku\\OneDrive\\_junk\\ks\\tfjs-node-grid-search\\src\\lib\\types.ts": {"path":"C:\\Users\\joeku\\OneDrive\\_junk\\ks\\tfjs-node-grid-search\\src\\lib\\types.ts","statementMap":{},"fnMap":{},"branchMap":{},"s":{},"f":{},"b":{},"_coverageSchema":"1a1c01bbd47fc00a2c39e90264f33305004495a9","hash":"81500240e9b7732af8a4902c15dd005dcec75d56"}
,"C:\\Users\\joeku\\OneDrive\\_junk\\ks\\tfjs-node-grid-search\\src\\lib\\progression\\ExponentialProgression.ts": {"path":"C:\\Users\\joeku\\OneDrive\\_junk\\ks\\tfjs-node-grid-search\\src\\lib\\progression\\ExponentialProgression.ts","statementMap":{"0":{"start":{"line":7,"column":29},"end":{"line":7,"column":42}},"1":{"start":{"line":33,"column":2},"end":{"line":34,"column":26}},"2":{"start":{"line":22,"column":9},"end":{"line":22,"column":19}},"3":{"start":{"line":23,"column":9},"end":{"line":23,"column":20}},"4":{"start":{"line":24,"column":9},"end":{"line":24,"column":19}},"5":{"start":{"line":40,"column":2},"end":{"line":40,"column":29}},"6":{"start":{"line":41,"column":2},"end":{"line":41,"column":30}},"7":{"start":{"line":43,"column":2},"end":{"line":43,"column":20}},"8":{"start":{"line":44,"column":2},"end":{"line":44,"column":22}},"9":{"start":{"line":47,"column":2},"end":{"line":47,"column":19}},"10":{"start":{"line":54,"column":2},"end":{"line":54,"column":63}},"11":{"start":{"line":56,"column":2},"end":{"line":56,"column":15}},"12":{"start":{"line":60,"column":2},"end":{"line":60,"column":16}},"13":{"start":{"line":62,"column":2},"end":{"line":62,"column":19}},"14":{"start":{"line":66,"column":2},"end":{"line":66,"column":17}},"15":{"start":{"line":71,"column":0},"end":{"line":71,"column":38}},"16":{"start":{"line":4,"column":0},"end":{"line":4,"column":45}},"17":{"start":{"line":73,"column":9},"end":{"line":73,"column":31}}},"fnMap":{"0":{"name":"(anonymous_0)","decl":{"start":{"line":32,"column":1},"end":{"line":32,"column":13}},"loc":{"start":{"line":32,"column":40},"end":{"line":48,"column":2}}},"1":{"name":"(anonymous_1)","decl":{"start":{"line":53,"column":1},"end":{"line":53,"column":8}},"loc":{"start":{"line":53,"column":8},"end":{"line":57,"column":2}}},"2":{"name":"(anonymous_2)","decl":{"start":{"line":59,"column":1},"end":{"line":59,"column":6}},"loc":{"start":{"line":59,"column":6},"end":{"line":63,"column":2}}},"3":{"name":"(anonymous_3)","decl":{"start":{"line":65,"column":9},"end":{"line":65,"column":18}},"loc":{"start":{"line":65,"column":18},"end":{"line":67,"column":2}}}},"branchMap":{"0":{"loc":{"start":{"line":33,"column":9},"end":{"line":33,"column":34}},"type":"binary-expr","locations":[{"start":{"line":33,"column":9},"end":{"line":33,"column":34}},{"start":{"line":33,"column":38},"end":{"line":33,"column":65}}]}},"s":{"0":3,"1":0,"2":0,"3":0,"4":0,"5":0,"6":0,"7":0,"8":0,"9":0,"10":0,"11":0,"12":0,"13":0,"14":0,"15":3,"16":1,"17":1},"f":{"0":0,"1":0,"2":0,"3":0},"b":{"0":[0,0]},"_coverageSchema":"1a1c01bbd47fc00a2c39e90264f33305004495a9","hash":"99deaccf1f217c7efc356c40e5daac9d06b645d5"}
,"C:\\Users\\joeku\\OneDrive\\_junk\\ks\\tfjs-node-grid-search\\src\\lib\\progression\\FibonacciProgression.ts": {"path":"C:\\Users\\joeku\\OneDrive\\_junk\\ks\\tfjs-node-grid-search\\src\\lib\\progression\\FibonacciProgression.ts","statementMap":{"0":{"start":{"line":7,"column":29},"end":{"line":7,"column":40}},"1":{"start":{"line":42,"column":2},"end":{"line":43,"column":26}},"2":{"start":{"line":33,"column":21},"end":{"line":33,"column":39}},"3":{"start":{"line":24,"column":9},"end":{"line":24,"column":20}},"4":{"start":{"line":25,"column":9},"end":{"line":25,"column":20}},"5":{"start":{"line":26,"column":9},"end":{"line":26,"column":24}},"6":{"start":{"line":27,"column":9},"end":{"line":27,"column":24}},"7":{"start":{"line":45,"column":2},"end":{"line":45,"column":39}},"8":{"start":{"line":46,"column":2},"end":{"line":46,"column":66}},"9":{"start":{"line":49,"column":2},"end":{"line":61,"column":null}},"10":{"start":{"line":50,"column":3},"end":{"line":50,"column":23}},"11":{"start":{"line":51,"column":3},"end":{"line":51,"column":23}},"12":{"start":{"line":54,"column":22},"end":{"line":54,"column":68}},"13":{"start":{"line":58,"column":3},"end":{"line":58,"column":123}},"14":{"start":{"line":60,"column":3},"end":{"line":60,"column":93}},"15":{"start":{"line":63,"column":2},"end":{"line":66,"column":null}},"16":{"start":{"line":65,"column":3},"end":{"line":65,"column":115}},"17":{"start":{"line":69,"column":2},"end":{"line":69,"column":30}},"18":{"start":{"line":76,"column":2},"end":{"line":76,"column":42}},"19":{"start":{"line":78,"column":2},"end":{"line":78,"column":28}},"20":{"start":{"line":80,"column":2},"end":{"line":80,"column":28}},"21":{"start":{"line":84,"column":2},"end":{"line":84,"column":16}},"22":{"start":{"line":86,"column":2},"end":{"line":86,"column":30}},"23":{"start":{"line":90,"column":2},"end":{"line":90,"column":32}},"24":{"start":{"line":91,"column":2},"end":{"line":91,"column":32}},"25":{"start":{"line":102,"column":38},"end":{"line":114,"column":1}},"26":{"start":{"line":108,"column":1},"end":{"line":108,"column":24}},"27":{"start":{"line":109,"column":1},"end":{"line":113,"column":8}},"28":{"start":{"line":116,"column":36},"end":{"line":116,"column":48}},"29":{"start":{"line":119,"column":0},"end":{"line":119,"column":36}},"30":{"start":{"line":4,"column":0},"end":{"line":4,"column":45}},"31":{"start":{"line":121,"column":9},"end":{"line":121,"column":29}}},"fnMap":{"0":{"name":"(anonymous_0)","decl":{"start":{"line":33,"column":1},"end":{"line":33,"column":21}},"loc":{"start":{"line":33,"column":39},"end":{"line":70,"column":2}}},"1":{"name":"(anonymous_1)","decl":{"start":{"line":75,"column":1},"end":{"line":75,"column":8}},"loc":{"start":{"line":75,"column":8},"end":{"line":81,"column":2}}},"2":{"name":"(anonymous_2)","decl":{"start":{"line":83,"column":1},"end":{"line":83,"column":6}},"loc":{"start":{"line":83,"column":6},"end":{"line":87,"column":2}}},"3":{"name":"(anonymous_3)","decl":{"start":{"line":89,"column":9},"end":{"line":89,"column":29}},"loc":{"start":{"line":89,"column":29},"end":{"line":92,"column":2}}},"4":{"name":"(anonymous_4)","decl":{"start":{"line":102,"column":38},"end":{"line":102,"column":39}},"loc":{"start":{"line":102,"column":74},"end":{"line":114,"column":1}}}},"branchMap":{"0":{"loc":{"start":{"line":49,"column":2},"end":{"line":61,"column":null}},"type":"if","locations":[{"start":{"line":49,"column":2},"end":{"line":61,"column":null}},{"start":{"line":49,"column":2},"end":{"line":61,"column":null}}]},"1":{"loc":{"start":{"line":63,"column":2},"end":{"line":66,"column":null}},"type":"if","locations":[{"start":{"line":63,"column":2},"end":{"line":66,"column":null}},{"start":{"line":63,"column":2},"end":{"line":66,"column":null}}]},"2":{"loc":{"start":{"line":63,"column":6},"end":{"line":63,"column":39}},"type":"binary-expr","locations":[{"start":{"line":63,"column":6},"end":{"line":63,"column":39}},{"start":{"line":64,"column":7},"end":{"line":64,"column":42}},{"start":{"line":64,"column":46},"end":{"line":64,"column":67}}]},"3":{"loc":{"start":{"line":102,"column":54},"end":{"line":102,"column":55}},"type":"default-arg","locations":[{"start":{"line":102,"column":54},"end":{"line":102,"column":55}}]},"4":{"loc":{"start":{"line":102,"column":61},"end":{"line":102,"column":62}},"type":"default-arg","locations":[{"start":{"line":102,"column":61},"end":{"line":102,"column":62}}]},"5":{"loc":{"start":{"line":110,"column":5},"end":{"line":110,"column":47}},"type":"cond-expr","locations":[{"start":{"line":110,"column":5},"end":{"line":110,"column":47}},{"start":{"line":111,"column":5},"end":{"line":113,"column":7}}]},"6":{"loc":{"start":{"line":112,"column":6},"end":{"line":112,"column":7}},"type":"cond-expr","locations":[{"start":{"line":112,"column":6},"end":{"line":112,"column":7}},{"start":{"line":113,"column":6},"end":{"line":113,"column":7}}]}},"s":{"0":3,"1":0,"2":0,"3":0,"4":0,"5":0,"6":0,"7":0,"8":0,"9":0,"10":0,"11":0,"12":0,"13":0,"14":0,"15":0,"16":0,"17":0,"18":0,"19":0,"20":0,"21":0,"22":0,"23":0,"24":1,"25":2,"26":0,"27":1,"28":3,"29":2,"30":1,"31":1},"f":{"0":0,"1":0,"2":0,"3":0,"4":0},"b":{"0":[0,0],"1":[0,0],"2":[0,0,0],"3":[0],"4":[0],"5":[0,0],"6":[0,0]},"_coverageSchema":"1a1c01bbd47fc00a2c39e90264f33305004495a9","hash":"e92991b07de12fc92d6e648b54a2cb06dd16a35f"}
,"C:\\Users\\joeku\\OneDrive\\_junk\\ks\\tfjs-node-grid-search\\src\\lib\\progression\\LinearProgression.ts": {"path":"C:\\Users\\joeku\\OneDrive\\_junk\\ks\\tfjs-node-grid-search\\src\\lib\\progression\\LinearProgression.ts","statementMap":{"0":{"start":{"line":7,"column":29},"end":{"line":7,"column":37}},"1":{"start":{"line":29,"column":2},"end":{"line":30,"column":26}},"2":{"start":{"line":22,"column":9},"end":{"line":22,"column":19}},"3":{"start":{"line":32,"column":2},"end":{"line":32,"column":20}},"4":{"start":{"line":39,"column":2},"end":{"line":39,"column":28}},"5":{"start":{"line":44,"column":0},"end":{"line":44,"column":33}},"6":{"start":{"line":4,"column":0},"end":{"line":4,"column":45}},"7":{"start":{"line":46,"column":9},"end":{"line":46,"column":26}}},"fnMap":{"0":{"name":"(anonymous_0)","decl":{"start":{"line":28,"column":1},"end":{"line":28,"column":13}},"loc":{"start":{"line":28,"column":25},"end":{"line":33,"column":2}}},"1":{"name":"(anonymous_1)","decl":{"start":{"line":38,"column":1},"end":{"line":38,"column":8}},"loc":{"start":{"line":38,"column":8},"end":{"line":40,"column":2}}}},"branchMap":{},"s":{"0":3,"1":0,"2":0,"3":0,"4":0,"5":3,"6":1,"7":1},"f":{"0":0,"1":0},"b":{},"_coverageSchema":"1a1c01bbd47fc00a2c39e90264f33305004495a9","hash":"eb6bce4219737af3ff7ad9ad8d7a56aa5b9427fa"}
}
