{"total": {"lines":{"total":934,"covered":934,"skipped":0,"pct":100},"statements":{"total":987,"covered":987,"skipped":0,"pct":100},"functions":{"total":195,"covered":195,"skipped":0,"pct":100},"branches":{"total":236,"covered":236,"skipped":0,"pct":100}}
,"C:\\Users\\joeku\\OneDrive\\_junk\\ks\\tfjs-node-grid-search\\src\\main.ts": {"lines":{"total":25,"covered":25,"skipped":0,"pct":100},"functions":{"total":24,"covered":24,"skipped":0,"pct":100},"statements":{"total":49,"covered":49,"skipped":0,"pct":100},"branches":{"total":0,"covered":0,"skipped":0,"pct":100}}
,"C:\\Users\\joeku\\OneDrive\\_junk\\ks\\tfjs-node-grid-search\\src\\lib\\Axis.ts": {"lines":{"total":85,"covered":85,"skipped":0,"pct":100},"functions":{"total":11,"covered":11,"skipped":0,"pct":100},"statements":{"total":88,"covered":88,"skipped":0,"pct":100},"branches":{"total":49,"covered":49,"skipped":0,"pct":100}}
,"C:\\Users\\joeku\\OneDrive\\_junk\\ks\\tfjs-node-grid-search\\src\\lib\\AxisSet.ts": {"lines":{"total":26,"covered":26,"skipped":0,"pct":100},"functions":{"total":10,"covered":10,"skipped":0,"pct":100},"statements":{"total":27,"covered":27,"skipped":0,"pct":100},"branches":{"total":2,"covered":2,"skipped":0,"pct":100}}
,"C:\\Users\\joeku\\OneDrive\\_junk\\ks\\tfjs-node-grid-search\\src\\lib\\AxisSetTraverser.ts": {"lines":{"total":47,"covered":47,"skipped":0,"pct":100},"functions":{"total":10,"covered":10,"skipped":0,"pct":100},"statements":{"total":50,"covered":50,"skipped":0,"pct":100},"branches":{"total":10,"covered":10,"skipped":0,"pct":100}}
,"C:\\Users\\joeku\\OneDrive\\_junk\\ks\\tfjs-node-grid-search\\src\\lib\\DataSet.ts": {"lines":{"total":9,"covered":9,"skipped":0,"pct":100},"functions":{"total":3,"covered":3,"skipped":0,"pct":100},"statements":{"total":10,"covered":10,"skipped":0,"pct":100},"branches":{"total":2,"covered":2,"skipped":0,"pct":100}}
,"C:\\Users\\joeku\\OneDrive\\_junk\\ks\\tfjs-node-grid-search\\src\\lib\\DataSetFetcher.ts": {"lines":{"total":22,"covered":22,"skipped":0,"pct":100},"functions":{"total":3,"covered":3,"skipped":0,"pct":100},"statements":{"total":22,"covered":22,"skipped":0,"pct":100},"branches":{"total":4,"covered":4,"skipped":0,"pct":100}}
,"C:\\Users\\joeku\\OneDrive\\_junk\\ks\\tfjs-node-grid-search\\src\\lib\\EpochStats.ts": {"lines":{"total":54,"covered":54,"skipped":0,"pct":100},"functions":{"total":18,"covered":18,"skipped":0,"pct":100},"statements":{"total":58,"covered":58,"skipped":0,"pct":100},"branches":{"total":10,"covered":10,"skipped":0,"pct":100}}
,"C:\\Users\\joeku\\OneDrive\\_junk\\ks\\tfjs-node-grid-search\\src\\lib\\FailureMessage.ts": {"lines":{"total":7,"covered":7,"skipped":0,"pct":100},"functions":{"total":3,"covered":3,"skipped":0,"pct":100},"statements":{"total":7,"covered":7,"skipped":0,"pct":100},"branches":{"total":0,"covered":0,"skipped":0,"pct":100}}
,"C:\\Users\\joeku\\OneDrive\\_junk\\ks\\tfjs-node-grid-search\\src\\lib\\FileIO.ts": {"lines":{"total":35,"covered":35,"skipped":0,"pct":100},"functions":{"total":6,"covered":6,"skipped":0,"pct":100},"statements":{"total":36,"covered":36,"skipped":0,"pct":100},"branches":{"total":2,"covered":2,"skipped":0,"pct":100}}
,"C:\\Users\\joeku\\OneDrive\\_junk\\ks\\tfjs-node-grid-search\\src\\lib\\FileIOResult.ts": {"lines":{"total":7,"covered":7,"skipped":0,"pct":100},"functions":{"total":3,"covered":3,"skipped":0,"pct":100},"statements":{"total":7,"covered":7,"skipped":0,"pct":100},"branches":{"total":0,"covered":0,"skipped":0,"pct":100}}
,"C:\\Users\\joeku\\OneDrive\\_junk\\ks\\tfjs-node-grid-search\\src\\lib\\Grid.ts": {"lines":{"total":130,"covered":130,"skipped":0,"pct":100},"functions":{"total":10,"covered":10,"skipped":0,"pct":100},"statements":{"total":134,"covered":134,"skipped":0,"pct":100},"branches":{"total":18,"covered":18,"skipped":0,"pct":100}}
,"C:\\Users\\joeku\\OneDrive\\_junk\\ks\\tfjs-node-grid-search\\src\\lib\\GridOptions.ts": {"lines":{"total":58,"covered":58,"skipped":0,"pct":100},"functions":{"total":2,"covered":2,"skipped":0,"pct":100},"statements":{"total":58,"covered":58,"skipped":0,"pct":100},"branches":{"total":33,"covered":33,"skipped":0,"pct":100}}
,"C:\\Users\\joeku\\OneDrive\\_junk\\ks\\tfjs-node-grid-search\\src\\lib\\GridRunStats.ts": {"lines":{"total":28,"covered":28,"skipped":0,"pct":100},"functions":{"total":7,"covered":7,"skipped":0,"pct":100},"statements":{"total":29,"covered":29,"skipped":0,"pct":100},"branches":{"total":4,"covered":4,"skipped":0,"pct":100}}
,"C:\\Users\\joeku\\OneDrive\\_junk\\ks\\tfjs-node-grid-search\\src\\lib\\IterationResult.ts": {"lines":{"total":30,"covered":30,"skipped":0,"pct":100},"functions":{"total":12,"covered":12,"skipped":0,"pct":100},"statements":{"total":30,"covered":30,"skipped":0,"pct":100},"branches":{"total":0,"covered":0,"skipped":0,"pct":100}}
,"C:\\Users\\joeku\\OneDrive\\_junk\\ks\\tfjs-node-grid-search\\src\\lib\\ModelParams.ts": {"lines":{"total":37,"covered":37,"skipped":0,"pct":100},"functions":{"total":7,"covered":7,"skipped":0,"pct":100},"statements":{"total":37,"covered":37,"skipped":0,"pct":100},"branches":{"total":10,"covered":10,"skipped":0,"pct":100}}
,"C:\\Users\\joeku\\OneDrive\\_junk\\ks\\tfjs-node-grid-search\\src\\lib\\ModelStatics.ts": {"lines":{"total":35,"covered":35,"skipped":0,"pct":100},"functions":{"total":8,"covered":8,"skipped":0,"pct":100},"statements":{"total":35,"covered":35,"skipped":0,"pct":100},"branches":{"total":18,"covered":18,"skipped":0,"pct":100}}
,"C:\\Users\\joeku\\OneDrive\\_junk\\ks\\tfjs-node-grid-search\\src\\lib\\ModelTestStats.ts": {"lines":{"total":14,"covered":14,"skipped":0,"pct":100},"functions":{"total":4,"covered":4,"skipped":0,"pct":100},"statements":{"total":14,"covered":14,"skipped":0,"pct":100},"branches":{"total":0,"covered":0,"skipped":0,"pct":100}}
,"C:\\Users\\joeku\\OneDrive\\_junk\\ks\\tfjs-node-grid-search\\src\\lib\\PredictionEvaluation.ts": {"lines":{"total":9,"covered":9,"skipped":0,"pct":100},"functions":{"total":3,"covered":3,"skipped":0,"pct":100},"statements":{"total":9,"covered":9,"skipped":0,"pct":100},"branches":{"total":2,"covered":2,"skipped":0,"pct":100}}
,"C:\\Users\\joeku\\OneDrive\\_junk\\ks\\tfjs-node-grid-search\\src\\lib\\SessionData.ts": {"lines":{"total":134,"covered":134,"skipped":0,"pct":100},"functions":{"total":24,"covered":24,"skipped":0,"pct":100},"statements":{"total":143,"covered":143,"skipped":0,"pct":100},"branches":{"total":28,"covered":28,"skipped":0,"pct":100}}
,"C:\\Users\\joeku\\OneDrive\\_junk\\ks\\tfjs-node-grid-search\\src\\lib\\Utils.ts": {"lines":{"total":69,"covered":69,"skipped":0,"pct":100},"functions":{"total":11,"covered":11,"skipped":0,"pct":100},"statements":{"total":71,"covered":71,"skipped":0,"pct":100},"branches":{"total":32,"covered":32,"skipped":0,"pct":100}}
,"C:\\Users\\joeku\\OneDrive\\_junk\\ks\\tfjs-node-grid-search\\src\\lib\\types.ts": {"lines":{"total":0,"covered":0,"skipped":0,"pct":0},"functions":{"total":0,"covered":0,"skipped":0,"pct":0},"statements":{"total":0,"covered":0,"skipped":0,"pct":0},"branches":{"total":0,"covered":0,"skipped":0,"pct":0}}
,"C:\\Users\\joeku\\OneDrive\\_junk\\ks\\tfjs-node-grid-search\\src\\lib\\progression\\ExponentialProgression.ts": {"lines":{"total":19,"covered":19,"skipped":0,"pct":100},"functions":{"total":4,"covered":4,"skipped":0,"pct":100},"statements":{"total":19,"covered":19,"skipped":0,"pct":100},"branches":{"total":2,"covered":2,"skipped":0,"pct":100}}
,"C:\\Users\\joeku\\OneDrive\\_junk\\ks\\tfjs-node-grid-search\\src\\lib\\progression\\FibonacciProgression.ts": {"lines":{"total":33,"covered":33,"skipped":0,"pct":100},"functions":{"total":5,"covered":5,"skipped":0,"pct":100},"statements":{"total":33,"covered":33,"skipped":0,"pct":100},"branches":{"total":10,"covered":10,"skipped":0,"pct":100}}
,"C:\\Users\\joeku\\OneDrive\\_junk\\ks\\tfjs-node-grid-search\\src\\lib\\progression\\LinearProgression.ts": {"lines":{"total":10,"covered":10,"skipped":0,"pct":100},"functions":{"total":2,"covered":2,"skipped":0,"pct":100},"statements":{"total":10,"covered":10,"skipped":0,"pct":100},"branches":{"total":0,"covered":0,"skipped":0,"pct":100}}
,"C:\\Users\\joeku\\OneDrive\\_junk\\ks\\tfjs-node-grid-search\\src\\lib\\progression\\Progression.ts": {"lines":{"total":11,"covered":11,"skipped":0,"pct":100},"functions":{"total":5,"covered":5,"skipped":0,"pct":100},"statements":{"total":11,"covered":11,"skipped":0,"pct":100},"branches":{"total":0,"covered":0,"skipped":0,"pct":100}}
}
