{"total": {"lines":{"total":797,"covered":797,"skipped":0,"pct":100},"statements":{"total":817,"covered":817,"skipped":0,"pct":100},"functions":{"total":169,"covered":169,"skipped":0,"pct":100},"branches":{"total":236,"covered":236,"skipped":0,"pct":100}}
,"C:\\Users\\joeku\\OneDrive\\_junk\\ks\\tfjs-node-grid-search\\src\\main.ts": {"lines":{"total":1,"covered":1,"skipped":0,"pct":100},"functions":{"total":0,"covered":0,"skipped":0,"pct":100},"statements":{"total":1,"covered":1,"skipped":0,"pct":100},"branches":{"total":0,"covered":0,"skipped":0,"pct":100}}
,"C:\\Users\\joeku\\OneDrive\\_junk\\ks\\tfjs-node-grid-search\\src\\lib\\Axis.ts": {"lines":{"total":78,"covered":78,"skipped":0,"pct":100},"functions":{"total":11,"covered":11,"skipped":0,"pct":100},"statements":{"total":78,"covered":78,"skipped":0,"pct":100},"branches":{"total":49,"covered":49,"skipped":0,"pct":100}}
,"C:\\Users\\joeku\\OneDrive\\_junk\\ks\\tfjs-node-grid-search\\src\\lib\\AxisSet.ts": {"lines":{"total":23,"covered":23,"skipped":0,"pct":100},"functions":{"total":10,"covered":10,"skipped":0,"pct":100},"statements":{"total":24,"covered":24,"skipped":0,"pct":100},"branches":{"total":2,"covered":2,"skipped":0,"pct":100}}
,"C:\\Users\\joeku\\OneDrive\\_junk\\ks\\tfjs-node-grid-search\\src\\lib\\AxisSetTraverser.ts": {"lines":{"total":44,"covered":44,"skipped":0,"pct":100},"functions":{"total":10,"covered":10,"skipped":0,"pct":100},"statements":{"total":47,"covered":47,"skipped":0,"pct":100},"branches":{"total":10,"covered":10,"skipped":0,"pct":100}}
,"C:\\Users\\joeku\\OneDrive\\_junk\\ks\\tfjs-node-grid-search\\src\\lib\\DataSet.ts": {"lines":{"total":6,"covered":6,"skipped":0,"pct":100},"functions":{"total":3,"covered":3,"skipped":0,"pct":100},"statements":{"total":6,"covered":6,"skipped":0,"pct":100},"branches":{"total":2,"covered":2,"skipped":0,"pct":100}}
,"C:\\Users\\joeku\\OneDrive\\_junk\\ks\\tfjs-node-grid-search\\src\\lib\\DataSetFetcher.ts": {"lines":{"total":18,"covered":18,"skipped":0,"pct":100},"functions":{"total":3,"covered":3,"skipped":0,"pct":100},"statements":{"total":18,"covered":18,"skipped":0,"pct":100},"branches":{"total":4,"covered":4,"skipped":0,"pct":100}}
,"C:\\Users\\joeku\\OneDrive\\_junk\\ks\\tfjs-node-grid-search\\src\\lib\\EpochStats.ts": {"lines":{"total":50,"covered":50,"skipped":0,"pct":100},"functions":{"total":18,"covered":18,"skipped":0,"pct":100},"statements":{"total":54,"covered":54,"skipped":0,"pct":100},"branches":{"total":10,"covered":10,"skipped":0,"pct":100}}
,"C:\\Users\\joeku\\OneDrive\\_junk\\ks\\tfjs-node-grid-search\\src\\lib\\FailureMessage.ts": {"lines":{"total":5,"covered":5,"skipped":0,"pct":100},"functions":{"total":3,"covered":3,"skipped":0,"pct":100},"statements":{"total":5,"covered":5,"skipped":0,"pct":100},"branches":{"total":0,"covered":0,"skipped":0,"pct":100}}
,"C:\\Users\\joeku\\OneDrive\\_junk\\ks\\tfjs-node-grid-search\\src\\lib\\FileIO.ts": {"lines":{"total":25,"covered":25,"skipped":0,"pct":100},"functions":{"total":4,"covered":4,"skipped":0,"pct":100},"statements":{"total":25,"covered":25,"skipped":0,"pct":100},"branches":{"total":2,"covered":2,"skipped":0,"pct":100}}
,"C:\\Users\\joeku\\OneDrive\\_junk\\ks\\tfjs-node-grid-search\\src\\lib\\FileIOResult.ts": {"lines":{"total":5,"covered":5,"skipped":0,"pct":100},"functions":{"total":3,"covered":3,"skipped":0,"pct":100},"statements":{"total":5,"covered":5,"skipped":0,"pct":100},"branches":{"total":0,"covered":0,"skipped":0,"pct":100}}
,"C:\\Users\\joeku\\OneDrive\\_junk\\ks\\tfjs-node-grid-search\\src\\lib\\Grid.ts": {"lines":{"total":111,"covered":111,"skipped":0,"pct":100},"functions":{"total":10,"covered":10,"skipped":0,"pct":100},"statements":{"total":115,"covered":115,"skipped":0,"pct":100},"branches":{"total":18,"covered":18,"skipped":0,"pct":100}}
,"C:\\Users\\joeku\\OneDrive\\_junk\\ks\\tfjs-node-grid-search\\src\\lib\\GridOptions.ts": {"lines":{"total":55,"covered":55,"skipped":0,"pct":100},"functions":{"total":2,"covered":2,"skipped":0,"pct":100},"statements":{"total":55,"covered":55,"skipped":0,"pct":100},"branches":{"total":33,"covered":33,"skipped":0,"pct":100}}
,"C:\\Users\\joeku\\OneDrive\\_junk\\ks\\tfjs-node-grid-search\\src\\lib\\GridRunStats.ts": {"lines":{"total":27,"covered":27,"skipped":0,"pct":100},"functions":{"total":7,"covered":7,"skipped":0,"pct":100},"statements":{"total":28,"covered":28,"skipped":0,"pct":100},"branches":{"total":4,"covered":4,"skipped":0,"pct":100}}
,"C:\\Users\\joeku\\OneDrive\\_junk\\ks\\tfjs-node-grid-search\\src\\lib\\IterationResult.ts": {"lines":{"total":21,"covered":21,"skipped":0,"pct":100},"functions":{"total":12,"covered":12,"skipped":0,"pct":100},"statements":{"total":21,"covered":21,"skipped":0,"pct":100},"branches":{"total":0,"covered":0,"skipped":0,"pct":100}}
,"C:\\Users\\joeku\\OneDrive\\_junk\\ks\\tfjs-node-grid-search\\src\\lib\\ModelParams.ts": {"lines":{"total":33,"covered":33,"skipped":0,"pct":100},"functions":{"total":7,"covered":7,"skipped":0,"pct":100},"statements":{"total":33,"covered":33,"skipped":0,"pct":100},"branches":{"total":10,"covered":10,"skipped":0,"pct":100}}
,"C:\\Users\\joeku\\OneDrive\\_junk\\ks\\tfjs-node-grid-search\\src\\lib\\ModelStatics.ts": {"lines":{"total":29,"covered":29,"skipped":0,"pct":100},"functions":{"total":8,"covered":8,"skipped":0,"pct":100},"statements":{"total":29,"covered":29,"skipped":0,"pct":100},"branches":{"total":18,"covered":18,"skipped":0,"pct":100}}
,"C:\\Users\\joeku\\OneDrive\\_junk\\ks\\tfjs-node-grid-search\\src\\lib\\ModelTestStats.ts": {"lines":{"total":8,"covered":8,"skipped":0,"pct":100},"functions":{"total":4,"covered":4,"skipped":0,"pct":100},"statements":{"total":8,"covered":8,"skipped":0,"pct":100},"branches":{"total":0,"covered":0,"skipped":0,"pct":100}}
,"C:\\Users\\joeku\\OneDrive\\_junk\\ks\\tfjs-node-grid-search\\src\\lib\\PredictionEvaluation.ts": {"lines":{"total":7,"covered":7,"skipped":0,"pct":100},"functions":{"total":3,"covered":3,"skipped":0,"pct":100},"statements":{"total":7,"covered":7,"skipped":0,"pct":100},"branches":{"total":2,"covered":2,"skipped":0,"pct":100}}
,"C:\\Users\\joeku\\OneDrive\\_junk\\ks\\tfjs-node-grid-search\\src\\lib\\SessionData.ts": {"lines":{"total":132,"covered":132,"skipped":0,"pct":100},"functions":{"total":24,"covered":24,"skipped":0,"pct":100},"statements":{"total":138,"covered":138,"skipped":0,"pct":100},"branches":{"total":28,"covered":28,"skipped":0,"pct":100}}
,"C:\\Users\\joeku\\OneDrive\\_junk\\ks\\tfjs-node-grid-search\\src\\lib\\Utils.ts": {"lines":{"total":60,"covered":60,"skipped":0,"pct":100},"functions":{"total":11,"covered":11,"skipped":0,"pct":100},"statements":{"total":61,"covered":61,"skipped":0,"pct":100},"branches":{"total":32,"covered":32,"skipped":0,"pct":100}}
,"C:\\Users\\joeku\\OneDrive\\_junk\\ks\\tfjs-node-grid-search\\src\\lib\\types.ts": {"lines":{"total":0,"covered":0,"skipped":0,"pct":0},"functions":{"total":0,"covered":0,"skipped":0,"pct":0},"statements":{"total":0,"covered":0,"skipped":0,"pct":0},"branches":{"total":0,"covered":0,"skipped":0,"pct":0}}
,"C:\\Users\\joeku\\OneDrive\\_junk\\ks\\tfjs-node-grid-search\\src\\lib\\progression\\ExponentialProgression.ts": {"lines":{"total":16,"covered":16,"skipped":0,"pct":100},"functions":{"total":4,"covered":4,"skipped":0,"pct":100},"statements":{"total":16,"covered":16,"skipped":0,"pct":100},"branches":{"total":2,"covered":2,"skipped":0,"pct":100}}
,"C:\\Users\\joeku\\OneDrive\\_junk\\ks\\tfjs-node-grid-search\\src\\lib\\progression\\FibonacciProgression.ts": {"lines":{"total":29,"covered":29,"skipped":0,"pct":100},"functions":{"total":5,"covered":5,"skipped":0,"pct":100},"statements":{"total":29,"covered":29,"skipped":0,"pct":100},"branches":{"total":10,"covered":10,"skipped":0,"pct":100}}
,"C:\\Users\\joeku\\OneDrive\\_junk\\ks\\tfjs-node-grid-search\\src\\lib\\progression\\LinearProgression.ts": {"lines":{"total":7,"covered":7,"skipped":0,"pct":100},"functions":{"total":2,"covered":2,"skipped":0,"pct":100},"statements":{"total":7,"covered":7,"skipped":0,"pct":100},"branches":{"total":0,"covered":0,"skipped":0,"pct":100}}
,"C:\\Users\\joeku\\OneDrive\\_junk\\ks\\tfjs-node-grid-search\\src\\lib\\progression\\Progression.ts": {"lines":{"total":7,"covered":7,"skipped":0,"pct":100},"functions":{"total":5,"covered":5,"skipped":0,"pct":100},"statements":{"total":7,"covered":7,"skipped":0,"pct":100},"branches":{"total":0,"covered":0,"skipped":0,"pct":100}}
}
