TN:
SF:src\main.ts
FN:13,(anonymous_7)
FN:13,(anonymous_8)
FN:13,(anonymous_9)
FN:13,(anonymous_10)
FN:14,(anonymous_11)
FN:15,(anonymous_12)
FN:16,(anonymous_13)
FN:17,(anonymous_14)
FN:18,(anonymous_15)
FN:19,(anonymous_16)
FN:21,(anonymous_17)
FN:22,(anonymous_18)
FN:23,(anonymous_19)
FN:24,(anonymous_20)
FN:25,(anonymous_21)
FN:26,(anonymous_22)
FN:27,(anonymous_23)
FN:28,(anonymous_24)
FN:29,(anonymous_25)
FN:30,(anonymous_26)
FN:31,(anonymous_27)
FN:32,(anonymous_28)
FN:33,(anonymous_29)
FN:34,(anonymous_30)
FNF:24
FNH:2
FNDA:0,(anonymous_7)
FNDA:0,(anonymous_8)
FNDA:0,(anonymous_9)
FNDA:0,(anonymous_10)
FNDA:0,(anonymous_11)
FNDA:0,(anonymous_12)
FNDA:4,(anonymous_13)
FNDA:0,(anonymous_14)
FNDA:0,(anonymous_15)
FNDA:0,(anonymous_16)
FNDA:0,(anonymous_17)
FNDA:0,(anonymous_18)
FNDA:0,(anonymous_19)
FNDA:0,(anonymous_20)
FNDA:0,(anonymous_21)
FNDA:0,(anonymous_22)
FNDA:0,(anonymous_23)
FNDA:0,(anonymous_24)
FNDA:0,(anonymous_25)
FNDA:0,(anonymous_26)
FNDA:0,(anonymous_27)
FNDA:0,(anonymous_28)
FNDA:0,(anonymous_29)
FNDA:5,(anonymous_30)
DA:10,1
DA:13,1
DA:14,1
DA:15,1
DA:16,5
DA:17,1
DA:18,1
DA:19,1
DA:20,1
DA:21,1
DA:22,1
DA:23,1
DA:24,1
DA:25,1
DA:26,1
DA:27,1
DA:28,1
DA:29,1
DA:30,1
DA:31,1
DA:32,1
DA:33,1
DA:34,6
DA:35,1
LF:24
LH:24
BRF:0
BRH:0
end_of_record
TN:
SF:src\lib\Axis.ts
FN:49,(anonymous_0)
FN:101,(anonymous_1)
FN:102,(anonymous_2)
FN:107,(anonymous_3)
FN:116,(anonymous_4)
FN:126,(anonymous_5)
FN:135,(anonymous_6)
FN:145,(anonymous_7)
FN:171,(anonymous_8)
FN:230,(anonymous_9)
FN:277,(anonymous_10)
FNF:11
FNH:0
FNDA:0,(anonymous_0)
FNDA:0,(anonymous_1)
FNDA:0,(anonymous_2)
FNDA:0,(anonymous_3)
FNDA:0,(anonymous_4)
FNDA:0,(anonymous_5)
FNDA:0,(anonymous_6)
FNDA:0,(anonymous_7)
FNDA:0,(anonymous_8)
FNDA:0,(anonymous_9)
FNDA:0,(anonymous_10)
DA:17,1
DA:19,1
DA:37,0
DA:38,0
DA:49,0
DA:50,0
DA:51,0
DA:52,0
DA:53,0
DA:55,0
DA:56,0
DA:58,0
DA:75,0
DA:77,0
DA:78,0
DA:81,0
DA:82,0
DA:85,0
DA:86,0
DA:89,0
DA:93,0
DA:94,0
DA:98,0
DA:101,0
DA:102,0
DA:108,0
DA:117,0
DA:119,0
DA:127,0
DA:136,0
DA:146,0
DA:150,0
DA:159,0
DA:175,0
DA:177,0
DA:181,0
DA:182,0
DA:185,0
DA:187,0
DA:191,0
DA:192,0
DA:195,0
DA:197,0
DA:202,0
DA:203,0
DA:206,0
DA:208,0
DA:211,0
DA:215,0
DA:217,0
DA:234,0
DA:236,0
DA:242,0
DA:243,0
DA:246,0
DA:248,0
DA:253,0
DA:254,0
DA:257,0
DA:259,0
DA:262,0
DA:266,0
DA:268,0
DA:278,0
DA:279,0
DA:280,0
DA:281,0
DA:282,1
DA:283,1
DA:284,1
DA:287,1
DA:321,3
DA:333,3
DA:341,3
DA:353,3
DA:361,3
DA:395,3
DA:398,3
DA:399,3
DA:400,2
DA:401,2
DA:402,2
DA:405,2
DA:407,1
LF:84
LH:19
BRDA:53,0,0,0
BRDA:53,0,1,0
BRDA:77,1,0,0
BRDA:77,1,1,0
BRDA:81,2,0,0
BRDA:81,2,1,0
BRDA:85,3,0,0
BRDA:85,3,1,0
BRDA:93,4,0,0
BRDA:93,4,1,0
BRDA:119,5,0,0
BRDA:119,5,1,0
BRDA:128,6,0,0
BRDA:128,6,1,0
BRDA:147,7,0,0
BRDA:147,7,1,0
BRDA:153,8,0,0
BRDA:153,8,1,0
BRDA:178,9,0,0
BRDA:178,9,1,0
BRDA:178,9,2,0
BRDA:178,9,3,0
BRDA:178,9,4,0
BRDA:178,9,5,0
BRDA:178,9,6,0
BRDA:181,10,0,0
BRDA:181,10,1,0
BRDA:191,11,0,0
BRDA:191,11,1,0
BRDA:202,12,0,0
BRDA:202,12,1,0
BRDA:238,13,0,0
BRDA:238,13,1,0
BRDA:238,13,2,0
BRDA:238,13,3,0
BRDA:238,13,4,0
BRDA:238,13,5,0
BRDA:238,13,6,0
BRDA:242,14,0,0
BRDA:242,14,1,0
BRDA:253,15,0,0
BRDA:253,15,1,0
BRDA:279,16,0,0
BRDA:279,16,1,0
BRDA:279,16,2,0
BRDA:279,16,3,0
BRDA:279,16,4,0
BRDA:279,16,5,0
BRDA:279,16,6,0
BRF:49
BRH:0
end_of_record
TN:
SF:src\lib\AxisSet.ts
FN:18,(anonymous_0)
FN:23,(anonymous_1)
FN:37,(anonymous_2)
FN:48,(anonymous_3)
FN:58,(anonymous_4)
FN:74,(anonymous_5)
FN:82,(anonymous_6)
FN:92,(anonymous_7)
FN:101,(anonymous_8)
FN:111,(anonymous_9)
FNF:10
FNH:0
FNDA:0,(anonymous_0)
FNDA:0,(anonymous_1)
FNDA:0,(anonymous_2)
FNDA:0,(anonymous_3)
FNDA:0,(anonymous_4)
FNDA:0,(anonymous_5)
FNDA:0,(anonymous_6)
FNDA:0,(anonymous_7)
FNDA:0,(anonymous_8)
FNDA:0,(anonymous_9)
DA:18,0
DA:21,0
DA:23,0
DA:25,0
DA:26,0
DA:29,0
DA:38,0
DA:40,0
DA:49,0
DA:51,0
DA:59,0
DA:61,0
DA:62,0
DA:64,0
DA:67,0
DA:75,0
DA:83,0
DA:85,0
DA:93,0
DA:94,0
DA:102,0
DA:112,0
DA:114,1
DA:124,2
DA:126,1
LF:25
LH:3
BRDA:25,0,0,0
BRDA:25,0,1,0
BRF:2
BRH:0
end_of_record
TN:
SF:src\lib\AxisSetTraverser.ts
FN:26,(anonymous_0)
FN:38,(anonymous_1)
FN:64,(anonymous_2)
FN:65,(anonymous_3)
FN:72,(anonymous_4)
FN:107,(anonymous_5)
FN:115,(anonymous_6)
FN:116,(anonymous_7)
FN:127,(anonymous_8)
FN:140,(anonymous_9)
FNF:10
FNH:0
FNDA:0,(anonymous_0)
FNDA:0,(anonymous_1)
FNDA:0,(anonymous_2)
FNDA:0,(anonymous_3)
FNDA:0,(anonymous_4)
FNDA:0,(anonymous_5)
FNDA:0,(anonymous_6)
FNDA:0,(anonymous_7)
FNDA:0,(anonymous_8)
FNDA:0,(anonymous_9)
DA:15,0
DA:16,0
DA:17,0
DA:18,0
DA:26,0
DA:28,0
DA:30,0
DA:34,0
DA:36,0
DA:38,0
DA:39,0
DA:41,0
DA:42,0
DA:44,0
DA:46,0
DA:50,0
DA:52,0
DA:55,0
DA:58,0
DA:61,0
DA:64,0
DA:65,0
DA:73,0
DA:75,0
DA:77,0
DA:78,0
DA:80,0
DA:81,0
DA:87,0
DA:89,0
DA:92,0
DA:95,0
DA:99,0
DA:108,0
DA:116,0
DA:117,0
DA:128,0
DA:129,0
DA:132,0
DA:141,0
DA:143,0
DA:144,0
DA:150,0
DA:152,1
DA:162,2
DA:164,1
LF:46
LH:3
BRDA:80,0,0,0
BRDA:80,0,1,0
BRDA:128,1,0,0
BRDA:128,1,1,0
BRDA:144,2,0,0
BRDA:144,2,1,0
BRDA:146,3,0,0
BRDA:146,3,1,0
BRDA:150,4,0,0
BRDA:150,4,1,0
BRF:10
BRH:0
end_of_record
TN:
SF:src\lib\DataSet.ts
FN:32,(anonymous_0)
FN:43,(anonymous_1)
FN:44,(anonymous_2)
FNF:3
FNH:3
FNDA:12,(anonymous_0)
FNDA:12,(anonymous_1)
FNDA:12,(anonymous_2)
DA:32,12
DA:33,8
DA:35,12
DA:36,4
DA:43,9
DA:44,8
DA:48,2
DA:50,1
LF:8
LH:8
BRDA:35,0,0,0
BRDA:35,0,1,12
BRF:2
BRH:1
end_of_record
TN:
SF:src\lib\DataSetFetcher.ts
FN:41,(anonymous_7)
FN:62,(anonymous_8)
FN:77,(anonymous_10)
FNF:3
FNH:0
FNDA:0,(anonymous_7)
FNDA:0,(anonymous_8)
FNDA:0,(anonymous_10)
DA:7,1
DA:8,1
DA:9,1
DA:29,0
DA:30,0
DA:42,0
DA:44,0
DA:50,0
DA:53,0
DA:55,0
DA:63,0
DA:64,0
DA:66,0
DA:68,0
DA:78,0
DA:82,0
DA:84,0
DA:86,0
DA:88,0
DA:90,0
DA:92,0
DA:94,0
DA:99,3
DA:101,1
LF:24
LH:5
BRDA:42,0,0,0
BRDA:42,0,1,0
BRF:2
BRH:0
end_of_record
TN:
SF:src\lib\EpochStats.ts
FN:44,(anonymous_0)
FN:49,(anonymous_1)
FN:50,(anonymous_2)
FN:51,(anonymous_3)
FN:52,(anonymous_4)
FN:53,(anonymous_5)
FN:54,(anonymous_6)
FN:55,(anonymous_7)
FN:56,(anonymous_8)
FN:66,(anonymous_9)
FN:81,(anonymous_10)
FN:82,(anonymous_11)
FN:83,(anonymous_12)
FN:84,(anonymous_13)
FN:95,(anonymous_14)
FN:99,(anonymous_15)
FN:120,(anonymous_16)
FN:144,(anonymous_17)
FNF:18
FNH:0
FNDA:0,(anonymous_0)
FNDA:0,(anonymous_1)
FNDA:0,(anonymous_2)
FNDA:0,(anonymous_3)
FNDA:0,(anonymous_4)
FNDA:0,(anonymous_5)
FNDA:0,(anonymous_6)
FNDA:0,(anonymous_7)
FNDA:0,(anonymous_8)
FNDA:0,(anonymous_9)
FNDA:0,(anonymous_10)
FNDA:0,(anonymous_11)
FNDA:0,(anonymous_12)
FNDA:0,(anonymous_13)
FNDA:0,(anonymous_14)
FNDA:0,(anonymous_15)
FNDA:0,(anonymous_16)
FNDA:0,(anonymous_17)
DA:7,1
DA:10,1
DA:25,0
DA:26,0
DA:27,0
DA:28,0
DA:29,0
DA:30,0
DA:31,0
DA:32,0
DA:33,0
DA:35,0
DA:36,0
DA:37,0
DA:38,0
DA:44,0
DA:45,0
DA:46,0
DA:49,0
DA:50,0
DA:51,0
DA:52,0
DA:53,0
DA:54,0
DA:55,0
DA:56,0
DA:67,0
DA:68,0
DA:69,0
DA:71,0
DA:72,0
DA:73,0
DA:74,0
DA:76,0
DA:77,0
DA:78,0
DA:79,0
DA:81,0
DA:82,0
DA:83,0
DA:84,0
DA:86,0
DA:87,0
DA:88,0
DA:89,0
DA:91,0
DA:96,0
DA:100,0
DA:125,0
DA:136,0
DA:146,1
DA:157,3
DA:158,3
DA:161,2
DA:163,1
LF:55
LH:7
BRDA:127,0,0,0
BRDA:127,0,1,0
BRDA:128,1,0,0
BRDA:128,1,1,0
BRDA:129,2,0,0
BRDA:129,2,1,0
BRDA:133,3,0,0
BRDA:133,3,1,0
BRDA:134,4,0,0
BRDA:134,4,1,0
BRF:10
BRH:0
end_of_record
TN:
SF:src\lib\FailureMessage.ts
FN:13,(anonymous_0)
FN:17,(anonymous_1)
FN:19,(anonymous_2)
FNF:3
FNH:0
FNDA:0,(anonymous_0)
FNDA:0,(anonymous_1)
FNDA:0,(anonymous_2)
DA:8,0
DA:17,0
DA:20,0
DA:22,0
DA:27,3
DA:29,1
LF:6
LH:2
BRF:0
BRH:0
end_of_record
TN:
SF:src\lib\FileIO.ts
FN:28,(anonymous_7)
FN:44,(anonymous_8)
FN:44,(anonymous_9)
FN:65,(anonymous_10)
FN:67,(anonymous_11)
FNF:5
FNH:0
FNDA:0,(anonymous_7)
FNDA:0,(anonymous_8)
FNDA:0,(anonymous_9)
FNDA:0,(anonymous_10)
FNDA:0,(anonymous_11)
DA:9,1
DA:10,1
DA:17,1
DA:21,1
DA:28,3
DA:30,0
DA:31,0
DA:32,0
DA:34,0
DA:44,3
DA:45,0
DA:47,0
DA:48,0
DA:49,0
DA:52,1
DA:65,2
DA:67,0
DA:68,0
DA:70,0
DA:73,0
DA:75,0
DA:76,0
DA:79,0
DA:80,0
DA:85,0
DA:88,0
DA:93,1
LF:27
LH:9
BRDA:75,0,0,0
BRDA:75,0,1,0
BRF:2
BRH:0
end_of_record
TN:
SF:src\lib\FileIOResult.ts
FN:13,(anonymous_0)
FN:17,(anonymous_1)
FN:19,(anonymous_2)
FNF:3
FNH:0
FNDA:0,(anonymous_0)
FNDA:0,(anonymous_1)
FNDA:0,(anonymous_2)
DA:8,0
DA:17,0
DA:20,0
DA:22,0
DA:27,3
DA:29,1
LF:6
LH:2
BRF:0
BRH:0
end_of_record
TN:
SF:src\lib\Grid.ts
FN:91,(anonymous_7)
FN:121,(anonymous_8)
FN:188,(anonymous_9)
FN:203,(anonymous_10)
FN:300,(anonymous_12)
FN:307,(anonymous_13)
FN:323,(anonymous_14)
FN:400,(anonymous_15)
FN:454,(anonymous_17)
FN:468,(anonymous_18)
FNF:10
FNH:0
FNDA:0,(anonymous_7)
FNDA:0,(anonymous_8)
FNDA:0,(anonymous_9)
FNDA:0,(anonymous_10)
FNDA:0,(anonymous_12)
FNDA:0,(anonymous_13)
FNDA:0,(anonymous_14)
FNDA:0,(anonymous_15)
FNDA:0,(anonymous_17)
FNDA:0,(anonymous_18)
DA:13,1
DA:20,1
DA:22,1
DA:23,1
DA:24,1
DA:25,1
DA:26,1
DA:27,1
DA:28,1
DA:30,1
DA:33,1
DA:49,0
DA:50,0
DA:51,0
DA:52,0
DA:92,0
DA:93,0
DA:94,0
DA:95,0
DA:96,0
DA:97,0
DA:98,0
DA:100,0
DA:103,0
DA:104,0
DA:107,0
DA:110,0
DA:113,0
DA:122,0
DA:123,0
DA:125,0
DA:127,0
DA:129,0
DA:131,0
DA:142,0
DA:152,0
DA:153,0
DA:162,0
DA:173,0
DA:176,0
DA:182,0
DA:189,0
DA:194,0
DA:196,0
DA:204,0
DA:206,0
DA:208,0
DA:210,0
DA:212,0
DA:214,0
DA:216,0
DA:217,0
DA:219,0
DA:221,0
DA:223,0
DA:224,0
DA:225,0
DA:230,0
DA:232,0
DA:235,0
DA:236,0
DA:238,0
DA:240,0
DA:242,0
DA:244,0
DA:246,0
DA:254,0
DA:257,0
DA:260,0
DA:262,0
DA:264,0
DA:271,0
DA:272,0
DA:274,0
DA:276,0
DA:277,0
DA:279,0
DA:285,0
DA:307,0
DA:308,0
DA:326,0
DA:327,0
DA:329,0
DA:335,0
DA:336,0
DA:340,0
DA:348,0
DA:352,0
DA:354,0
DA:356,0
DA:358,0
DA:359,0
DA:364,0
DA:365,0
DA:367,0
DA:369,0
DA:371,0
DA:373,0
DA:374,0
DA:376,0
DA:379,0
DA:383,0
DA:388,0
DA:390,0
DA:403,0
DA:405,0
DA:407,0
DA:410,0
DA:412,0
DA:415,0
DA:417,0
DA:418,0
DA:421,0
DA:422,0
DA:425,0
DA:427,0
DA:432,0
DA:455,0
DA:456,0
DA:460,0
DA:462,0
DA:464,0
DA:466,0
DA:469,0
DA:472,0
DA:474,0
DA:476,1
DA:478,0
DA:479,0
DA:480,0
DA:483,0
DA:484,0
DA:487,0
DA:513,2
DA:515,1
LF:135
LH:14
BRDA:103,0,0,0
BRDA:103,0,1,0
BRDA:129,1,0,0
BRDA:129,1,1,0
BRDA:276,2,0,0
BRDA:276,2,1,0
BRDA:288,3,0,0
BRDA:288,3,1,0
BRDA:335,4,0,0
BRDA:335,4,1,0
BRDA:358,5,0,0
BRDA:358,5,1,0
BRDA:373,6,0,0
BRDA:373,6,1,0
BRDA:417,7,0,0
BRDA:417,7,1,0
BRDA:421,8,0,0
BRDA:421,8,1,0
BRDA:455,9,0,0
BRDA:455,9,1,0
BRDA:478,10,0,0
BRDA:478,10,1,0
BRDA:483,11,0,0
BRDA:483,11,1,0
BRF:24
BRH:0
end_of_record
TN:
SF:src\lib\GridOptions.ts
FN:37,(anonymous_0)
FN:161,(anonymous_1)
FNF:2
FNH:0
FNDA:0,(anonymous_0)
FNDA:0,(anonymous_1)
DA:7,1
DA:10,1
DA:24,0
DA:38,0
DA:39,0
DA:43,0
DA:44,0
DA:45,0
DA:53,0
DA:56,0
DA:60,0
DA:62,0
DA:63,0
DA:67,0
DA:70,0
DA:79,0
DA:81,0
DA:86,0
DA:88,0
DA:89,0
DA:91,0
DA:95,0
DA:96,0
DA:99,0
DA:100,0
DA:103,0
DA:106,0
DA:107,0
DA:110,0
DA:112,0
DA:114,0
DA:115,0
DA:123,0
DA:124,0
DA:127,0
DA:129,0
DA:130,0
DA:133,0
DA:136,0
DA:139,0
DA:145,0
DA:146,0
DA:147,0
DA:152,0
DA:162,0
DA:170,0
DA:174,0
DA:182,3
DA:190,3
DA:192,1
LF:50
LH:5
BRDA:38,0,0,0
BRDA:38,0,1,0
BRDA:39,1,0,0
BRDA:39,1,1,0
BRDA:44,2,0,0
BRDA:44,2,1,0
BRDA:79,3,0,0
BRDA:79,3,1,0
BRDA:79,4,0,0
BRDA:79,4,1,0
BRDA:92,5,0,0
BRDA:92,5,1,0
BRDA:92,5,2,0
BRDA:92,5,3,0
BRDA:92,5,4,0
BRDA:95,6,0,0
BRDA:95,6,1,0
BRDA:99,7,0,0
BRDA:99,7,1,0
BRDA:106,8,0,0
BRDA:106,8,1,0
BRDA:110,9,0,0
BRDA:110,9,1,0
BRDA:114,10,0,0
BRDA:114,10,1,0
BRDA:123,11,0,0
BRDA:123,11,1,0
BRDA:129,12,0,0
BRDA:129,12,1,0
BRDA:146,13,0,0
BRDA:146,13,1,0
BRDA:163,14,0,0
BRDA:163,14,1,0
BRDA:163,14,2,0
BRDA:163,14,3,0
BRDA:163,14,4,0
BRF:36
BRH:0
end_of_record
TN:
SF:src\lib\GridRunStats.ts
FN:17,(anonymous_0)
FN:25,(anonymous_1)
FN:34,(anonymous_2)
FN:51,(anonymous_3)
FN:82,(anonymous_4)
FN:90,(anonymous_5)
FN:95,(anonymous_6)
FNF:7
FNH:0
FNDA:0,(anonymous_0)
FNDA:0,(anonymous_1)
FNDA:0,(anonymous_2)
FNDA:0,(anonymous_3)
FNDA:0,(anonymous_4)
FNDA:0,(anonymous_5)
FNDA:0,(anonymous_6)
DA:12,0
DA:26,0
DA:35,0
DA:36,0
DA:40,0
DA:49,0
DA:51,0
DA:52,0
DA:55,0
DA:57,0
DA:60,0
DA:62,0
DA:65,0
DA:67,0
DA:71,0
DA:73,0
DA:83,0
DA:85,0
DA:87,0
DA:90,0
DA:93,0
DA:95,0
DA:96,0
DA:100,0
DA:102,0
DA:107,3
DA:109,1
LF:27
LH:2
BRDA:35,0,0,0
BRDA:35,0,1,0
BRDA:85,1,0,0
BRDA:85,1,1,0
BRF:4
BRH:0
end_of_record
TN:
SF:src\lib\IterationResult.ts
FN:31,(anonymous_0)
FN:50,(anonymous_1)
FN:51,(anonymous_2)
FN:52,(anonymous_3)
FN:53,(anonymous_4)
FN:63,(anonymous_5)
FN:71,(anonymous_6)
FN:79,(anonymous_7)
FN:87,(anonymous_8)
FN:95,(anonymous_9)
FN:103,(anonymous_10)
FN:111,(anonymous_11)
FNF:12
FNH:0
FNDA:0,(anonymous_0)
FNDA:0,(anonymous_1)
FNDA:0,(anonymous_2)
FNDA:0,(anonymous_3)
FNDA:0,(anonymous_4)
FNDA:0,(anonymous_5)
FNDA:0,(anonymous_6)
FNDA:0,(anonymous_7)
FNDA:0,(anonymous_8)
FNDA:0,(anonymous_9)
FNDA:0,(anonymous_10)
FNDA:0,(anonymous_11)
DA:6,1
DA:14,0
DA:31,0
DA:32,0
DA:33,0
DA:34,0
DA:35,0
DA:36,0
DA:37,0
DA:38,0
DA:39,0
DA:40,0
DA:41,0
DA:42,0
DA:43,0
DA:44,0
DA:45,0
DA:47,0
DA:50,0
DA:51,0
DA:52,0
DA:53,0
DA:64,1
DA:72,0
DA:80,0
DA:88,0
DA:96,0
DA:104,0
DA:112,0
DA:120,2
DA:122,1
LF:31
LH:4
BRF:0
BRH:0
end_of_record
TN:
SF:src\lib\ModelParams.ts
FN:22,(anonymous_0)
FN:42,(anonymous_1)
FN:57,(anonymous_2)
FN:72,(anonymous_3)
FN:87,(anonymous_4)
FN:96,(anonymous_5)
FN:109,(anonymous_6)
FNF:7
FNH:0
FNDA:0,(anonymous_0)
FNDA:0,(anonymous_1)
FNDA:0,(anonymous_2)
FNDA:0,(anonymous_3)
FNDA:0,(anonymous_4)
FNDA:0,(anonymous_5)
FNDA:0,(anonymous_6)
DA:7,1
DA:15,0
DA:22,0
DA:23,0
DA:25,0
DA:28,0
DA:29,0
DA:30,0
DA:33,0
DA:43,0
DA:45,0
DA:46,0
DA:49,0
DA:58,0
DA:60,0
DA:61,0
DA:64,0
DA:73,0
DA:75,0
DA:76,0
DA:79,0
DA:88,0
DA:90,0
DA:91,0
DA:97,0
DA:99,0
DA:100,0
DA:104,0
DA:106,0
DA:110,0
DA:112,0
DA:119,0
DA:121,0
DA:125,1
DA:127,0
DA:133,2
DA:135,1
LF:37
LH:4
BRDA:29,0,0,0
BRDA:29,0,1,0
BRDA:45,1,0,0
BRDA:45,1,1,0
BRDA:60,2,0,0
BRDA:60,2,1,0
BRDA:75,3,0,0
BRDA:75,3,1,0
BRDA:90,4,0,0
BRDA:90,4,1,0
BRF:10
BRH:0
end_of_record
TN:
SF:src\lib\ModelStatics.ts
FN:23,(anonymous_0)
FN:41,(anonymous_1)
FN:61,(anonymous_2)
FN:66,(anonymous_3)
FN:72,(anonymous_4)
FN:78,(anonymous_5)
FN:87,(anonymous_6)
FN:91,(anonymous_7)
FNF:8
FNH:0
FNDA:0,(anonymous_0)
FNDA:0,(anonymous_1)
FNDA:0,(anonymous_2)
FNDA:0,(anonymous_3)
FNDA:0,(anonymous_4)
FNDA:0,(anonymous_5)
FNDA:0,(anonymous_6)
FNDA:0,(anonymous_7)
DA:4,1
DA:11,1
DA:17,1
DA:21,0
DA:23,0
DA:27,0
DA:29,0
DA:30,0
DA:32,0
DA:38,0
DA:42,0
DA:44,0
DA:46,0
DA:52,0
DA:53,0
DA:56,0
DA:63,0
DA:68,0
DA:75,0
DA:81,0
DA:82,0
DA:84,0
DA:88,0
DA:94,0
DA:99,0
DA:104,0
DA:109,0
DA:114,0
DA:119,0
DA:129,0
DA:130,0
DA:131,1
DA:136,2
DA:138,1
LF:34
LH:6
BRDA:30,0,0,0
BRDA:30,0,1,0
BRDA:44,1,0,0
BRDA:44,1,1,0
BRDA:52,2,0,0
BRDA:52,2,1,0
BRDA:96,3,0,0
BRDA:96,3,1,0
BRDA:101,4,0,0
BRDA:101,4,1,0
BRDA:106,5,0,0
BRDA:106,5,1,0
BRDA:111,6,0,0
BRDA:111,6,1,0
BRDA:116,7,0,0
BRDA:116,7,1,0
BRDA:121,8,0,0
BRDA:121,8,1,0
BRF:18
BRH:0
end_of_record
TN:
SF:src\lib\ModelTestStats.ts
FN:18,(anonymous_0)
FN:31,(anonymous_1)
FN:36,(anonymous_2)
FN:40,(anonymous_3)
FNF:4
FNH:0
FNDA:0,(anonymous_0)
FNDA:0,(anonymous_1)
FNDA:0,(anonymous_2)
FNDA:0,(anonymous_3)
DA:18,0
DA:19,0
DA:20,0
DA:21,0
DA:22,0
DA:23,0
DA:24,1
DA:32,0
DA:37,0
DA:41,0
DA:50,2
DA:52,1
LF:12
LH:3
BRF:0
BRH:0
end_of_record
TN:
SF:src\lib\PredictionEvaluation.ts
FN:15,(anonymous_0)
FN:19,(anonymous_1)
FN:20,(anonymous_2)
FNF:3
FNH:0
FNDA:0,(anonymous_0)
FNDA:0,(anonymous_1)
FNDA:0,(anonymous_2)
DA:15,0
DA:16,0
DA:19,1
DA:20,0
DA:24,2
DA:26,1
LF:6
LH:3
BRF:0
BRH:0
end_of_record
TN:
SF:src\lib\Progression.ts
FN:21,(anonymous_6)
FN:29,(anonymous_7)
FN:30,(anonymous_8)
FN:31,(anonymous_9)
FN:36,(anonymous_10)
FNF:5
FNH:5
FNDA:36,(anonymous_6)
FNDA:3,(anonymous_7)
FNDA:3,(anonymous_8)
FNDA:84,(anonymous_9)
FNDA:12,(anonymous_10)
DA:4,17
DA:21,35
DA:22,25
DA:23,25
DA:26,50
DA:29,6
DA:30,7
DA:31,56
DA:37,8
DA:44,10
DA:46,5
LF:11
LH:11
BRF:0
BRH:0
end_of_record
TN:
SF:src\lib\SessionData.ts
FN:62,(anonymous_0)
FN:159,(anonymous_1)
FN:162,(anonymous_2)
FN:163,(anonymous_3)
FN:168,(anonymous_4)
FN:169,(anonymous_5)
FN:170,(anonymous_6)
FN:171,(anonymous_7)
FN:172,(anonymous_8)
FN:173,(anonymous_9)
FN:174,(anonymous_10)
FN:175,(anonymous_11)
FN:181,(anonymous_12)
FN:202,(anonymous_13)
FN:214,(anonymous_14)
FN:274,CountLeafElements
FN:295,FindMean
FN:316,FindStandardDeviation
FN:318,(anonymous_18)
FN:333,StandardizeInputs
FN:365,(anonymous_20)
FN:368,(anonymous_21)
FN:403,(anonymous_22)
FN:407,(anonymous_23)
FNF:24
FNH:16
FNDA:12,(anonymous_0)
FNDA:6,(anonymous_1)
FNDA:6,(anonymous_2)
FNDA:6,(anonymous_3)
FNDA:3,(anonymous_4)
FNDA:3,(anonymous_5)
FNDA:3,(anonymous_6)
FNDA:3,(anonymous_7)
FNDA:3,(anonymous_8)
FNDA:3,(anonymous_9)
FNDA:3,(anonymous_10)
FNDA:3,(anonymous_11)
FNDA:12,(anonymous_12)
FNDA:24,(anonymous_13)
FNDA:96,(anonymous_14)
FNDA:24,CountLeafElements
FNDA:0,FindMean
FNDA:0,FindStandardDeviation
FNDA:0,(anonymous_18)
FNDA:0,StandardizeInputs
FNDA:0,(anonymous_20)
FNDA:0,(anonymous_21)
FNDA:0,(anonymous_22)
FNDA:0,(anonymous_23)
DA:4,1
DA:39,12
DA:40,12
DA:41,12
DA:64,12
DA:65,12
DA:66,12
DA:67,12
DA:69,12
DA:70,12
DA:72,12
DA:73,12
DA:75,12
DA:76,12
DA:78,12
DA:79,12
DA:82,12
DA:85,10
DA:90,10
DA:91,4
DA:93,8
DA:95,4
DA:100,12
DA:102,12
DA:104,9
DA:106,11
DA:107,3
DA:110,8
DA:111,4
DA:119,6
DA:120,6
DA:129,6
DA:131,6
DA:132,6
DA:133,0
DA:136,6
DA:137,2
DA:144,6
DA:145,6
DA:147,6
DA:148,6
DA:150,6
DA:152,6
DA:156,6
DA:159,6
DA:162,6
DA:163,6
DA:165,5
DA:168,3
DA:169,3
DA:170,3
DA:171,3
DA:172,3
DA:173,3
DA:174,6
DA:175,4
DA:182,10
DA:184,5
DA:188,5
DA:189,10
DA:191,10
DA:212,48
DA:214,16
DA:215,96
DA:217,16
DA:220,80
DA:221,48
DA:224,48
DA:225,48
DA:226,56
DA:227,48
DA:228,48
DA:231,0
DA:233,16
DA:234,0
DA:237,32
DA:240,0
DA:242,0
DA:243,0
DA:246,0
DA:248,8
DA:249,8
DA:252,16
DA:253,24
DA:256,8
DA:275,24
DA:278,20
DA:280,20
DA:281,16
DA:283,8
DA:286,16
DA:296,0
DA:298,0
DA:300,0
DA:301,0
DA:304,0
DA:306,0
DA:318,0
DA:320,0
DA:322,0
DA:324,0
DA:334,0
DA:337,0
DA:339,0
DA:341,0
DA:342,0
DA:344,0
DA:346,0
DA:351,0
DA:353,0
DA:355,0
DA:357,0
DA:358,0
DA:365,0
DA:366,0
DA:368,0
DA:369,0
DA:370,0
DA:371,0
DA:374,0
DA:375,0
DA:379,0
DA:383,0
DA:387,0
DA:389,0
DA:391,0
DA:392,0
DA:394,0
DA:396,0
DA:398,0
DA:403,0
DA:404,0
DA:407,0
DA:408,0
DA:409,0
DA:410,0
DA:413,0
DA:414,0
DA:426,0
DA:429,0
DA:431,0
DA:435,0
DA:437,0
DA:441,0
DA:444,1
DA:461,0
DA:468,2
DA:470,1
LF:148
LH:87
BRDA:90,0,0,6
BRDA:90,0,1,6
BRDA:93,1,0,0
BRDA:93,1,1,6
BRDA:106,2,0,3
BRDA:106,2,1,9
BRDA:110,3,0,3
BRDA:110,3,1,6
BRDA:132,4,0,0
BRDA:132,4,1,6
BRDA:136,5,0,0
BRDA:136,5,1,6
BRDA:182,6,0,6
BRDA:182,6,1,6
BRDA:188,7,0,3
BRDA:188,7,1,3
BRDA:215,8,0,0
BRDA:215,8,1,96
BRDA:220,9,0,48
BRDA:220,9,1,48
BRDA:224,10,0,48
BRDA:224,10,1,0
BRDA:225,11,0,48
BRDA:225,11,1,0
BRDA:227,12,0,72
BRDA:227,12,1,0
BRDA:252,13,0,24
BRDA:252,13,1,0
BRDA:369,14,0,0
BRDA:369,14,1,0
BRDA:374,15,0,0
BRDA:374,15,1,0
BRDA:408,16,0,0
BRDA:408,16,1,0
BRDA:413,17,0,0
BRDA:413,17,1,0
BRDA:431,18,0,0
BRDA:431,18,1,0
BRF:38
BRH:20
end_of_record
TN:
SF:src\lib\Utils.ts
FN:17,(anonymous_0)
FN:27,(anonymous_1)
FN:38,(anonymous_2)
FN:66,(anonymous_3)
FN:79,(anonymous_4)
FN:96,(anonymous_5)
FN:113,(anonymous_6)
FN:132,(anonymous_7)
FN:154,(anonymous_8)
FN:173,(anonymous_9)
FN:196,(anonymous_10)
FNF:11
FNH:11
FNDA:6,(anonymous_0)
FNDA:6,(anonymous_1)
FNDA:6,(anonymous_2)
FNDA:78,(anonymous_3)
FNDA:9,(anonymous_4)
FNDA:18,(anonymous_5)
FNDA:9,(anonymous_6)
FNDA:9,(anonymous_7)
FNDA:9,(anonymous_8)
FNDA:15,(anonymous_9)
FNDA:6,(anonymous_10)
DA:17,18
DA:18,6
DA:19,3
DA:27,6
DA:29,3
DA:38,18
DA:39,6
DA:40,3
DA:43,3
DA:44,3
DA:46,3
DA:47,6
DA:48,3
DA:51,3
DA:53,3
DA:56,3
DA:66,18
DA:67,78
DA:68,60
DA:71,18
DA:79,18
DA:80,9
DA:81,3
DA:84,6
DA:85,3
DA:88,3
DA:96,18
DA:97,18
DA:98,3
DA:101,15
DA:102,6
DA:105,9
DA:113,18
DA:114,9
DA:115,3
DA:118,6
DA:119,3
DA:122,3
DA:132,18
DA:133,9
DA:134,3
DA:137,6
DA:139,6
DA:140,3
DA:143,3
DA:154,18
DA:155,9
DA:156,3
DA:159,6
DA:160,3
DA:163,3
DA:173,18
DA:181,15
DA:183,15
DA:184,9
DA:187,6
DA:196,18
DA:197,6
DA:200,3
DA:211,6
DA:212,6
DA:213,6
DA:214,6
DA:215,6
DA:216,6
DA:217,6
DA:218,6
DA:219,6
DA:220,6
LF:69
LH:69
BRDA:18,0,0,3
BRDA:18,0,1,3
BRDA:39,1,0,3
BRDA:39,1,1,3
BRDA:47,2,0,3
BRDA:47,2,1,3
BRDA:67,3,0,60
BRDA:67,3,1,18
BRDA:80,4,0,3
BRDA:80,4,1,6
BRDA:84,5,0,3
BRDA:84,5,1,3
BRDA:97,6,0,3
BRDA:97,6,1,15
BRDA:101,7,0,6
BRDA:101,7,1,9
BRDA:114,8,0,3
BRDA:114,8,1,6
BRDA:118,9,0,3
BRDA:118,9,1,3
BRDA:133,10,0,3
BRDA:133,10,1,6
BRDA:139,11,0,3
BRDA:139,11,1,3
BRDA:155,12,0,3
BRDA:155,12,1,6
BRDA:159,13,0,3
BRDA:159,13,1,3
BRDA:183,14,0,9
BRDA:183,14,1,6
BRDA:183,15,0,15
BRDA:183,15,1,12
BRF:32
BRH:32
end_of_record
TN:
SF:src\lib\types.ts
FNF:0
FNH:0
LF:0
LH:0
BRF:0
BRH:0
end_of_record
TN:
SF:src\lib\progression\ExponentialProgression.ts
FN:33,(anonymous_0)
FN:54,(anonymous_1)
FN:60,(anonymous_2)
FN:66,(anonymous_3)
FNF:4
FNH:4
FNDA:9,(anonymous_0)
FNDA:12,(anonymous_1)
FNDA:3,(anonymous_2)
FNDA:6,(anonymous_3)
DA:4,2
DA:5,2
DA:8,6
DA:23,9
DA:24,9
DA:25,9
DA:34,9
DA:41,9
DA:42,6
DA:44,3
DA:45,3
DA:48,3
DA:55,12
DA:57,12
DA:61,3
DA:63,3
DA:67,6
DA:72,6
DA:74,2
LF:19
LH:19
BRDA:34,0,0,9
BRDA:34,0,1,9
BRF:2
BRH:2
end_of_record
TN:
SF:src\lib\progression\FibonacciProgression.ts
FN:34,(anonymous_6)
FN:81,(anonymous_7)
FN:89,(anonymous_8)
FN:95,(anonymous_9)
FN:108,(anonymous_10)
FNF:5
FNH:5
FNDA:15,(anonymous_6)
FNDA:30,(anonymous_7)
FNDA:3,(anonymous_8)
FNDA:15,(anonymous_9)
FNDA:138,(anonymous_10)
DA:4,4
DA:5,7
DA:8,9
DA:25,15
DA:26,15
DA:27,14
DA:28,11
DA:34,15
DA:43,15
DA:46,11
DA:48,12
DA:49,3
DA:51,3
DA:55,11
DA:56,5
DA:57,5
DA:60,10
DA:64,6
DA:66,10
DA:69,18
DA:71,10
DA:75,18
DA:82,21
DA:84,21
DA:86,25
DA:90,7
DA:92,4
DA:96,56
DA:97,56
DA:108,6
DA:114,92
DA:115,92
DA:122,4
DA:125,4
DA:127,4
LF:35
LH:35
BRDA:48,0,0,3
BRDA:48,0,1,9
BRDA:55,1,0,3
BRDA:55,1,1,9
BRDA:69,2,0,0
BRDA:69,2,1,12
BRDA:69,3,0,12
BRDA:69,3,1,12
BRDA:69,3,2,0
BRDA:108,4,0,27
BRDA:108,5,0,27
BRDA:116,6,0,111
BRDA:116,6,1,27
BRDA:118,7,0,12
BRDA:118,7,1,15
BRF:15
BRH:13
end_of_record
TN:
SF:src\lib\progression\LinearProgression.ts
FN:29,(anonymous_0)
FN:41,(anonymous_1)
FNF:2
FNH:2
FNDA:4,(anonymous_0)
FNDA:4,(anonymous_1)
DA:8,4
DA:23,4
DA:30,4
DA:33,4
DA:35,2
DA:42,4
DA:47,4
LF:7
LH:7
BRF:0
BRH:0
end_of_record
