TN:
SF:src\lib\Utils.ts
FN:19,(anonymous_0)
FN:33,(anonymous_1)
FN:43,(anonymous_2)
FN:54,(anonymous_3)
FN:80,(anonymous_4)
FN:97,(anonymous_5)
FN:114,(anonymous_6)
FN:133,(anonymous_7)
FN:155,(anonymous_8)
FN:174,(anonymous_9)
FN:197,(anonymous_10)
FNF:11
FNH:11
FNDA:2,(anonymous_0)
FNDA:2,(anonymous_1)
FNDA:2,(anonymous_2)
FNDA:2,(anonymous_3)
FNDA:3,(anonymous_4)
FNDA:6,(anonymous_5)
FNDA:3,(anonymous_6)
FNDA:3,(anonymous_7)
FNDA:3,(anonymous_8)
FNDA:5,(anonymous_9)
FNDA:2,(anonymous_10)
DA:19,1
DA:20,2
DA:21,1
DA:24,1
DA:33,1
DA:34,2
DA:35,1
DA:43,2
DA:45,1
DA:54,1
DA:55,2
DA:56,1
DA:59,1
DA:60,1
DA:62,1
DA:63,2
DA:64,1
DA:67,1
DA:69,1
DA:72,1
DA:80,1
DA:81,3
DA:82,1
DA:85,2
DA:86,1
DA:89,1
DA:97,1
DA:98,6
DA:99,1
DA:102,5
DA:103,2
DA:106,3
DA:114,1
DA:115,3
DA:116,1
DA:119,2
DA:120,1
DA:123,1
DA:133,1
DA:134,3
DA:135,1
DA:138,2
DA:140,2
DA:141,1
DA:144,1
DA:155,1
DA:156,3
DA:157,1
DA:160,2
DA:161,1
DA:164,1
DA:174,1
DA:182,5
DA:184,5
DA:185,3
DA:188,2
DA:197,1
DA:198,2
DA:201,1
LF:59
LH:59
BRDA:20,0,0,1
BRDA:20,0,1,1
BRDA:34,1,0,1
BRDA:34,1,1,1
BRDA:55,2,0,1
BRDA:55,2,1,1
BRDA:63,3,0,1
BRDA:63,3,1,1
BRDA:81,4,0,1
BRDA:81,4,1,2
BRDA:85,5,0,1
BRDA:85,5,1,1
BRDA:98,6,0,1
BRDA:98,6,1,5
BRDA:102,7,0,2
BRDA:102,7,1,3
BRDA:115,8,0,1
BRDA:115,8,1,2
BRDA:119,9,0,1
BRDA:119,9,1,1
BRDA:134,10,0,1
BRDA:134,10,1,2
BRDA:140,11,0,1
BRDA:140,11,1,1
BRDA:156,12,0,1
BRDA:156,12,1,2
BRDA:160,13,0,1
BRDA:160,13,1,1
BRDA:184,14,0,3
BRDA:184,14,1,2
BRDA:184,15,0,5
BRDA:184,15,1,4
BRF:32
BRH:32
end_of_record
